{"D:\\DATA\\Haktiv\\phase3\\tes\\app.js": {"path":"D:\\DATA\\Haktiv\\phase3\\tes\\app.js","statementMap":{"0":{"start":{"line":1,"column":0},"end":{"line":1,"column":70}},"1":{"start":{"line":1,"column":43},"end":{"line":1,"column":70}},"2":{"start":{"line":3,"column":16},"end":{"line":3,"column":34}},"3":{"start":{"line":4,"column":12},"end":{"line":4,"column":21}},"4":{"start":{"line":5,"column":13},"end":{"line":5,"column":37}},"5":{"start":{"line":6,"column":13},"end":{"line":6,"column":28}},"6":{"start":{"line":8,"column":15},"end":{"line":8,"column":34}},"7":{"start":{"line":9,"column":21},"end":{"line":9,"column":58}},"8":{"start":{"line":11,"column":0},"end":{"line":11,"column":16}},"9":{"start":{"line":12,"column":0},"end":{"line":12,"column":49}},"10":{"start":{"line":13,"column":0},"end":{"line":13,"column":24}},"11":{"start":{"line":14,"column":0},"end":{"line":14,"column":16}},"12":{"start":{"line":15,"column":0},"end":{"line":15,"column":21}},"13":{"start":{"line":20,"column":0},"end":{"line":20,"column":21}}},"fnMap":{},"branchMap":{"0":{"loc":{"start":{"line":1,"column":0},"end":{"line":1,"column":70}},"type":"if","locations":[{"start":{"line":1,"column":0},"end":{"line":1,"column":70}},{"start":{},"end":{}}],"line":1},"1":{"loc":{"start":{"line":5,"column":13},"end":{"line":5,"column":37}},"type":"binary-expr","locations":[{"start":{"line":5,"column":13},"end":{"line":5,"column":29}},{"start":{"line":5,"column":33},"end":{"line":5,"column":37}}],"line":5}},"s":{"0":3,"1":3,"2":3,"3":3,"4":3,"5":3,"6":3,"7":3,"8":3,"9":3,"10":3,"11":3,"12":3,"13":3},"f":{},"b":{"0":[3,0],"1":[3,3]},"_coverageSchema":"1a1c01bbd47fc00a2c39e90264f33305004495a9","hash":"3e6674fd6d2b05f5d463f5a095d1f32ad46e0a86"}
,"D:\\DATA\\Haktiv\\phase3\\tes\\controllers\\CartController.js": {"path":"D:\\DATA\\Haktiv\\phase3\\tes\\controllers\\CartController.js","statementMap":{"0":{"start":{"line":1,"column":41},"end":{"line":1,"column":61}},"1":{"start":{"line":2,"column":15},"end":{"line":2,"column":35}},"2":{"start":{"line":6,"column":4},"end":{"line":33,"column":5}},"3":{"start":{"line":7,"column":29},"end":{"line":7,"column":41}},"4":{"start":{"line":8,"column":19},"end":{"line":28,"column":8}},"5":{"start":{"line":29,"column":6},"end":{"line":29,"column":38}},"6":{"start":{"line":31,"column":6},"end":{"line":31,"column":25}},"7":{"start":{"line":32,"column":6},"end":{"line":32,"column":18}},"8":{"start":{"line":37,"column":4},"end":{"line":55,"column":5}},"9":{"start":{"line":38,"column":29},"end":{"line":38,"column":41}},"10":{"start":{"line":39,"column":38},"end":{"line":39,"column":50}},"11":{"start":{"line":40,"column":22},"end":{"line":40,"column":55}},"12":{"start":{"line":41,"column":6},"end":{"line":41,"column":72}},"13":{"start":{"line":41,"column":20},"end":{"line":41,"column":72}},"14":{"start":{"line":43,"column":22},"end":{"line":43,"column":74}},"15":{"start":{"line":44,"column":6},"end":{"line":48,"column":7}},"16":{"start":{"line":45,"column":8},"end":{"line":45,"column":113}},"17":{"start":{"line":47,"column":8},"end":{"line":47,"column":59}},"18":{"start":{"line":49,"column":6},"end":{"line":51,"column":9}},"19":{"start":{"line":53,"column":6},"end":{"line":53,"column":25}},"20":{"start":{"line":54,"column":6},"end":{"line":54,"column":18}},"21":{"start":{"line":59,"column":4},"end":{"line":66,"column":5}},"22":{"start":{"line":60,"column":21},"end":{"line":60,"column":35}},"23":{"start":{"line":61,"column":6},"end":{"line":61,"column":44}},"24":{"start":{"line":62,"column":6},"end":{"line":62,"column":97}},"25":{"start":{"line":65,"column":6},"end":{"line":65,"column":18}},"26":{"start":{"line":70,"column":4},"end":{"line":76,"column":5}},"27":{"start":{"line":71,"column":21},"end":{"line":71,"column":35}},"28":{"start":{"line":72,"column":6},"end":{"line":72,"column":62}},"29":{"start":{"line":73,"column":6},"end":{"line":73,"column":57}},"30":{"start":{"line":75,"column":6},"end":{"line":75,"column":18}},"31":{"start":{"line":80,"column":4},"end":{"line":86,"column":5}},"32":{"start":{"line":81,"column":21},"end":{"line":81,"column":35}},"33":{"start":{"line":82,"column":6},"end":{"line":82,"column":63}},"34":{"start":{"line":83,"column":6},"end":{"line":83,"column":57}},"35":{"start":{"line":85,"column":6},"end":{"line":85,"column":18}},"36":{"start":{"line":90,"column":0},"end":{"line":90,"column":32}}},"fnMap":{"0":{"name":"(anonymous_0)","decl":{"start":{"line":5,"column":2},"end":{"line":5,"column":3}},"loc":{"start":{"line":5,"column":48},"end":{"line":34,"column":3}},"line":5},"1":{"name":"(anonymous_1)","decl":{"start":{"line":36,"column":2},"end":{"line":36,"column":3}},"loc":{"start":{"line":36,"column":48},"end":{"line":56,"column":3}},"line":36},"2":{"name":"(anonymous_2)","decl":{"start":{"line":58,"column":2},"end":{"line":58,"column":3}},"loc":{"start":{"line":58,"column":51},"end":{"line":67,"column":3}},"line":58},"3":{"name":"(anonymous_3)","decl":{"start":{"line":69,"column":2},"end":{"line":69,"column":3}},"loc":{"start":{"line":69,"column":48},"end":{"line":77,"column":3}},"line":69},"4":{"name":"(anonymous_4)","decl":{"start":{"line":79,"column":2},"end":{"line":79,"column":3}},"loc":{"start":{"line":79,"column":48},"end":{"line":87,"column":3}},"line":79}},"branchMap":{"0":{"loc":{"start":{"line":41,"column":6},"end":{"line":41,"column":72}},"type":"if","locations":[{"start":{"line":41,"column":6},"end":{"line":41,"column":72}},{"start":{},"end":{}}],"line":41},"1":{"loc":{"start":{"line":44,"column":6},"end":{"line":48,"column":7}},"type":"if","locations":[{"start":{"line":44,"column":6},"end":{"line":48,"column":7}},{"start":{"line":46,"column":13},"end":{"line":48,"column":7}}],"line":44}},"s":{"0":3,"1":3,"2":0,"3":0,"4":0,"5":0,"6":0,"7":0,"8":0,"9":0,"10":0,"11":0,"12":0,"13":0,"14":0,"15":0,"16":0,"17":0,"18":0,"19":0,"20":0,"21":0,"22":0,"23":0,"24":0,"25":0,"26":0,"27":0,"28":0,"29":0,"30":0,"31":0,"32":0,"33":0,"34":0,"35":0,"36":3},"f":{"0":0,"1":0,"2":0,"3":0,"4":0},"b":{"0":[0,0],"1":[0,0]},"_coverageSchema":"1a1c01bbd47fc00a2c39e90264f33305004495a9","hash":"9a08e8dcd8e3985eee9335840cf09b750870a767"}
,"D:\\DATA\\Haktiv\\phase3\\tes\\controllers\\CategoryController.js": {"path":"D:\\DATA\\Haktiv\\phase3\\tes\\controllers\\CategoryController.js","statementMap":{"0":{"start":{"line":1,"column":21},"end":{"line":1,"column":41}},"1":{"start":{"line":5,"column":4},"end":{"line":10,"column":5}},"2":{"start":{"line":6,"column":25},"end":{"line":6,"column":49}},"3":{"start":{"line":7,"column":6},"end":{"line":7,"column":44}},"4":{"start":{"line":9,"column":6},"end":{"line":9,"column":18}},"5":{"start":{"line":14,"column":0},"end":{"line":14,"column":36}}},"fnMap":{"0":{"name":"(anonymous_0)","decl":{"start":{"line":4,"column":2},"end":{"line":4,"column":3}},"loc":{"start":{"line":4,"column":56},"end":{"line":11,"column":3}},"line":4}},"branchMap":{},"s":{"0":3,"1":1,"2":1,"3":1,"4":0,"5":3},"f":{"0":1},"b":{},"_coverageSchema":"1a1c01bbd47fc00a2c39e90264f33305004495a9","hash":"543445d07ba096e73fd136c11b1e27833640d03b"}
,"D:\\DATA\\Haktiv\\phase3\\tes\\controllers\\ProductController.js": {"path":"D:\\DATA\\Haktiv\\phase3\\tes\\controllers\\ProductController.js","statementMap":{"0":{"start":{"line":9,"column":4},"end":{"line":9,"column":24}},"1":{"start":{"line":10,"column":15},"end":{"line":10,"column":35}},"2":{"start":{"line":14,"column":4},"end":{"line":47,"column":5}},"3":{"start":{"line":15,"column":22},"end":{"line":15,"column":35}},"4":{"start":{"line":16,"column":22},"end":{"line":35,"column":7}},"5":{"start":{"line":36,"column":6},"end":{"line":42,"column":7}},"6":{"start":{"line":37,"column":8},"end":{"line":41,"column":10}},"7":{"start":{"line":43,"column":23},"end":{"line":43,"column":53}},"8":{"start":{"line":44,"column":6},"end":{"line":44,"column":42}},"9":{"start":{"line":46,"column":6},"end":{"line":46,"column":18}},"10":{"start":{"line":51,"column":4},"end":{"line":84,"column":5}},"11":{"start":{"line":52,"column":21},"end":{"line":52,"column":35}},"12":{"start":{"line":53,"column":22},"end":{"line":79,"column":8}},"13":{"start":{"line":80,"column":6},"end":{"line":80,"column":72}},"14":{"start":{"line":80,"column":20},"end":{"line":80,"column":72}},"15":{"start":{"line":81,"column":6},"end":{"line":81,"column":41}},"16":{"start":{"line":83,"column":6},"end":{"line":83,"column":18}},"17":{"start":{"line":88,"column":23},"end":{"line":88,"column":35}},"18":{"start":{"line":89,"column":4},"end":{"line":89,"column":24}},"19":{"start":{"line":90,"column":4},"end":{"line":102,"column":5}},"20":{"start":{"line":91,"column":19},"end":{"line":97,"column":8}},"21":{"start":{"line":98,"column":6},"end":{"line":98,"column":38}},"22":{"start":{"line":100,"column":6},"end":{"line":100,"column":25}},"23":{"start":{"line":101,"column":6},"end":{"line":101,"column":18}},"24":{"start":{"line":106,"column":4},"end":{"line":133,"column":5}},"25":{"start":{"line":107,"column":22},"end":{"line":128,"column":7}},"26":{"start":{"line":129,"column":23},"end":{"line":129,"column":53}},"27":{"start":{"line":130,"column":6},"end":{"line":130,"column":42}},"28":{"start":{"line":132,"column":6},"end":{"line":132,"column":18}},"29":{"start":{"line":137,"column":4},"end":{"line":164,"column":5}},"30":{"start":{"line":138,"column":29},"end":{"line":138,"column":41}},"31":{"start":{"line":139,"column":22},"end":{"line":159,"column":7}},"32":{"start":{"line":160,"column":23},"end":{"line":160,"column":53}},"33":{"start":{"line":161,"column":6},"end":{"line":161,"column":42}},"34":{"start":{"line":163,"column":6},"end":{"line":163,"column":18}},"35":{"start":{"line":168,"column":14},"end":{"line":168,"column":43}},"36":{"start":{"line":169,"column":4},"end":{"line":217,"column":5}},"37":{"start":{"line":170,"column":31},"end":{"line":170,"column":43}},"38":{"start":{"line":184,"column":10},"end":{"line":184,"column":22}},"39":{"start":{"line":186,"column":25},"end":{"line":200,"column":7}},"40":{"start":{"line":202,"column":6},"end":{"line":208,"column":7}},"41":{"start":{"line":203,"column":23},"end":{"line":203,"column":71}},"42":{"start":{"line":203,"column":62},"end":{"line":203,"column":70}},"43":{"start":{"line":204,"column":8},"end":{"line":207,"column":9}},"44":{"start":{"line":205,"column":10},"end":{"line":205,"column":63}},"45":{"start":{"line":205,"column":33},"end":{"line":205,"column":60}},"46":{"start":{"line":206,"column":10},"end":{"line":206,"column":61}},"47":{"start":{"line":209,"column":6},"end":{"line":209,"column":23}},"48":{"start":{"line":210,"column":6},"end":{"line":212,"column":66}},"49":{"start":{"line":214,"column":6},"end":{"line":214,"column":25}},"50":{"start":{"line":215,"column":6},"end":{"line":215,"column":25}},"51":{"start":{"line":216,"column":6},"end":{"line":216,"column":18}},"52":{"start":{"line":221,"column":14},"end":{"line":221,"column":43}},"53":{"start":{"line":222,"column":4},"end":{"line":283,"column":5}},"54":{"start":{"line":223,"column":32},"end":{"line":223,"column":46}},"55":{"start":{"line":237,"column":10},"end":{"line":237,"column":22}},"56":{"start":{"line":238,"column":6},"end":{"line":251,"column":8}},"57":{"start":{"line":253,"column":23},"end":{"line":255,"column":7}},"58":{"start":{"line":254,"column":15},"end":{"line":254,"column":32}},"59":{"start":{"line":256,"column":6},"end":{"line":256,"column":47}},"60":{"start":{"line":256,"column":41},"end":{"line":256,"column":45}},"61":{"start":{"line":257,"column":22},"end":{"line":257,"column":70}},"62":{"start":{"line":257,"column":61},"end":{"line":257,"column":69}},"63":{"start":{"line":258,"column":6},"end":{"line":258,"column":58}},"64":{"start":{"line":258,"column":32},"end":{"line":258,"column":55}},"65":{"start":{"line":260,"column":6},"end":{"line":264,"column":11}},"66":{"start":{"line":261,"column":8},"end":{"line":264,"column":11}},"67":{"start":{"line":266,"column":6},"end":{"line":273,"column":7}},"68":{"start":{"line":267,"column":8},"end":{"line":272,"column":29}},"69":{"start":{"line":275,"column":6},"end":{"line":275,"column":23}},"70":{"start":{"line":276,"column":6},"end":{"line":278,"column":68}},"71":{"start":{"line":280,"column":6},"end":{"line":280,"column":25}},"72":{"start":{"line":281,"column":6},"end":{"line":281,"column":25}},"73":{"start":{"line":282,"column":6},"end":{"line":282,"column":18}},"74":{"start":{"line":287,"column":4},"end":{"line":295,"column":5}},"75":{"start":{"line":288,"column":32},"end":{"line":288,"column":46}},"76":{"start":{"line":289,"column":6},"end":{"line":289,"column":71}},"77":{"start":{"line":290,"column":6},"end":{"line":292,"column":68}},"78":{"start":{"line":294,"column":6},"end":{"line":294,"column":18}},"79":{"start":{"line":299,"column":0},"end":{"line":299,"column":35}}},"fnMap":{"0":{"name":"(anonymous_0)","decl":{"start":{"line":13,"column":2},"end":{"line":13,"column":3}},"loc":{"start":{"line":13,"column":54},"end":{"line":48,"column":3}},"line":13},"1":{"name":"(anonymous_1)","decl":{"start":{"line":50,"column":2},"end":{"line":50,"column":3}},"loc":{"start":{"line":50,"column":53},"end":{"line":85,"column":3}},"line":50},"2":{"name":"(anonymous_2)","decl":{"start":{"line":87,"column":2},"end":{"line":87,"column":3}},"loc":{"start":{"line":87,"column":60},"end":{"line":103,"column":3}},"line":87},"3":{"name":"(anonymous_3)","decl":{"start":{"line":105,"column":2},"end":{"line":105,"column":3}},"loc":{"start":{"line":105,"column":60},"end":{"line":134,"column":3}},"line":105},"4":{"name":"(anonymous_4)","decl":{"start":{"line":136,"column":2},"end":{"line":136,"column":3}},"loc":{"start":{"line":136,"column":58},"end":{"line":165,"column":3}},"line":136},"5":{"name":"(anonymous_5)","decl":{"start":{"line":167,"column":2},"end":{"line":167,"column":3}},"loc":{"start":{"line":167,"column":54},"end":{"line":218,"column":3}},"line":167},"6":{"name":"(anonymous_6)","decl":{"start":{"line":203,"column":55},"end":{"line":203,"column":56}},"loc":{"start":{"line":203,"column":62},"end":{"line":203,"column":70}},"line":203},"7":{"name":"(anonymous_7)","decl":{"start":{"line":205,"column":25},"end":{"line":205,"column":26}},"loc":{"start":{"line":205,"column":33},"end":{"line":205,"column":60}},"line":205},"8":{"name":"(anonymous_8)","decl":{"start":{"line":220,"column":2},"end":{"line":220,"column":3}},"loc":{"start":{"line":220,"column":54},"end":{"line":284,"column":3}},"line":220},"9":{"name":"(anonymous_9)","decl":{"start":{"line":254,"column":8},"end":{"line":254,"column":9}},"loc":{"start":{"line":254,"column":15},"end":{"line":254,"column":32}},"line":254},"10":{"name":"(anonymous_10)","decl":{"start":{"line":256,"column":34},"end":{"line":256,"column":35}},"loc":{"start":{"line":256,"column":41},"end":{"line":256,"column":45}},"line":256},"11":{"name":"(anonymous_11)","decl":{"start":{"line":257,"column":54},"end":{"line":257,"column":55}},"loc":{"start":{"line":257,"column":61},"end":{"line":257,"column":69}},"line":257},"12":{"name":"(anonymous_12)","decl":{"start":{"line":258,"column":24},"end":{"line":258,"column":25}},"loc":{"start":{"line":258,"column":32},"end":{"line":258,"column":55}},"line":258},"13":{"name":"(anonymous_13)","decl":{"start":{"line":286,"column":2},"end":{"line":286,"column":3}},"loc":{"start":{"line":286,"column":54},"end":{"line":296,"column":3}},"line":286}},"branchMap":{"0":{"loc":{"start":{"line":36,"column":6},"end":{"line":42,"column":7}},"type":"if","locations":[{"start":{"line":36,"column":6},"end":{"line":42,"column":7}},{"start":{},"end":{}}],"line":36},"1":{"loc":{"start":{"line":80,"column":6},"end":{"line":80,"column":72}},"type":"if","locations":[{"start":{"line":80,"column":6},"end":{"line":80,"column":72}},{"start":{},"end":{}}],"line":80},"2":{"loc":{"start":{"line":202,"column":6},"end":{"line":208,"column":7}},"type":"if","locations":[{"start":{"line":202,"column":6},"end":{"line":208,"column":7}},{"start":{},"end":{}}],"line":202},"3":{"loc":{"start":{"line":202,"column":10},"end":{"line":202,"column":36}},"type":"binary-expr","locations":[{"start":{"line":202,"column":10},"end":{"line":202,"column":16}},{"start":{"line":202,"column":20},"end":{"line":202,"column":26}},{"start":{"line":202,"column":30},"end":{"line":202,"column":36}}],"line":202},"4":{"loc":{"start":{"line":204,"column":8},"end":{"line":207,"column":9}},"type":"if","locations":[{"start":{"line":204,"column":8},"end":{"line":207,"column":9}},{"start":{},"end":{}}],"line":204},"5":{"loc":{"start":{"line":254,"column":15},"end":{"line":254,"column":32}},"type":"binary-expr","locations":[{"start":{"line":254,"column":15},"end":{"line":254,"column":24}},{"start":{"line":254,"column":28},"end":{"line":254,"column":32}}],"line":254},"6":{"loc":{"start":{"line":260,"column":6},"end":{"line":264,"column":11}},"type":"if","locations":[{"start":{"line":260,"column":6},"end":{"line":264,"column":11}},{"start":{},"end":{}}],"line":260},"7":{"loc":{"start":{"line":266,"column":6},"end":{"line":273,"column":7}},"type":"if","locations":[{"start":{"line":266,"column":6},"end":{"line":273,"column":7}},{"start":{},"end":{}}],"line":266}},"s":{"0":3,"1":3,"2":2,"3":2,"4":2,"5":2,"6":1,"7":2,"8":2,"9":0,"10":2,"11":2,"12":2,"13":2,"14":1,"15":1,"16":1,"17":1,"18":1,"19":1,"20":1,"21":1,"22":0,"23":0,"24":1,"25":1,"26":1,"27":1,"28":0,"29":1,"30":1,"31":1,"32":1,"33":1,"34":0,"35":2,"36":2,"37":2,"38":2,"39":2,"40":1,"41":0,"42":0,"43":0,"44":0,"45":0,"46":0,"47":1,"48":1,"49":1,"50":1,"51":1,"52":0,"53":0,"54":0,"55":0,"56":0,"57":0,"58":0,"59":0,"60":0,"61":0,"62":0,"63":0,"64":0,"65":0,"66":0,"67":0,"68":0,"69":0,"70":0,"71":0,"72":0,"73":0,"74":1,"75":1,"76":1,"77":1,"78":0,"79":3},"f":{"0":2,"1":2,"2":1,"3":1,"4":1,"5":2,"6":0,"7":0,"8":0,"9":0,"10":0,"11":0,"12":0,"13":1},"b":{"0":[1,1],"1":[1,1],"2":[0,1],"3":[1,1,1],"4":[0,0],"5":[0,0],"6":[0,0],"7":[0,0]},"_coverageSchema":"1a1c01bbd47fc00a2c39e90264f33305004495a9","hash":"7f84aa52976c24dd7fd51a5cc56936afbdac8a9f"}
,"D:\\DATA\\Haktiv\\phase3\\tes\\controllers\\SubCategoryController.js": {"path":"D:\\DATA\\Haktiv\\phase3\\tes\\controllers\\SubCategoryController.js","statementMap":{"0":{"start":{"line":1,"column":45},"end":{"line":1,"column":65}},"1":{"start":{"line":2,"column":15},"end":{"line":2,"column":35}},"2":{"start":{"line":6,"column":4},"end":{"line":17,"column":5}},"3":{"start":{"line":7,"column":28},"end":{"line":12,"column":8}},"4":{"start":{"line":13,"column":6},"end":{"line":13,"column":47}},"5":{"start":{"line":15,"column":6},"end":{"line":15,"column":25}},"6":{"start":{"line":16,"column":6},"end":{"line":16,"column":18}},"7":{"start":{"line":21,"column":4},"end":{"line":33,"column":5}},"8":{"start":{"line":22,"column":21},"end":{"line":22,"column":35}},"9":{"start":{"line":23,"column":26},"end":{"line":28,"column":8}},"10":{"start":{"line":29,"column":6},"end":{"line":29,"column":45}},"11":{"start":{"line":31,"column":6},"end":{"line":31,"column":25}},"12":{"start":{"line":32,"column":6},"end":{"line":32,"column":18}},"13":{"start":{"line":37,"column":4},"end":{"line":43,"column":5}},"14":{"start":{"line":38,"column":35},"end":{"line":38,"column":47}},"15":{"start":{"line":39,"column":6},"end":{"line":39,"column":53}},"16":{"start":{"line":40,"column":6},"end":{"line":40,"column":89}},"17":{"start":{"line":42,"column":6},"end":{"line":42,"column":18}},"18":{"start":{"line":47,"column":4},"end":{"line":56,"column":5}},"19":{"start":{"line":48,"column":21},"end":{"line":48,"column":35}},"20":{"start":{"line":49,"column":35},"end":{"line":49,"column":47}},"21":{"start":{"line":50,"column":21},"end":{"line":50,"column":51}},"22":{"start":{"line":51,"column":6},"end":{"line":51,"column":76}},"23":{"start":{"line":51,"column":19},"end":{"line":51,"column":76}},"24":{"start":{"line":52,"column":6},"end":{"line":52,"column":89}},"25":{"start":{"line":53,"column":6},"end":{"line":53,"column":92}},"26":{"start":{"line":55,"column":6},"end":{"line":55,"column":18}},"27":{"start":{"line":60,"column":4},"end":{"line":68,"column":5}},"28":{"start":{"line":61,"column":21},"end":{"line":61,"column":35}},"29":{"start":{"line":62,"column":21},"end":{"line":62,"column":51}},"30":{"start":{"line":63,"column":6},"end":{"line":63,"column":77}},"31":{"start":{"line":63,"column":19},"end":{"line":63,"column":77}},"32":{"start":{"line":64,"column":6},"end":{"line":64,"column":68}},"33":{"start":{"line":65,"column":6},"end":{"line":65,"column":91}},"34":{"start":{"line":67,"column":6},"end":{"line":67,"column":18}},"35":{"start":{"line":72,"column":0},"end":{"line":72,"column":39}}},"fnMap":{"0":{"name":"(anonymous_0)","decl":{"start":{"line":5,"column":2},"end":{"line":5,"column":3}},"loc":{"start":{"line":5,"column":59},"end":{"line":18,"column":3}},"line":5},"1":{"name":"(anonymous_1)","decl":{"start":{"line":20,"column":2},"end":{"line":20,"column":3}},"loc":{"start":{"line":20,"column":57},"end":{"line":34,"column":3}},"line":20},"2":{"name":"(anonymous_2)","decl":{"start":{"line":36,"column":2},"end":{"line":36,"column":3}},"loc":{"start":{"line":36,"column":60},"end":{"line":44,"column":3}},"line":36},"3":{"name":"(anonymous_3)","decl":{"start":{"line":46,"column":2},"end":{"line":46,"column":3}},"loc":{"start":{"line":46,"column":58},"end":{"line":57,"column":3}},"line":46},"4":{"name":"(anonymous_4)","decl":{"start":{"line":59,"column":2},"end":{"line":59,"column":3}},"loc":{"start":{"line":59,"column":58},"end":{"line":69,"column":3}},"line":59}},"branchMap":{"0":{"loc":{"start":{"line":51,"column":6},"end":{"line":51,"column":76}},"type":"if","locations":[{"start":{"line":51,"column":6},"end":{"line":51,"column":76}},{"start":{},"end":{}}],"line":51},"1":{"loc":{"start":{"line":63,"column":6},"end":{"line":63,"column":77}},"type":"if","locations":[{"start":{"line":63,"column":6},"end":{"line":63,"column":77}},{"start":{},"end":{}}],"line":63}},"s":{"0":3,"1":3,"2":1,"3":1,"4":1,"5":0,"6":0,"7":1,"8":1,"9":1,"10":1,"11":0,"12":0,"13":1,"14":1,"15":1,"16":1,"17":0,"18":0,"19":0,"20":0,"21":0,"22":0,"23":0,"24":0,"25":0,"26":0,"27":0,"28":0,"29":0,"30":0,"31":0,"32":0,"33":0,"34":0,"35":3},"f":{"0":1,"1":1,"2":1,"3":0,"4":0},"b":{"0":[0,0],"1":[0,0]},"_coverageSchema":"1a1c01bbd47fc00a2c39e90264f33305004495a9","hash":"d50c1d6397a47839fddaccc853ef084adc077a29"}
,"D:\\DATA\\Haktiv\\phase3\\tes\\controllers\\UserController.js": {"path":"D:\\DATA\\Haktiv\\phase3\\tes\\controllers\\UserController.js","statementMap":{"0":{"start":{"line":1,"column":31},"end":{"line":1,"column":52}},"1":{"start":{"line":2,"column":37},"end":{"line":2,"column":57}},"2":{"start":{"line":3,"column":15},"end":{"line":3,"column":35}},"3":{"start":{"line":7,"column":4},"end":{"line":14,"column":5}},"4":{"start":{"line":8,"column":20},"end":{"line":10,"column":8}},"5":{"start":{"line":11,"column":6},"end":{"line":11,"column":39}},"6":{"start":{"line":13,"column":6},"end":{"line":13,"column":18}},"7":{"start":{"line":18,"column":4},"end":{"line":31,"column":5}},"8":{"start":{"line":19,"column":21},"end":{"line":19,"column":35}},"9":{"start":{"line":20,"column":20},"end":{"line":25,"column":8}},"10":{"start":{"line":26,"column":6},"end":{"line":26,"column":68}},"11":{"start":{"line":26,"column":18},"end":{"line":26,"column":68}},"12":{"start":{"line":27,"column":6},"end":{"line":27,"column":39}},"13":{"start":{"line":29,"column":6},"end":{"line":29,"column":25}},"14":{"start":{"line":30,"column":6},"end":{"line":30,"column":18}},"15":{"start":{"line":35,"column":4},"end":{"line":42,"column":5}},"16":{"start":{"line":36,"column":56},"end":{"line":36,"column":68}},"17":{"start":{"line":37,"column":6},"end":{"line":37,"column":81}},"18":{"start":{"line":38,"column":6},"end":{"line":38,"column":85}},"19":{"start":{"line":40,"column":6},"end":{"line":40,"column":25}},"20":{"start":{"line":41,"column":6},"end":{"line":41,"column":18}},"21":{"start":{"line":46,"column":4},"end":{"line":105,"column":5}},"22":{"start":{"line":47,"column":34},"end":{"line":47,"column":46}},"23":{"start":{"line":48,"column":6},"end":{"line":82,"column":7}},"24":{"start":{"line":49,"column":8},"end":{"line":61,"column":9}},"25":{"start":{"line":62,"column":13},"end":{"line":82,"column":7}},"26":{"start":{"line":63,"column":8},"end":{"line":71,"column":9}},"27":{"start":{"line":72,"column":13},"end":{"line":82,"column":7}},"28":{"start":{"line":73,"column":8},"end":{"line":81,"column":9}},"29":{"start":{"line":84,"column":17},"end":{"line":90,"column":8}},"30":{"start":{"line":91,"column":6},"end":{"line":91,"column":79}},"31":{"start":{"line":91,"column":17},"end":{"line":91,"column":79}},"32":{"start":{"line":93,"column":28},"end":{"line":93,"column":62}},"33":{"start":{"line":94,"column":6},"end":{"line":94,"column":88}},"34":{"start":{"line":94,"column":26},"end":{"line":94,"column":88}},"35":{"start":{"line":96,"column":6},"end":{"line":96,"column":27}},"36":{"start":{"line":97,"column":20},"end":{"line":97,"column":61}},"37":{"start":{"line":98,"column":6},"end":{"line":101,"column":9}},"38":{"start":{"line":103,"column":6},"end":{"line":103,"column":25}},"39":{"start":{"line":104,"column":6},"end":{"line":104,"column":18}},"40":{"start":{"line":109,"column":4},"end":{"line":120,"column":5}},"41":{"start":{"line":110,"column":21},"end":{"line":110,"column":33}},"42":{"start":{"line":111,"column":19},"end":{"line":111,"column":64}},"43":{"start":{"line":112,"column":6},"end":{"line":112,"column":67}},"44":{"start":{"line":112,"column":17},"end":{"line":112,"column":67}},"45":{"start":{"line":113,"column":17},"end":{"line":113,"column":22}},"46":{"start":{"line":114,"column":6},"end":{"line":114,"column":45}},"47":{"start":{"line":114,"column":33},"end":{"line":114,"column":45}},"48":{"start":{"line":115,"column":67},"end":{"line":115,"column":79}},"49":{"start":{"line":116,"column":6},"end":{"line":116,"column":108}},"50":{"start":{"line":117,"column":6},"end":{"line":117,"column":85}},"51":{"start":{"line":119,"column":6},"end":{"line":119,"column":18}},"52":{"start":{"line":124,"column":0},"end":{"line":124,"column":32}}},"fnMap":{"0":{"name":"(anonymous_0)","decl":{"start":{"line":6,"column":2},"end":{"line":6,"column":3}},"loc":{"start":{"line":6,"column":46},"end":{"line":15,"column":3}},"line":6},"1":{"name":"(anonymous_1)","decl":{"start":{"line":17,"column":2},"end":{"line":17,"column":3}},"loc":{"start":{"line":17,"column":45},"end":{"line":32,"column":3}},"line":17},"2":{"name":"(anonymous_2)","decl":{"start":{"line":34,"column":2},"end":{"line":34,"column":3}},"loc":{"start":{"line":34,"column":49},"end":{"line":43,"column":3}},"line":34},"3":{"name":"(anonymous_3)","decl":{"start":{"line":45,"column":2},"end":{"line":45,"column":3}},"loc":{"start":{"line":45,"column":46},"end":{"line":106,"column":3}},"line":45},"4":{"name":"(anonymous_4)","decl":{"start":{"line":108,"column":2},"end":{"line":108,"column":3}},"loc":{"start":{"line":108,"column":51},"end":{"line":121,"column":3}},"line":108}},"branchMap":{"0":{"loc":{"start":{"line":26,"column":6},"end":{"line":26,"column":68}},"type":"if","locations":[{"start":{"line":26,"column":6},"end":{"line":26,"column":68}},{"start":{},"end":{}}],"line":26},"1":{"loc":{"start":{"line":48,"column":6},"end":{"line":82,"column":7}},"type":"if","locations":[{"start":{"line":48,"column":6},"end":{"line":82,"column":7}},{"start":{"line":62,"column":13},"end":{"line":82,"column":7}}],"line":48},"2":{"loc":{"start":{"line":48,"column":10},"end":{"line":48,"column":29}},"type":"binary-expr","locations":[{"start":{"line":48,"column":10},"end":{"line":48,"column":16}},{"start":{"line":48,"column":20},"end":{"line":48,"column":29}}],"line":48},"3":{"loc":{"start":{"line":62,"column":13},"end":{"line":82,"column":7}},"type":"if","locations":[{"start":{"line":62,"column":13},"end":{"line":82,"column":7}},{"start":{"line":72,"column":13},"end":{"line":82,"column":7}}],"line":62},"4":{"loc":{"start":{"line":62,"column":17},"end":{"line":62,"column":35}},"type":"binary-expr","locations":[{"start":{"line":62,"column":17},"end":{"line":62,"column":23}},{"start":{"line":62,"column":27},"end":{"line":62,"column":35}}],"line":62},"5":{"loc":{"start":{"line":72,"column":13},"end":{"line":82,"column":7}},"type":"if","locations":[{"start":{"line":72,"column":13},"end":{"line":82,"column":7}},{"start":{},"end":{}}],"line":72},"6":{"loc":{"start":{"line":72,"column":17},"end":{"line":72,"column":35}},"type":"binary-expr","locations":[{"start":{"line":72,"column":17},"end":{"line":72,"column":22}},{"start":{"line":72,"column":26},"end":{"line":72,"column":35}}],"line":72},"7":{"loc":{"start":{"line":91,"column":6},"end":{"line":91,"column":79}},"type":"if","locations":[{"start":{"line":91,"column":6},"end":{"line":91,"column":79}},{"start":{},"end":{}}],"line":91},"8":{"loc":{"start":{"line":94,"column":6},"end":{"line":94,"column":88}},"type":"if","locations":[{"start":{"line":94,"column":6},"end":{"line":94,"column":88}},{"start":{},"end":{}}],"line":94},"9":{"loc":{"start":{"line":112,"column":6},"end":{"line":112,"column":67}},"type":"if","locations":[{"start":{"line":112,"column":6},"end":{"line":112,"column":67}},{"start":{},"end":{}}],"line":112},"10":{"loc":{"start":{"line":114,"column":6},"end":{"line":114,"column":45}},"type":"if","locations":[{"start":{"line":114,"column":6},"end":{"line":114,"column":45}},{"start":{},"end":{}}],"line":114}},"s":{"0":3,"1":3,"2":3,"3":0,"4":0,"5":0,"6":0,"7":0,"8":0,"9":0,"10":0,"11":0,"12":0,"13":0,"14":0,"15":0,"16":0,"17":0,"18":0,"19":0,"20":0,"21":0,"22":0,"23":0,"24":0,"25":0,"26":0,"27":0,"28":0,"29":0,"30":0,"31":0,"32":0,"33":0,"34":0,"35":0,"36":0,"37":0,"38":0,"39":0,"40":0,"41":0,"42":0,"43":0,"44":0,"45":0,"46":0,"47":0,"48":0,"49":0,"50":0,"51":0,"52":3},"f":{"0":0,"1":0,"2":0,"3":0,"4":0},"b":{"0":[0,0],"1":[0,0],"2":[0,0],"3":[0,0],"4":[0,0],"5":[0,0],"6":[0,0],"7":[0,0],"8":[0,0],"9":[0,0],"10":[0,0]},"_coverageSchema":"1a1c01bbd47fc00a2c39e90264f33305004495a9","hash":"c69919a2912ff2ab5fbd3ea039b68c56fc6a9b54"}
,"D:\\DATA\\Haktiv\\phase3\\tes\\helpers\\index.js": {"path":"D:\\DATA\\Haktiv\\phase3\\tes\\helpers\\index.js","statementMap":{"0":{"start":{"line":1,"column":15},"end":{"line":1,"column":32}},"1":{"start":{"line":2,"column":12},"end":{"line":2,"column":35}},"2":{"start":{"line":3,"column":15},"end":{"line":5,"column":1}},"3":{"start":{"line":4,"column":2},"end":{"line":4,"column":53}},"4":{"start":{"line":7,"column":18},"end":{"line":9,"column":1}},"5":{"start":{"line":8,"column":2},"end":{"line":8,"column":47}},"6":{"start":{"line":11,"column":16},"end":{"line":13,"column":1}},"7":{"start":{"line":12,"column":2},"end":{"line":12,"column":50}},"8":{"start":{"line":15,"column":18},"end":{"line":17,"column":1}},"9":{"start":{"line":16,"column":2},"end":{"line":16,"column":53}},"10":{"start":{"line":19,"column":16},"end":{"line":36,"column":1}},"11":{"start":{"line":20,"column":15},"end":{"line":29,"column":4}},"12":{"start":{"line":31,"column":2},"end":{"line":33,"column":5}},"13":{"start":{"line":35,"column":2},"end":{"line":35,"column":14}},"14":{"start":{"line":38,"column":0},"end":{"line":38,"column":68}}},"fnMap":{"0":{"name":"(anonymous_0)","decl":{"start":{"line":3,"column":15},"end":{"line":3,"column":16}},"loc":{"start":{"line":3,"column":23},"end":{"line":5,"column":1}},"line":3},"1":{"name":"(anonymous_1)","decl":{"start":{"line":7,"column":18},"end":{"line":7,"column":19}},"loc":{"start":{"line":7,"column":41},"end":{"line":9,"column":1}},"line":7},"2":{"name":"(anonymous_2)","decl":{"start":{"line":11,"column":16},"end":{"line":11,"column":17}},"loc":{"start":{"line":11,"column":32},"end":{"line":13,"column":1}},"line":11},"3":{"name":"(anonymous_3)","decl":{"start":{"line":15,"column":18},"end":{"line":15,"column":19}},"loc":{"start":{"line":15,"column":35},"end":{"line":17,"column":1}},"line":15},"4":{"name":"(anonymous_4)","decl":{"start":{"line":19,"column":16},"end":{"line":19,"column":17}},"loc":{"start":{"line":19,"column":42},"end":{"line":36,"column":1}},"line":19}},"branchMap":{},"s":{"0":3,"1":3,"2":3,"3":0,"4":3,"5":0,"6":3,"7":0,"8":3,"9":5,"10":3,"11":0,"12":0,"13":0,"14":3},"f":{"0":0,"1":0,"2":0,"3":5,"4":0},"b":{},"_coverageSchema":"1a1c01bbd47fc00a2c39e90264f33305004495a9","hash":"cb351e82ce4fa2e1559e1fc9eecf0146a6baeae1"}
,"D:\\DATA\\Haktiv\\phase3\\tes\\middlewares\\authentication.js": {"path":"D:\\DATA\\Haktiv\\phase3\\tes\\middlewares\\authentication.js","statementMap":{"0":{"start":{"line":1,"column":22},"end":{"line":1,"column":43}},"1":{"start":{"line":2,"column":17},"end":{"line":2,"column":37}},"2":{"start":{"line":4,"column":0},"end":{"line":15,"column":2}},"3":{"start":{"line":5,"column":2},"end":{"line":14,"column":3}},"4":{"start":{"line":6,"column":29},"end":{"line":6,"column":44}},"5":{"start":{"line":7,"column":4},"end":{"line":7,"column":71}},"6":{"start":{"line":7,"column":23},"end":{"line":7,"column":71}},"7":{"start":{"line":8,"column":20},"end":{"line":8,"column":43}},"8":{"start":{"line":9,"column":17},"end":{"line":9,"column":49}},"9":{"start":{"line":10,"column":4},"end":{"line":10,"column":52}},"10":{"start":{"line":11,"column":4},"end":{"line":11,"column":11}},"11":{"start":{"line":13,"column":4},"end":{"line":13,"column":17}}},"fnMap":{"0":{"name":"(anonymous_0)","decl":{"start":{"line":4,"column":17},"end":{"line":4,"column":18}},"loc":{"start":{"line":4,"column":52},"end":{"line":15,"column":1}},"line":4}},"branchMap":{"0":{"loc":{"start":{"line":7,"column":4},"end":{"line":7,"column":71}},"type":"if","locations":[{"start":{"line":7,"column":4},"end":{"line":7,"column":71}},{"start":{},"end":{}}],"line":7}},"s":{"0":3,"1":3,"2":3,"3":8,"4":8,"5":8,"6":3,"7":5,"8":5,"9":5,"10":5,"11":3},"f":{"0":8},"b":{"0":[3,5]},"_coverageSchema":"1a1c01bbd47fc00a2c39e90264f33305004495a9","hash":"e63627c9f003ba0c6d73a25319361acd1582bd38"}
,"D:\\DATA\\Haktiv\\phase3\\tes\\middlewares\\authorizationCart.js": {"path":"D:\\DATA\\Haktiv\\phase3\\tes\\middlewares\\authorizationCart.js","statementMap":{"0":{"start":{"line":1,"column":17},"end":{"line":1,"column":37}},"1":{"start":{"line":3,"column":0},"end":{"line":14,"column":2}},"2":{"start":{"line":4,"column":2},"end":{"line":13,"column":3}},"3":{"start":{"line":5,"column":19},"end":{"line":5,"column":31}},"4":{"start":{"line":6,"column":27},"end":{"line":6,"column":41}},"5":{"start":{"line":7,"column":17},"end":{"line":7,"column":44}},"6":{"start":{"line":8,"column":4},"end":{"line":8,"column":70}},"7":{"start":{"line":8,"column":15},"end":{"line":8,"column":70}},"8":{"start":{"line":9,"column":4},"end":{"line":9,"column":114}},"9":{"start":{"line":9,"column":30},"end":{"line":9,"column":114}},"10":{"start":{"line":10,"column":4},"end":{"line":10,"column":11}},"11":{"start":{"line":12,"column":4},"end":{"line":12,"column":17}}},"fnMap":{"0":{"name":"(anonymous_0)","decl":{"start":{"line":3,"column":17},"end":{"line":3,"column":18}},"loc":{"start":{"line":3,"column":52},"end":{"line":14,"column":1}},"line":3}},"branchMap":{"0":{"loc":{"start":{"line":8,"column":4},"end":{"line":8,"column":70}},"type":"if","locations":[{"start":{"line":8,"column":4},"end":{"line":8,"column":70}},{"start":{},"end":{}}],"line":8},"1":{"loc":{"start":{"line":9,"column":4},"end":{"line":9,"column":114}},"type":"if","locations":[{"start":{"line":9,"column":4},"end":{"line":9,"column":114}},{"start":{},"end":{}}],"line":9}},"s":{"0":3,"1":3,"2":0,"3":0,"4":0,"5":0,"6":0,"7":0,"8":0,"9":0,"10":0,"11":0},"f":{"0":0},"b":{"0":[0,0],"1":[0,0]},"_coverageSchema":"1a1c01bbd47fc00a2c39e90264f33305004495a9","hash":"ab5a77af0ef384a8a4af9398e0f965ae9321eade"}
,"D:\\DATA\\Haktiv\\phase3\\tes\\middlewares\\authorizationProduct.js": {"path":"D:\\DATA\\Haktiv\\phase3\\tes\\middlewares\\authorizationProduct.js","statementMap":{"0":{"start":{"line":1,"column":26},"end":{"line":1,"column":46}},"1":{"start":{"line":3,"column":0},"end":{"line":14,"column":2}},"2":{"start":{"line":4,"column":2},"end":{"line":13,"column":3}},"3":{"start":{"line":5,"column":19},"end":{"line":5,"column":31}},"4":{"start":{"line":6,"column":30},"end":{"line":6,"column":44}},"5":{"start":{"line":7,"column":20},"end":{"line":7,"column":53}},"6":{"start":{"line":8,"column":4},"end":{"line":8,"column":76}},"7":{"start":{"line":8,"column":18},"end":{"line":8,"column":76}},"8":{"start":{"line":9,"column":4},"end":{"line":9,"column":119}},"9":{"start":{"line":9,"column":35},"end":{"line":9,"column":119}},"10":{"start":{"line":10,"column":4},"end":{"line":10,"column":11}},"11":{"start":{"line":12,"column":4},"end":{"line":12,"column":17}}},"fnMap":{"0":{"name":"(anonymous_0)","decl":{"start":{"line":3,"column":17},"end":{"line":3,"column":18}},"loc":{"start":{"line":3,"column":52},"end":{"line":14,"column":1}},"line":3}},"branchMap":{"0":{"loc":{"start":{"line":8,"column":4},"end":{"line":8,"column":76}},"type":"if","locations":[{"start":{"line":8,"column":4},"end":{"line":8,"column":76}},{"start":{},"end":{}}],"line":8},"1":{"loc":{"start":{"line":9,"column":4},"end":{"line":9,"column":119}},"type":"if","locations":[{"start":{"line":9,"column":4},"end":{"line":9,"column":119}},{"start":{},"end":{}}],"line":9}},"s":{"0":3,"1":3,"2":2,"3":2,"4":2,"5":2,"6":2,"7":1,"8":1,"9":0,"10":1,"11":1},"f":{"0":2},"b":{"0":[1,1],"1":[0,1]},"_coverageSchema":"1a1c01bbd47fc00a2c39e90264f33305004495a9","hash":"e5f787391dabe8fa0ac5ef6547f5550c3354fd36"}
,"D:\\DATA\\Haktiv\\phase3\\tes\\middlewares\\errorHandler.js": {"path":"D:\\DATA\\Haktiv\\phase3\\tes\\middlewares\\errorHandler.js","statementMap":{"0":{"start":{"line":1,"column":0},"end":{"line":15,"column":1}},"1":{"start":{"line":2,"column":2},"end":{"line":14,"column":3}},"2":{"start":{"line":3,"column":4},"end":{"line":3,"column":56}},"3":{"start":{"line":4,"column":9},"end":{"line":14,"column":3}},"4":{"start":{"line":5,"column":4},"end":{"line":5,"column":58}},"5":{"start":{"line":6,"column":9},"end":{"line":14,"column":3}},"6":{"start":{"line":7,"column":4},"end":{"line":7,"column":60}},"7":{"start":{"line":8,"column":9},"end":{"line":14,"column":3}},"8":{"start":{"line":9,"column":4},"end":{"line":9,"column":58}},"9":{"start":{"line":10,"column":9},"end":{"line":14,"column":3}},"10":{"start":{"line":11,"column":4},"end":{"line":11,"column":58}},"11":{"start":{"line":13,"column":4},"end":{"line":13,"column":48}}},"fnMap":{"0":{"name":"(anonymous_0)","decl":{"start":{"line":1,"column":17},"end":{"line":1,"column":18}},"loc":{"start":{"line":1,"column":59},"end":{"line":15,"column":1}},"line":1}},"branchMap":{"0":{"loc":{"start":{"line":2,"column":2},"end":{"line":14,"column":3}},"type":"if","locations":[{"start":{"line":2,"column":2},"end":{"line":14,"column":3}},{"start":{"line":4,"column":9},"end":{"line":14,"column":3}}],"line":2},"1":{"loc":{"start":{"line":2,"column":6},"end":{"line":2,"column":142}},"type":"binary-expr","locations":[{"start":{"line":2,"column":6},"end":{"line":2,"column":26}},{"start":{"line":2,"column":31},"end":{"line":2,"column":43}},{"start":{"line":2,"column":48},"end":{"line":2,"column":89}},{"start":{"line":2,"column":93},"end":{"line":2,"column":140}}],"line":2},"2":{"loc":{"start":{"line":4,"column":9},"end":{"line":14,"column":3}},"type":"if","locations":[{"start":{"line":4,"column":9},"end":{"line":14,"column":3}},{"start":{"line":6,"column":9},"end":{"line":14,"column":3}}],"line":4},"3":{"loc":{"start":{"line":6,"column":9},"end":{"line":14,"column":3}},"type":"if","locations":[{"start":{"line":6,"column":9},"end":{"line":14,"column":3}},{"start":{"line":8,"column":9},"end":{"line":14,"column":3}}],"line":6},"4":{"loc":{"start":{"line":8,"column":9},"end":{"line":14,"column":3}},"type":"if","locations":[{"start":{"line":8,"column":9},"end":{"line":14,"column":3}},{"start":{"line":10,"column":9},"end":{"line":14,"column":3}}],"line":8},"5":{"loc":{"start":{"line":10,"column":9},"end":{"line":14,"column":3}},"type":"if","locations":[{"start":{"line":10,"column":9},"end":{"line":14,"column":3}},{"start":{"line":12,"column":9},"end":{"line":14,"column":3}}],"line":10}},"s":{"0":3,"1":6,"2":1,"3":5,"4":3,"5":2,"6":0,"7":2,"8":0,"9":2,"10":1,"11":1},"f":{"0":6},"b":{"0":[1,5],"1":[6,6,1,1],"2":[3,2],"3":[0,2],"4":[0,2],"5":[1,1]},"_coverageSchema":"1a1c01bbd47fc00a2c39e90264f33305004495a9","hash":"906cd0f4b1b06cfe9dfe60ba7f6fc11fc7d9a842"}
,"D:\\DATA\\Haktiv\\phase3\\tes\\models\\address.js": {"path":"D:\\DATA\\Haktiv\\phase3\\tes\\models\\address.js","statementMap":{"0":{"start":{"line":4,"column":4},"end":{"line":4,"column":24}},"1":{"start":{"line":5,"column":0},"end":{"line":105,"column":2}},"2":{"start":{"line":14,"column":6},"end":{"line":14,"column":37}},"3":{"start":{"line":17,"column":2},"end":{"line":103,"column":5}},"4":{"start":{"line":104,"column":2},"end":{"line":104,"column":17}}},"fnMap":{"0":{"name":"(anonymous_0)","decl":{"start":{"line":5,"column":17},"end":{"line":5,"column":18}},"loc":{"start":{"line":5,"column":43},"end":{"line":105,"column":1}},"line":5},"1":{"name":"(anonymous_1)","decl":{"start":{"line":12,"column":4},"end":{"line":12,"column":5}},"loc":{"start":{"line":12,"column":29},"end":{"line":15,"column":5}},"line":12}},"branchMap":{},"s":{"0":3,"1":3,"2":3,"3":3,"4":3},"f":{"0":3,"1":3},"b":{},"_coverageSchema":"1a1c01bbd47fc00a2c39e90264f33305004495a9","hash":"5a3f03c0f498008c903830dc6b5eef7cdd3e32f6"}
,"D:\\DATA\\Haktiv\\phase3\\tes\\models\\cart.js": {"path":"D:\\DATA\\Haktiv\\phase3\\tes\\models\\cart.js","statementMap":{"0":{"start":{"line":4,"column":4},"end":{"line":4,"column":24}},"1":{"start":{"line":5,"column":0},"end":{"line":60,"column":2}},"2":{"start":{"line":14,"column":6},"end":{"line":14,"column":34}},"3":{"start":{"line":15,"column":6},"end":{"line":15,"column":37}},"4":{"start":{"line":18,"column":2},"end":{"line":58,"column":5}},"5":{"start":{"line":59,"column":2},"end":{"line":59,"column":14}}},"fnMap":{"0":{"name":"(anonymous_0)","decl":{"start":{"line":5,"column":17},"end":{"line":5,"column":18}},"loc":{"start":{"line":5,"column":43},"end":{"line":60,"column":1}},"line":5},"1":{"name":"(anonymous_1)","decl":{"start":{"line":12,"column":4},"end":{"line":12,"column":5}},"loc":{"start":{"line":12,"column":29},"end":{"line":16,"column":5}},"line":12}},"branchMap":{},"s":{"0":3,"1":3,"2":3,"3":3,"4":3,"5":3},"f":{"0":3,"1":3},"b":{},"_coverageSchema":"1a1c01bbd47fc00a2c39e90264f33305004495a9","hash":"c382364f044389173babbc0066a5f1f4c2dd8df8"}
,"D:\\DATA\\Haktiv\\phase3\\tes\\models\\category.js": {"path":"D:\\DATA\\Haktiv\\phase3\\tes\\models\\category.js","statementMap":{"0":{"start":{"line":4,"column":4},"end":{"line":4,"column":24}},"1":{"start":{"line":5,"column":0},"end":{"line":31,"column":2}},"2":{"start":{"line":14,"column":6},"end":{"line":14,"column":43}},"3":{"start":{"line":17,"column":2},"end":{"line":29,"column":5}},"4":{"start":{"line":30,"column":2},"end":{"line":30,"column":18}}},"fnMap":{"0":{"name":"(anonymous_0)","decl":{"start":{"line":5,"column":17},"end":{"line":5,"column":18}},"loc":{"start":{"line":5,"column":43},"end":{"line":31,"column":1}},"line":5},"1":{"name":"(anonymous_1)","decl":{"start":{"line":12,"column":4},"end":{"line":12,"column":5}},"loc":{"start":{"line":12,"column":29},"end":{"line":15,"column":5}},"line":12}},"branchMap":{},"s":{"0":3,"1":3,"2":3,"3":3,"4":3},"f":{"0":3,"1":3},"b":{},"_coverageSchema":"1a1c01bbd47fc00a2c39e90264f33305004495a9","hash":"cf6fc349b51d93eb929f08b46103328ece320f2a"}
,"D:\\DATA\\Haktiv\\phase3\\tes\\models\\image.js": {"path":"D:\\DATA\\Haktiv\\phase3\\tes\\models\\image.js","statementMap":{"0":{"start":{"line":4,"column":4},"end":{"line":4,"column":24}},"1":{"start":{"line":5,"column":0},"end":{"line":39,"column":2}},"2":{"start":{"line":14,"column":6},"end":{"line":14,"column":67}},"3":{"start":{"line":17,"column":2},"end":{"line":37,"column":5}},"4":{"start":{"line":38,"column":2},"end":{"line":38,"column":15}}},"fnMap":{"0":{"name":"(anonymous_0)","decl":{"start":{"line":5,"column":17},"end":{"line":5,"column":18}},"loc":{"start":{"line":5,"column":43},"end":{"line":39,"column":1}},"line":5},"1":{"name":"(anonymous_1)","decl":{"start":{"line":12,"column":4},"end":{"line":12,"column":5}},"loc":{"start":{"line":12,"column":29},"end":{"line":15,"column":5}},"line":12}},"branchMap":{},"s":{"0":3,"1":3,"2":3,"3":3,"4":3},"f":{"0":3,"1":3},"b":{},"_coverageSchema":"1a1c01bbd47fc00a2c39e90264f33305004495a9","hash":"47e8b4514a50fdddce71cb17beadc69c07b5b95f"}
,"D:\\DATA\\Haktiv\\phase3\\tes\\models\\index.js": {"path":"D:\\DATA\\Haktiv\\phase3\\tes\\models\\index.js","statementMap":{"0":{"start":{"line":3,"column":11},"end":{"line":3,"column":24}},"1":{"start":{"line":4,"column":13},"end":{"line":4,"column":28}},"2":{"start":{"line":5,"column":18},"end":{"line":5,"column":38}},"3":{"start":{"line":6,"column":17},"end":{"line":6,"column":42}},"4":{"start":{"line":7,"column":12},"end":{"line":7,"column":49}},"5":{"start":{"line":8,"column":15},"end":{"line":8,"column":65}},"6":{"start":{"line":9,"column":11},"end":{"line":9,"column":13}},"7":{"start":{"line":12,"column":0},"end":{"line":16,"column":1}},"8":{"start":{"line":13,"column":2},"end":{"line":13,"column":74}},"9":{"start":{"line":15,"column":2},"end":{"line":15,"column":87}},"10":{"start":{"line":18,"column":0},"end":{"line":26,"column":5}},"11":{"start":{"line":21,"column":4},"end":{"line":21,"column":90}},"12":{"start":{"line":24,"column":18},"end":{"line":24,"column":85}},"13":{"start":{"line":25,"column":4},"end":{"line":25,"column":27}},"14":{"start":{"line":28,"column":0},"end":{"line":32,"column":3}},"15":{"start":{"line":29,"column":2},"end":{"line":31,"column":3}},"16":{"start":{"line":30,"column":4},"end":{"line":30,"column":32}},"17":{"start":{"line":34,"column":0},"end":{"line":34,"column":25}},"18":{"start":{"line":35,"column":0},"end":{"line":35,"column":25}},"19":{"start":{"line":37,"column":0},"end":{"line":37,"column":20}}},"fnMap":{"0":{"name":"(anonymous_0)","decl":{"start":{"line":20,"column":10},"end":{"line":20,"column":11}},"loc":{"start":{"line":20,"column":18},"end":{"line":22,"column":3}},"line":20},"1":{"name":"(anonymous_1)","decl":{"start":{"line":23,"column":11},"end":{"line":23,"column":12}},"loc":{"start":{"line":23,"column":19},"end":{"line":26,"column":3}},"line":23},"2":{"name":"(anonymous_2)","decl":{"start":{"line":28,"column":24},"end":{"line":28,"column":25}},"loc":{"start":{"line":28,"column":37},"end":{"line":32,"column":1}},"line":28}},"branchMap":{"0":{"loc":{"start":{"line":7,"column":12},"end":{"line":7,"column":49}},"type":"binary-expr","locations":[{"start":{"line":7,"column":12},"end":{"line":7,"column":32}},{"start":{"line":7,"column":36},"end":{"line":7,"column":49}}],"line":7},"1":{"loc":{"start":{"line":12,"column":0},"end":{"line":16,"column":1}},"type":"if","locations":[{"start":{"line":12,"column":0},"end":{"line":16,"column":1}},{"start":{"line":14,"column":7},"end":{"line":16,"column":1}}],"line":12},"2":{"loc":{"start":{"line":21,"column":11},"end":{"line":21,"column":89}},"type":"binary-expr","locations":[{"start":{"line":21,"column":12},"end":{"line":21,"column":35}},{"start":{"line":21,"column":41},"end":{"line":21,"column":58}},{"start":{"line":21,"column":64},"end":{"line":21,"column":88}}],"line":21},"3":{"loc":{"start":{"line":29,"column":2},"end":{"line":31,"column":3}},"type":"if","locations":[{"start":{"line":29,"column":2},"end":{"line":31,"column":3}},{"start":{},"end":{}}],"line":29}},"s":{"0":3,"1":3,"2":3,"3":3,"4":3,"5":3,"6":3,"7":3,"8":0,"9":3,"10":3,"11":33,"12":30,"13":30,"14":3,"15":30,"16":30,"17":3,"18":3,"19":3},"f":{"0":33,"1":30,"2":30},"b":{"0":[3,0],"1":[0,3],"2":[33,33,30],"3":[30,0]},"_coverageSchema":"1a1c01bbd47fc00a2c39e90264f33305004495a9","hash":"bee34c402ff10b9e6bbf8bfad8017910dee30c05"}
,"D:\\DATA\\Haktiv\\phase3\\tes\\models\\order.js": {"path":"D:\\DATA\\Haktiv\\phase3\\tes\\models\\order.js","statementMap":{"0":{"start":{"line":4,"column":4},"end":{"line":4,"column":24}},"1":{"start":{"line":5,"column":0},"end":{"line":28,"column":2}},"2":{"start":{"line":14,"column":6},"end":{"line":14,"column":35}},"3":{"start":{"line":15,"column":6},"end":{"line":15,"column":39}},"4":{"start":{"line":16,"column":6},"end":{"line":16,"column":38}},"5":{"start":{"line":19,"column":2},"end":{"line":26,"column":5}},"6":{"start":{"line":27,"column":2},"end":{"line":27,"column":15}}},"fnMap":{"0":{"name":"(anonymous_0)","decl":{"start":{"line":5,"column":17},"end":{"line":5,"column":18}},"loc":{"start":{"line":5,"column":43},"end":{"line":28,"column":1}},"line":5},"1":{"name":"(anonymous_1)","decl":{"start":{"line":12,"column":4},"end":{"line":12,"column":5}},"loc":{"start":{"line":12,"column":29},"end":{"line":17,"column":5}},"line":12}},"branchMap":{},"s":{"0":3,"1":3,"2":3,"3":3,"4":3,"5":3,"6":3},"f":{"0":3,"1":3},"b":{},"_coverageSchema":"1a1c01bbd47fc00a2c39e90264f33305004495a9","hash":"80aefe3577fc2a9007b0d98845b07e843612eb94"}
,"D:\\DATA\\Haktiv\\phase3\\tes\\models\\orderdetail.js": {"path":"D:\\DATA\\Haktiv\\phase3\\tes\\models\\orderdetail.js","statementMap":{"0":{"start":{"line":4,"column":4},"end":{"line":4,"column":24}},"1":{"start":{"line":5,"column":0},"end":{"line":29,"column":2}},"2":{"start":{"line":14,"column":6},"end":{"line":14,"column":42}},"3":{"start":{"line":17,"column":2},"end":{"line":27,"column":5}},"4":{"start":{"line":28,"column":2},"end":{"line":28,"column":21}}},"fnMap":{"0":{"name":"(anonymous_0)","decl":{"start":{"line":5,"column":17},"end":{"line":5,"column":18}},"loc":{"start":{"line":5,"column":43},"end":{"line":29,"column":1}},"line":5},"1":{"name":"(anonymous_1)","decl":{"start":{"line":12,"column":4},"end":{"line":12,"column":5}},"loc":{"start":{"line":12,"column":29},"end":{"line":15,"column":5}},"line":12}},"branchMap":{},"s":{"0":3,"1":3,"2":3,"3":3,"4":3},"f":{"0":3,"1":3},"b":{},"_coverageSchema":"1a1c01bbd47fc00a2c39e90264f33305004495a9","hash":"94b6abb927f471d6c4d1a1f9402d55e0cdf0648f"}
,"D:\\DATA\\Haktiv\\phase3\\tes\\models\\orderitem.js": {"path":"D:\\DATA\\Haktiv\\phase3\\tes\\models\\orderitem.js","statementMap":{"0":{"start":{"line":4,"column":4},"end":{"line":4,"column":24}},"1":{"start":{"line":5,"column":0},"end":{"line":24,"column":2}},"2":{"start":{"line":14,"column":6},"end":{"line":14,"column":40}},"3":{"start":{"line":17,"column":2},"end":{"line":22,"column":5}},"4":{"start":{"line":23,"column":2},"end":{"line":23,"column":19}}},"fnMap":{"0":{"name":"(anonymous_0)","decl":{"start":{"line":5,"column":17},"end":{"line":5,"column":18}},"loc":{"start":{"line":5,"column":43},"end":{"line":24,"column":1}},"line":5},"1":{"name":"(anonymous_1)","decl":{"start":{"line":12,"column":4},"end":{"line":12,"column":5}},"loc":{"start":{"line":12,"column":29},"end":{"line":15,"column":5}},"line":12}},"branchMap":{},"s":{"0":3,"1":3,"2":3,"3":3,"4":3},"f":{"0":3,"1":3},"b":{},"_coverageSchema":"1a1c01bbd47fc00a2c39e90264f33305004495a9","hash":"a691e92bbb4ea9dd8937170b7aaa19e16bbd6c13"}
,"D:\\DATA\\Haktiv\\phase3\\tes\\models\\product.js": {"path":"D:\\DATA\\Haktiv\\phase3\\tes\\models\\product.js","statementMap":{"0":{"start":{"line":2,"column":18},"end":{"line":2,"column":38}},"1":{"start":{"line":3,"column":25},"end":{"line":3,"column":53}},"2":{"start":{"line":5,"column":0},"end":{"line":123,"column":2}},"3":{"start":{"line":14,"column":6},"end":{"line":14,"column":65}},"4":{"start":{"line":15,"column":6},"end":{"line":15,"column":44}},"5":{"start":{"line":16,"column":6},"end":{"line":16,"column":65}},"6":{"start":{"line":17,"column":6},"end":{"line":17,"column":35}},"7":{"start":{"line":20,"column":2},"end":{"line":121,"column":5}},"8":{"start":{"line":122,"column":2},"end":{"line":122,"column":17}}},"fnMap":{"0":{"name":"(anonymous_0)","decl":{"start":{"line":5,"column":17},"end":{"line":5,"column":18}},"loc":{"start":{"line":5,"column":43},"end":{"line":123,"column":1}},"line":5},"1":{"name":"(anonymous_1)","decl":{"start":{"line":12,"column":4},"end":{"line":12,"column":5}},"loc":{"start":{"line":12,"column":29},"end":{"line":18,"column":5}},"line":12}},"branchMap":{},"s":{"0":3,"1":3,"2":3,"3":3,"4":3,"5":3,"6":3,"7":3,"8":3},"f":{"0":3,"1":3},"b":{},"_coverageSchema":"1a1c01bbd47fc00a2c39e90264f33305004495a9","hash":"84b11c67fee7c9c7e0a327659d9eb851e8163301"}
,"D:\\DATA\\Haktiv\\phase3\\tes\\models\\subcategory.js": {"path":"D:\\DATA\\Haktiv\\phase3\\tes\\models\\subcategory.js","statementMap":{"0":{"start":{"line":4,"column":4},"end":{"line":4,"column":24}},"1":{"start":{"line":5,"column":0},"end":{"line":40,"column":2}},"2":{"start":{"line":14,"column":6},"end":{"line":14,"column":42}},"3":{"start":{"line":15,"column":6},"end":{"line":15,"column":45}},"4":{"start":{"line":18,"column":2},"end":{"line":38,"column":5}},"5":{"start":{"line":39,"column":2},"end":{"line":39,"column":21}}},"fnMap":{"0":{"name":"(anonymous_0)","decl":{"start":{"line":5,"column":17},"end":{"line":5,"column":18}},"loc":{"start":{"line":5,"column":43},"end":{"line":40,"column":1}},"line":5},"1":{"name":"(anonymous_1)","decl":{"start":{"line":12,"column":4},"end":{"line":12,"column":5}},"loc":{"start":{"line":12,"column":29},"end":{"line":16,"column":5}},"line":12}},"branchMap":{},"s":{"0":3,"1":3,"2":3,"3":3,"4":3,"5":3},"f":{"0":3,"1":3},"b":{},"_coverageSchema":"1a1c01bbd47fc00a2c39e90264f33305004495a9","hash":"f8dd9b811dbecae455b71bd582c3b7f381af6f71"}
,"D:\\DATA\\Haktiv\\phase3\\tes\\models\\user.js": {"path":"D:\\DATA\\Haktiv\\phase3\\tes\\models\\user.js","statementMap":{"0":{"start":{"line":2,"column":18},"end":{"line":2,"column":38}},"1":{"start":{"line":3,"column":19},"end":{"line":3,"column":40}},"2":{"start":{"line":5,"column":0},"end":{"line":92,"column":2}},"3":{"start":{"line":14,"column":6},"end":{"line":14,"column":63}},"4":{"start":{"line":15,"column":6},"end":{"line":15,"column":35}},"5":{"start":{"line":16,"column":6},"end":{"line":16,"column":33}},"6":{"start":{"line":17,"column":6},"end":{"line":17,"column":32}},"7":{"start":{"line":20,"column":2},"end":{"line":87,"column":5}},"8":{"start":{"line":81,"column":8},"end":{"line":81,"column":48}},"9":{"start":{"line":82,"column":8},"end":{"line":84,"column":9}},"10":{"start":{"line":83,"column":10},"end":{"line":83,"column":128}},"11":{"start":{"line":88,"column":2},"end":{"line":90,"column":4}},"12":{"start":{"line":89,"column":4},"end":{"line":89,"column":42}},"13":{"start":{"line":91,"column":2},"end":{"line":91,"column":14}}},"fnMap":{"0":{"name":"(anonymous_0)","decl":{"start":{"line":5,"column":17},"end":{"line":5,"column":18}},"loc":{"start":{"line":5,"column":43},"end":{"line":92,"column":1}},"line":5},"1":{"name":"(anonymous_1)","decl":{"start":{"line":12,"column":4},"end":{"line":12,"column":5}},"loc":{"start":{"line":12,"column":29},"end":{"line":18,"column":5}},"line":12},"2":{"name":"(anonymous_2)","decl":{"start":{"line":80,"column":20},"end":{"line":80,"column":21}},"loc":{"start":{"line":80,"column":31},"end":{"line":85,"column":7}},"line":80},"3":{"name":"(anonymous_3)","decl":{"start":{"line":88,"column":20},"end":{"line":88,"column":21}},"loc":{"start":{"line":88,"column":38},"end":{"line":90,"column":3}},"line":88}},"branchMap":{"0":{"loc":{"start":{"line":82,"column":8},"end":{"line":84,"column":9}},"type":"if","locations":[{"start":{"line":82,"column":8},"end":{"line":84,"column":9}},{"start":{},"end":{}}],"line":82}},"s":{"0":3,"1":3,"2":3,"3":3,"4":3,"5":3,"6":3,"7":3,"8":0,"9":0,"10":0,"11":3,"12":0,"13":3},"f":{"0":3,"1":3,"2":0,"3":0},"b":{"0":[0,0]},"_coverageSchema":"1a1c01bbd47fc00a2c39e90264f33305004495a9","hash":"49a9988f2d814da127fdda024015e65a6af22ac4"}
,"D:\\DATA\\Haktiv\\phase3\\tes\\routes\\address.js": {"path":"D:\\DATA\\Haktiv\\phase3\\tes\\routes\\address.js","statementMap":{"0":{"start":{"line":1,"column":15},"end":{"line":1,"column":42}},"1":{"start":{"line":2,"column":14},"end":{"line":2,"column":30}},"2":{"start":{"line":4,"column":0},"end":{"line":12,"column":3}},"3":{"start":{"line":5,"column":2},"end":{"line":11,"column":3}},"4":{"start":{"line":6,"column":17},"end":{"line":6,"column":101}},"5":{"start":{"line":7,"column":4},"end":{"line":7,"column":41}},"6":{"start":{"line":9,"column":4},"end":{"line":9,"column":23}},"7":{"start":{"line":10,"column":4},"end":{"line":10,"column":15}},"8":{"start":{"line":14,"column":0},"end":{"line":22,"column":3}},"9":{"start":{"line":15,"column":2},"end":{"line":21,"column":3}},"10":{"start":{"line":16,"column":17},"end":{"line":16,"column":130}},"11":{"start":{"line":17,"column":4},"end":{"line":17,"column":41}},"12":{"start":{"line":19,"column":4},"end":{"line":19,"column":23}},"13":{"start":{"line":20,"column":4},"end":{"line":20,"column":15}},"14":{"start":{"line":24,"column":0},"end":{"line":33,"column":3}},"15":{"start":{"line":25,"column":2},"end":{"line":32,"column":3}},"16":{"start":{"line":26,"column":53},"end":{"line":26,"column":65}},"17":{"start":{"line":27,"column":17},"end":{"line":27,"column":176}},"18":{"start":{"line":28,"column":4},"end":{"line":28,"column":41}},"19":{"start":{"line":30,"column":4},"end":{"line":30,"column":23}},"20":{"start":{"line":31,"column":4},"end":{"line":31,"column":15}},"21":{"start":{"line":37,"column":0},"end":{"line":37,"column":24}}},"fnMap":{"0":{"name":"(anonymous_0)","decl":{"start":{"line":4,"column":25},"end":{"line":4,"column":26}},"loc":{"start":{"line":4,"column":60},"end":{"line":12,"column":1}},"line":4},"1":{"name":"(anonymous_1)","decl":{"start":{"line":14,"column":34},"end":{"line":14,"column":35}},"loc":{"start":{"line":14,"column":69},"end":{"line":22,"column":1}},"line":14},"2":{"name":"(anonymous_2)","decl":{"start":{"line":24,"column":29},"end":{"line":24,"column":30}},"loc":{"start":{"line":24,"column":64},"end":{"line":33,"column":1}},"line":24}},"branchMap":{},"s":{"0":3,"1":3,"2":3,"3":1,"4":1,"5":1,"6":0,"7":0,"8":3,"9":0,"10":0,"11":0,"12":0,"13":0,"14":3,"15":0,"16":0,"17":0,"18":0,"19":0,"20":0,"21":3},"f":{"0":1,"1":0,"2":0},"b":{},"_coverageSchema":"1a1c01bbd47fc00a2c39e90264f33305004495a9","hash":"83c8c9934b791ea8f4c371f38ea6435cf0d06983"}
,"D:\\DATA\\Haktiv\\phase3\\tes\\routes\\cart.js": {"path":"D:\\DATA\\Haktiv\\phase3\\tes\\routes\\cart.js","statementMap":{"0":{"start":{"line":1,"column":15},"end":{"line":1,"column":42}},"1":{"start":{"line":2,"column":27},"end":{"line":2,"column":67}},"2":{"start":{"line":3,"column":26},"end":{"line":3,"column":69}},"3":{"start":{"line":4,"column":23},"end":{"line":4,"column":63}},"4":{"start":{"line":6,"column":0},"end":{"line":6,"column":60}},"5":{"start":{"line":7,"column":0},"end":{"line":7,"column":61}},"6":{"start":{"line":8,"column":0},"end":{"line":8,"column":88}},"7":{"start":{"line":9,"column":0},"end":{"line":9,"column":88}},"8":{"start":{"line":10,"column":0},"end":{"line":10,"column":88}},"9":{"start":{"line":12,"column":0},"end":{"line":12,"column":24}}},"fnMap":{},"branchMap":{},"s":{"0":3,"1":3,"2":3,"3":3,"4":3,"5":3,"6":3,"7":3,"8":3,"9":3},"f":{},"b":{},"_coverageSchema":"1a1c01bbd47fc00a2c39e90264f33305004495a9","hash":"c6d153ca3d359779f2415de278ae5a68aea5a90c"}
,"D:\\DATA\\Haktiv\\phase3\\tes\\routes\\category.js": {"path":"D:\\DATA\\Haktiv\\phase3\\tes\\routes\\category.js","statementMap":{"0":{"start":{"line":1,"column":15},"end":{"line":1,"column":42}},"1":{"start":{"line":2,"column":27},"end":{"line":2,"column":71}},"2":{"start":{"line":4,"column":0},"end":{"line":4,"column":52}},"3":{"start":{"line":6,"column":0},"end":{"line":6,"column":24}}},"fnMap":{},"branchMap":{},"s":{"0":3,"1":3,"2":3,"3":3},"f":{},"b":{},"_coverageSchema":"1a1c01bbd47fc00a2c39e90264f33305004495a9","hash":"18c3d014cc2eb79e51932cf354352db3792d79dc"}
,"D:\\DATA\\Haktiv\\phase3\\tes\\routes\\index.js": {"path":"D:\\DATA\\Haktiv\\phase3\\tes\\routes\\index.js","statementMap":{"0":{"start":{"line":1,"column":15},"end":{"line":1,"column":42}},"1":{"start":{"line":2,"column":19},"end":{"line":2,"column":36}},"2":{"start":{"line":3,"column":23},"end":{"line":3,"column":44}},"3":{"start":{"line":4,"column":26},"end":{"line":4,"column":50}},"4":{"start":{"line":5,"column":22},"end":{"line":5,"column":42}},"5":{"start":{"line":6,"column":22},"end":{"line":6,"column":42}},"6":{"start":{"line":7,"column":19},"end":{"line":7,"column":36}},"7":{"start":{"line":9,"column":0},"end":{"line":9,"column":26}},"8":{"start":{"line":10,"column":0},"end":{"line":10,"column":23}},"9":{"start":{"line":11,"column":0},"end":{"line":11,"column":42}},"10":{"start":{"line":12,"column":0},"end":{"line":12,"column":49}},"11":{"start":{"line":13,"column":0},"end":{"line":13,"column":39}},"12":{"start":{"line":14,"column":0},"end":{"line":14,"column":31}},"13":{"start":{"line":16,"column":0},"end":{"line":16,"column":24}}},"fnMap":{},"branchMap":{},"s":{"0":3,"1":3,"2":3,"3":3,"4":3,"5":3,"6":3,"7":3,"8":3,"9":3,"10":3,"11":3,"12":3,"13":3},"f":{},"b":{},"_coverageSchema":"1a1c01bbd47fc00a2c39e90264f33305004495a9","hash":"a830a36ef7f783e22f730038e9ac743796cdb258"}
,"D:\\DATA\\Haktiv\\phase3\\tes\\routes\\product.js": {"path":"D:\\DATA\\Haktiv\\phase3\\tes\\routes\\product.js","statementMap":{"0":{"start":{"line":1,"column":15},"end":{"line":1,"column":42}},"1":{"start":{"line":2,"column":26},"end":{"line":2,"column":69}},"2":{"start":{"line":3,"column":23},"end":{"line":3,"column":63}},"3":{"start":{"line":4,"column":27},"end":{"line":4,"column":67}},"4":{"start":{"line":5,"column":29},"end":{"line":5,"column":75}},"5":{"start":{"line":7,"column":0},"end":{"line":7,"column":49}},"6":{"start":{"line":8,"column":0},"end":{"line":8,"column":61}},"7":{"start":{"line":9,"column":0},"end":{"line":9,"column":77}},"8":{"start":{"line":10,"column":0},"end":{"line":10,"column":62}},"9":{"start":{"line":11,"column":0},"end":{"line":11,"column":51}},"10":{"start":{"line":12,"column":0},"end":{"line":12,"column":70}},"11":{"start":{"line":13,"column":0},"end":{"line":13,"column":94}},"12":{"start":{"line":14,"column":0},"end":{"line":14,"column":97}},"13":{"start":{"line":16,"column":0},"end":{"line":16,"column":24}}},"fnMap":{},"branchMap":{},"s":{"0":3,"1":3,"2":3,"3":3,"4":3,"5":3,"6":3,"7":3,"8":3,"9":3,"10":3,"11":3,"12":3,"13":3},"f":{},"b":{},"_coverageSchema":"1a1c01bbd47fc00a2c39e90264f33305004495a9","hash":"bb6e4d353c03cc25d5698dfd6b649ccaeeae418f"}
,"D:\\DATA\\Haktiv\\phase3\\tes\\routes\\subcategory.js": {"path":"D:\\DATA\\Haktiv\\phase3\\tes\\routes\\subcategory.js","statementMap":{"0":{"start":{"line":1,"column":15},"end":{"line":1,"column":42}},"1":{"start":{"line":2,"column":30},"end":{"line":2,"column":77}},"2":{"start":{"line":4,"column":0},"end":{"line":4,"column":58}},"3":{"start":{"line":5,"column":0},"end":{"line":5,"column":59}},"4":{"start":{"line":6,"column":0},"end":{"line":6,"column":60}},"5":{"start":{"line":8,"column":0},"end":{"line":8,"column":24}}},"fnMap":{},"branchMap":{},"s":{"0":3,"1":3,"2":3,"3":3,"4":3,"5":3},"f":{},"b":{},"_coverageSchema":"1a1c01bbd47fc00a2c39e90264f33305004495a9","hash":"9785575b984c95832051b8066ab889b10e9f144e"}
,"D:\\DATA\\Haktiv\\phase3\\tes\\routes\\user.js": {"path":"D:\\DATA\\Haktiv\\phase3\\tes\\routes\\user.js","statementMap":{"0":{"start":{"line":1,"column":15},"end":{"line":1,"column":42}},"1":{"start":{"line":2,"column":23},"end":{"line":2,"column":63}},"2":{"start":{"line":3,"column":27},"end":{"line":3,"column":67}},"3":{"start":{"line":5,"column":0},"end":{"line":5,"column":50}},"4":{"start":{"line":6,"column":0},"end":{"line":6,"column":44}},"5":{"start":{"line":7,"column":0},"end":{"line":7,"column":43}},"6":{"start":{"line":8,"column":0},"end":{"line":8,"column":46}},"7":{"start":{"line":9,"column":0},"end":{"line":9,"column":77}},"8":{"start":{"line":11,"column":0},"end":{"line":11,"column":24}}},"fnMap":{},"branchMap":{},"s":{"0":3,"1":3,"2":3,"3":3,"4":3,"5":3,"6":3,"7":3,"8":3},"f":{},"b":{},"_coverageSchema":"1a1c01bbd47fc00a2c39e90264f33305004495a9","hash":"16c77956d9939a6b2366299cf9df9130d394fabc"}
}
