{"D:\\DATA\\Haktiv\\phase3\\h8-fp-up-ecommerce\\app\\app.js": {"path":"D:\\DATA\\Haktiv\\phase3\\h8-fp-up-ecommerce\\app\\app.js","statementMap":{"0":{"start":{"line":1,"column":0},"end":{"line":1,"column":70}},"1":{"start":{"line":1,"column":43},"end":{"line":1,"column":70}},"2":{"start":{"line":3,"column":16},"end":{"line":3,"column":34}},"3":{"start":{"line":4,"column":12},"end":{"line":4,"column":21}},"4":{"start":{"line":5,"column":13},"end":{"line":5,"column":37}},"5":{"start":{"line":6,"column":13},"end":{"line":6,"column":28}},"6":{"start":{"line":8,"column":15},"end":{"line":8,"column":34}},"7":{"start":{"line":9,"column":21},"end":{"line":9,"column":58}},"8":{"start":{"line":11,"column":0},"end":{"line":11,"column":16}},"9":{"start":{"line":12,"column":0},"end":{"line":12,"column":49}},"10":{"start":{"line":13,"column":0},"end":{"line":13,"column":24}},"11":{"start":{"line":14,"column":0},"end":{"line":14,"column":16}},"12":{"start":{"line":15,"column":0},"end":{"line":15,"column":21}},"13":{"start":{"line":20,"column":0},"end":{"line":20,"column":21}}},"fnMap":{},"branchMap":{"0":{"loc":{"start":{"line":1,"column":0},"end":{"line":1,"column":70}},"type":"if","locations":[{"start":{"line":1,"column":0},"end":{"line":1,"column":70}},{"start":{},"end":{}}],"line":1},"1":{"loc":{"start":{"line":5,"column":13},"end":{"line":5,"column":37}},"type":"binary-expr","locations":[{"start":{"line":5,"column":13},"end":{"line":5,"column":29}},{"start":{"line":5,"column":33},"end":{"line":5,"column":37}}],"line":5}},"s":{"0":1,"1":1,"2":1,"3":1,"4":1,"5":1,"6":1,"7":1,"8":1,"9":1,"10":1,"11":1,"12":1,"13":1},"f":{},"b":{"0":[1,0],"1":[1,1]},"_coverageSchema":"1a1c01bbd47fc00a2c39e90264f33305004495a9","hash":"4892492678856b618ee60d833463dd25c260be61"}
,"D:\\DATA\\Haktiv\\phase3\\h8-fp-up-ecommerce\\app\\controllers\\CartController.js": {"path":"D:\\DATA\\Haktiv\\phase3\\h8-fp-up-ecommerce\\app\\controllers\\CartController.js","statementMap":{"0":{"start":{"line":1,"column":41},"end":{"line":1,"column":61}},"1":{"start":{"line":2,"column":15},"end":{"line":2,"column":35}},"2":{"start":{"line":6,"column":4},"end":{"line":33,"column":5}},"3":{"start":{"line":7,"column":29},"end":{"line":7,"column":41}},"4":{"start":{"line":8,"column":19},"end":{"line":28,"column":8}},"5":{"start":{"line":29,"column":6},"end":{"line":29,"column":38}},"6":{"start":{"line":31,"column":6},"end":{"line":31,"column":25}},"7":{"start":{"line":32,"column":6},"end":{"line":32,"column":18}},"8":{"start":{"line":37,"column":4},"end":{"line":54,"column":5}},"9":{"start":{"line":38,"column":29},"end":{"line":38,"column":41}},"10":{"start":{"line":39,"column":38},"end":{"line":39,"column":50}},"11":{"start":{"line":40,"column":22},"end":{"line":40,"column":55}},"12":{"start":{"line":41,"column":6},"end":{"line":41,"column":72}},"13":{"start":{"line":41,"column":20},"end":{"line":41,"column":72}},"14":{"start":{"line":43,"column":22},"end":{"line":43,"column":74}},"15":{"start":{"line":44,"column":6},"end":{"line":48,"column":7}},"16":{"start":{"line":45,"column":8},"end":{"line":45,"column":119}},"17":{"start":{"line":47,"column":8},"end":{"line":47,"column":59}},"18":{"start":{"line":49,"column":6},"end":{"line":51,"column":9}},"19":{"start":{"line":53,"column":6},"end":{"line":53,"column":18}},"20":{"start":{"line":58,"column":4},"end":{"line":65,"column":5}},"21":{"start":{"line":59,"column":21},"end":{"line":59,"column":35}},"22":{"start":{"line":60,"column":6},"end":{"line":60,"column":44}},"23":{"start":{"line":61,"column":6},"end":{"line":61,"column":97}},"24":{"start":{"line":64,"column":6},"end":{"line":64,"column":18}},"25":{"start":{"line":69,"column":4},"end":{"line":75,"column":5}},"26":{"start":{"line":70,"column":21},"end":{"line":70,"column":35}},"27":{"start":{"line":71,"column":6},"end":{"line":71,"column":62}},"28":{"start":{"line":72,"column":6},"end":{"line":72,"column":57}},"29":{"start":{"line":74,"column":6},"end":{"line":74,"column":18}},"30":{"start":{"line":79,"column":4},"end":{"line":85,"column":5}},"31":{"start":{"line":80,"column":21},"end":{"line":80,"column":35}},"32":{"start":{"line":81,"column":6},"end":{"line":81,"column":63}},"33":{"start":{"line":82,"column":6},"end":{"line":82,"column":57}},"34":{"start":{"line":84,"column":6},"end":{"line":84,"column":18}},"35":{"start":{"line":89,"column":0},"end":{"line":89,"column":32}}},"fnMap":{"0":{"name":"(anonymous_0)","decl":{"start":{"line":5,"column":2},"end":{"line":5,"column":3}},"loc":{"start":{"line":5,"column":48},"end":{"line":34,"column":3}},"line":5},"1":{"name":"(anonymous_1)","decl":{"start":{"line":36,"column":2},"end":{"line":36,"column":3}},"loc":{"start":{"line":36,"column":48},"end":{"line":55,"column":3}},"line":36},"2":{"name":"(anonymous_2)","decl":{"start":{"line":57,"column":2},"end":{"line":57,"column":3}},"loc":{"start":{"line":57,"column":51},"end":{"line":66,"column":3}},"line":57},"3":{"name":"(anonymous_3)","decl":{"start":{"line":68,"column":2},"end":{"line":68,"column":3}},"loc":{"start":{"line":68,"column":48},"end":{"line":76,"column":3}},"line":68},"4":{"name":"(anonymous_4)","decl":{"start":{"line":78,"column":2},"end":{"line":78,"column":3}},"loc":{"start":{"line":78,"column":48},"end":{"line":86,"column":3}},"line":78}},"branchMap":{"0":{"loc":{"start":{"line":41,"column":6},"end":{"line":41,"column":72}},"type":"if","locations":[{"start":{"line":41,"column":6},"end":{"line":41,"column":72}},{"start":{},"end":{}}],"line":41},"1":{"loc":{"start":{"line":44,"column":6},"end":{"line":48,"column":7}},"type":"if","locations":[{"start":{"line":44,"column":6},"end":{"line":48,"column":7}},{"start":{"line":46,"column":13},"end":{"line":48,"column":7}}],"line":44}},"s":{"0":1,"1":1,"2":0,"3":0,"4":0,"5":0,"6":0,"7":0,"8":0,"9":0,"10":0,"11":0,"12":0,"13":0,"14":0,"15":0,"16":0,"17":0,"18":0,"19":0,"20":0,"21":0,"22":0,"23":0,"24":0,"25":0,"26":0,"27":0,"28":0,"29":0,"30":0,"31":0,"32":0,"33":0,"34":0,"35":1},"f":{"0":0,"1":0,"2":0,"3":0,"4":0},"b":{"0":[0,0],"1":[0,0]},"_coverageSchema":"1a1c01bbd47fc00a2c39e90264f33305004495a9","hash":"382d3aea1084a4abcb45621d73d773c25d4dbb59"}
,"D:\\DATA\\Haktiv\\phase3\\h8-fp-up-ecommerce\\app\\controllers\\CategoryController.js": {"path":"D:\\DATA\\Haktiv\\phase3\\h8-fp-up-ecommerce\\app\\controllers\\CategoryController.js","statementMap":{"0":{"start":{"line":1,"column":21},"end":{"line":1,"column":41}},"1":{"start":{"line":5,"column":4},"end":{"line":10,"column":5}},"2":{"start":{"line":6,"column":25},"end":{"line":6,"column":49}},"3":{"start":{"line":7,"column":6},"end":{"line":7,"column":44}},"4":{"start":{"line":9,"column":6},"end":{"line":9,"column":18}},"5":{"start":{"line":14,"column":0},"end":{"line":14,"column":36}}},"fnMap":{"0":{"name":"(anonymous_0)","decl":{"start":{"line":4,"column":2},"end":{"line":4,"column":3}},"loc":{"start":{"line":4,"column":56},"end":{"line":11,"column":3}},"line":4}},"branchMap":{},"s":{"0":1,"1":0,"2":0,"3":0,"4":0,"5":1},"f":{"0":0},"b":{},"_coverageSchema":"1a1c01bbd47fc00a2c39e90264f33305004495a9","hash":"e44d24f4c9687e4aa75d863c7b1e6774a16a282f"}
,"D:\\DATA\\Haktiv\\phase3\\h8-fp-up-ecommerce\\app\\controllers\\MidtransController.js": {"path":"D:\\DATA\\Haktiv\\phase3\\h8-fp-up-ecommerce\\app\\controllers\\MidtransController.js","statementMap":{"0":{"start":{"line":1,"column":14},"end":{"line":1,"column":30}},"1":{"start":{"line":2,"column":23},"end":{"line":2,"column":49}},"2":{"start":{"line":3,"column":93},"end":{"line":3,"column":113}},"3":{"start":{"line":4,"column":18},"end":{"line":4,"column":48}},"4":{"start":{"line":6,"column":16},"end":{"line":10,"column":2}},"5":{"start":{"line":14,"column":14},"end":{"line":14,"column":43}},"6":{"start":{"line":15,"column":4},"end":{"line":149,"column":5}},"7":{"start":{"line":16,"column":29},"end":{"line":16,"column":41}},"8":{"start":{"line":17,"column":23},"end":{"line":17,"column":35}},"9":{"start":{"line":19,"column":19},"end":{"line":23,"column":8}},"10":{"start":{"line":25,"column":20},"end":{"line":44,"column":8}},"11":{"start":{"line":46,"column":23},"end":{"line":48,"column":8}},"12":{"start":{"line":47,"column":8},"end":{"line":47,"column":20}},"13":{"start":{"line":50,"column":31},"end":{"line":55,"column":7}},"14":{"start":{"line":57,"column":22},"end":{"line":57,"column":66}},"15":{"start":{"line":57,"column":47},"end":{"line":57,"column":65}},"16":{"start":{"line":59,"column":31},"end":{"line":65,"column":7}},"17":{"start":{"line":67,"column":24},"end":{"line":67,"column":26}},"18":{"start":{"line":68,"column":6},"end":{"line":83,"column":9}},"19":{"start":{"line":69,"column":8},"end":{"line":82,"column":11}},"20":{"start":{"line":116,"column":21},"end":{"line":116,"column":96}},"21":{"start":{"line":116,"column":50},"end":{"line":116,"column":92}},"22":{"start":{"line":118,"column":17},"end":{"line":125,"column":7}},"23":{"start":{"line":127,"column":29},"end":{"line":127,"column":71}},"24":{"start":{"line":129,"column":23},"end":{"line":137,"column":28}},"25":{"start":{"line":139,"column":6},"end":{"line":139,"column":54}},"26":{"start":{"line":139,"column":29},"end":{"line":139,"column":52}},"27":{"start":{"line":141,"column":6},"end":{"line":141,"column":64}},"28":{"start":{"line":143,"column":6},"end":{"line":143,"column":23}},"29":{"start":{"line":144,"column":6},"end":{"line":144,"column":48}},"30":{"start":{"line":146,"column":6},"end":{"line":146,"column":25}},"31":{"start":{"line":147,"column":6},"end":{"line":147,"column":25}},"32":{"start":{"line":148,"column":6},"end":{"line":148,"column":18}},"33":{"start":{"line":153,"column":14},"end":{"line":153,"column":43}},"34":{"start":{"line":154,"column":4},"end":{"line":206,"column":5}},"35":{"start":{"line":155,"column":29},"end":{"line":155,"column":81}},"36":{"start":{"line":157,"column":20},"end":{"line":157,"column":91}},"37":{"start":{"line":158,"column":6},"end":{"line":162,"column":77}},"38":{"start":{"line":163,"column":6},"end":{"line":163,"column":25}},"39":{"start":{"line":164,"column":25},"end":{"line":168,"column":8}},"40":{"start":{"line":170,"column":29},"end":{"line":175,"column":8}},"41":{"start":{"line":171,"column":8},"end":{"line":174,"column":9}},"42":{"start":{"line":177,"column":23},"end":{"line":177,"column":46}},"43":{"start":{"line":178,"column":23},"end":{"line":178,"column":46}},"44":{"start":{"line":180,"column":25},"end":{"line":180,"column":27}},"45":{"start":{"line":182,"column":6},"end":{"line":188,"column":7}},"46":{"start":{"line":182,"column":19},"end":{"line":182,"column":20}},"47":{"start":{"line":183,"column":8},"end":{"line":187,"column":9}},"48":{"start":{"line":183,"column":21},"end":{"line":183,"column":22}},"49":{"start":{"line":184,"column":10},"end":{"line":186,"column":11}},"50":{"start":{"line":185,"column":12},"end":{"line":185,"column":153}},"51":{"start":{"line":190,"column":6},"end":{"line":196,"column":8}},"52":{"start":{"line":198,"column":6},"end":{"line":198,"column":70}},"53":{"start":{"line":200,"column":6},"end":{"line":200,"column":23}},"54":{"start":{"line":201,"column":6},"end":{"line":201,"column":38}},"55":{"start":{"line":203,"column":6},"end":{"line":203,"column":25}},"56":{"start":{"line":204,"column":6},"end":{"line":204,"column":25}},"57":{"start":{"line":205,"column":6},"end":{"line":205,"column":17}},"58":{"start":{"line":209,"column":0},"end":{"line":209,"column":36}}},"fnMap":{"0":{"name":"(anonymous_0)","decl":{"start":{"line":13,"column":2},"end":{"line":13,"column":3}},"loc":{"start":{"line":13,"column":47},"end":{"line":150,"column":3}},"line":13},"1":{"name":"(anonymous_1)","decl":{"start":{"line":46,"column":33},"end":{"line":46,"column":34}},"loc":{"start":{"line":46,"column":38},"end":{"line":48,"column":7}},"line":46},"2":{"name":"(anonymous_2)","decl":{"start":{"line":57,"column":42},"end":{"line":57,"column":43}},"loc":{"start":{"line":57,"column":47},"end":{"line":57,"column":65}},"line":57},"3":{"name":"(anonymous_3)","decl":{"start":{"line":68,"column":20},"end":{"line":68,"column":21}},"loc":{"start":{"line":68,"column":25},"end":{"line":83,"column":7}},"line":68},"4":{"name":"(anonymous_4)","decl":{"start":{"line":116,"column":34},"end":{"line":116,"column":35}},"loc":{"start":{"line":116,"column":50},"end":{"line":116,"column":92}},"line":116},"5":{"name":"(anonymous_5)","decl":{"start":{"line":139,"column":24},"end":{"line":139,"column":25}},"loc":{"start":{"line":139,"column":29},"end":{"line":139,"column":52}},"line":139},"6":{"name":"(anonymous_6)","decl":{"start":{"line":152,"column":2},"end":{"line":152,"column":3}},"loc":{"start":{"line":152,"column":53},"end":{"line":207,"column":3}},"line":152},"7":{"name":"(anonymous_7)","decl":{"start":{"line":170,"column":44},"end":{"line":170,"column":45}},"loc":{"start":{"line":170,"column":49},"end":{"line":175,"column":7}},"line":170}},"branchMap":{"0":{"loc":{"start":{"line":184,"column":10},"end":{"line":186,"column":11}},"type":"if","locations":[{"start":{"line":184,"column":10},"end":{"line":186,"column":11}},{"start":{},"end":{}}],"line":184}},"s":{"0":1,"1":1,"2":1,"3":1,"4":1,"5":0,"6":0,"7":0,"8":0,"9":0,"10":0,"11":0,"12":0,"13":0,"14":0,"15":0,"16":0,"17":0,"18":0,"19":0,"20":0,"21":0,"22":0,"23":0,"24":0,"25":0,"26":0,"27":0,"28":0,"29":0,"30":0,"31":0,"32":0,"33":0,"34":0,"35":0,"36":0,"37":0,"38":0,"39":0,"40":0,"41":0,"42":0,"43":0,"44":0,"45":0,"46":0,"47":0,"48":0,"49":0,"50":0,"51":0,"52":0,"53":0,"54":0,"55":0,"56":0,"57":0,"58":1},"f":{"0":0,"1":0,"2":0,"3":0,"4":0,"5":0,"6":0,"7":0},"b":{"0":[0,0]},"_coverageSchema":"1a1c01bbd47fc00a2c39e90264f33305004495a9","hash":"7d4f395aa540a82b607099d9718e0a76a7e8c1f3"}
,"D:\\DATA\\Haktiv\\phase3\\h8-fp-up-ecommerce\\app\\controllers\\ProductController.js": {"path":"D:\\DATA\\Haktiv\\phase3\\h8-fp-up-ecommerce\\app\\controllers\\ProductController.js","statementMap":{"0":{"start":{"line":9,"column":4},"end":{"line":9,"column":24}},"1":{"start":{"line":10,"column":15},"end":{"line":10,"column":35}},"2":{"start":{"line":14,"column":4},"end":{"line":47,"column":5}},"3":{"start":{"line":15,"column":22},"end":{"line":15,"column":35}},"4":{"start":{"line":16,"column":22},"end":{"line":35,"column":7}},"5":{"start":{"line":36,"column":6},"end":{"line":42,"column":7}},"6":{"start":{"line":37,"column":8},"end":{"line":41,"column":10}},"7":{"start":{"line":43,"column":23},"end":{"line":43,"column":53}},"8":{"start":{"line":44,"column":6},"end":{"line":44,"column":42}},"9":{"start":{"line":46,"column":6},"end":{"line":46,"column":18}},"10":{"start":{"line":51,"column":4},"end":{"line":84,"column":5}},"11":{"start":{"line":52,"column":21},"end":{"line":52,"column":35}},"12":{"start":{"line":53,"column":22},"end":{"line":79,"column":8}},"13":{"start":{"line":80,"column":6},"end":{"line":80,"column":72}},"14":{"start":{"line":80,"column":20},"end":{"line":80,"column":72}},"15":{"start":{"line":81,"column":6},"end":{"line":81,"column":41}},"16":{"start":{"line":83,"column":6},"end":{"line":83,"column":18}},"17":{"start":{"line":88,"column":23},"end":{"line":88,"column":35}},"18":{"start":{"line":89,"column":4},"end":{"line":89,"column":24}},"19":{"start":{"line":90,"column":4},"end":{"line":102,"column":5}},"20":{"start":{"line":91,"column":19},"end":{"line":97,"column":8}},"21":{"start":{"line":98,"column":6},"end":{"line":98,"column":38}},"22":{"start":{"line":100,"column":6},"end":{"line":100,"column":25}},"23":{"start":{"line":101,"column":6},"end":{"line":101,"column":18}},"24":{"start":{"line":106,"column":4},"end":{"line":133,"column":5}},"25":{"start":{"line":107,"column":22},"end":{"line":128,"column":7}},"26":{"start":{"line":129,"column":23},"end":{"line":129,"column":53}},"27":{"start":{"line":130,"column":6},"end":{"line":130,"column":42}},"28":{"start":{"line":132,"column":6},"end":{"line":132,"column":18}},"29":{"start":{"line":137,"column":4},"end":{"line":164,"column":5}},"30":{"start":{"line":138,"column":29},"end":{"line":138,"column":41}},"31":{"start":{"line":139,"column":22},"end":{"line":159,"column":7}},"32":{"start":{"line":160,"column":23},"end":{"line":160,"column":53}},"33":{"start":{"line":161,"column":6},"end":{"line":161,"column":42}},"34":{"start":{"line":163,"column":6},"end":{"line":163,"column":18}},"35":{"start":{"line":168,"column":14},"end":{"line":168,"column":43}},"36":{"start":{"line":169,"column":4},"end":{"line":217,"column":5}},"37":{"start":{"line":170,"column":31},"end":{"line":170,"column":43}},"38":{"start":{"line":184,"column":10},"end":{"line":184,"column":22}},"39":{"start":{"line":186,"column":25},"end":{"line":200,"column":7}},"40":{"start":{"line":202,"column":6},"end":{"line":208,"column":7}},"41":{"start":{"line":203,"column":23},"end":{"line":203,"column":71}},"42":{"start":{"line":203,"column":62},"end":{"line":203,"column":70}},"43":{"start":{"line":204,"column":8},"end":{"line":207,"column":9}},"44":{"start":{"line":205,"column":10},"end":{"line":205,"column":63}},"45":{"start":{"line":205,"column":33},"end":{"line":205,"column":60}},"46":{"start":{"line":206,"column":10},"end":{"line":206,"column":61}},"47":{"start":{"line":209,"column":6},"end":{"line":209,"column":23}},"48":{"start":{"line":210,"column":6},"end":{"line":212,"column":66}},"49":{"start":{"line":214,"column":6},"end":{"line":214,"column":25}},"50":{"start":{"line":215,"column":6},"end":{"line":215,"column":25}},"51":{"start":{"line":216,"column":6},"end":{"line":216,"column":18}},"52":{"start":{"line":221,"column":14},"end":{"line":221,"column":43}},"53":{"start":{"line":222,"column":4},"end":{"line":283,"column":5}},"54":{"start":{"line":223,"column":32},"end":{"line":223,"column":46}},"55":{"start":{"line":237,"column":10},"end":{"line":237,"column":22}},"56":{"start":{"line":238,"column":6},"end":{"line":251,"column":8}},"57":{"start":{"line":253,"column":23},"end":{"line":255,"column":7}},"58":{"start":{"line":254,"column":15},"end":{"line":254,"column":32}},"59":{"start":{"line":256,"column":6},"end":{"line":256,"column":47}},"60":{"start":{"line":256,"column":41},"end":{"line":256,"column":45}},"61":{"start":{"line":257,"column":22},"end":{"line":257,"column":70}},"62":{"start":{"line":257,"column":61},"end":{"line":257,"column":69}},"63":{"start":{"line":258,"column":6},"end":{"line":258,"column":58}},"64":{"start":{"line":258,"column":32},"end":{"line":258,"column":55}},"65":{"start":{"line":260,"column":6},"end":{"line":264,"column":11}},"66":{"start":{"line":261,"column":8},"end":{"line":264,"column":11}},"67":{"start":{"line":266,"column":6},"end":{"line":273,"column":7}},"68":{"start":{"line":267,"column":8},"end":{"line":272,"column":29}},"69":{"start":{"line":275,"column":6},"end":{"line":275,"column":23}},"70":{"start":{"line":276,"column":6},"end":{"line":278,"column":68}},"71":{"start":{"line":280,"column":6},"end":{"line":280,"column":25}},"72":{"start":{"line":281,"column":6},"end":{"line":281,"column":25}},"73":{"start":{"line":282,"column":6},"end":{"line":282,"column":18}},"74":{"start":{"line":287,"column":4},"end":{"line":295,"column":5}},"75":{"start":{"line":288,"column":32},"end":{"line":288,"column":46}},"76":{"start":{"line":289,"column":6},"end":{"line":289,"column":71}},"77":{"start":{"line":290,"column":6},"end":{"line":292,"column":68}},"78":{"start":{"line":294,"column":6},"end":{"line":294,"column":18}},"79":{"start":{"line":299,"column":0},"end":{"line":299,"column":35}}},"fnMap":{"0":{"name":"(anonymous_0)","decl":{"start":{"line":13,"column":2},"end":{"line":13,"column":3}},"loc":{"start":{"line":13,"column":54},"end":{"line":48,"column":3}},"line":13},"1":{"name":"(anonymous_1)","decl":{"start":{"line":50,"column":2},"end":{"line":50,"column":3}},"loc":{"start":{"line":50,"column":53},"end":{"line":85,"column":3}},"line":50},"2":{"name":"(anonymous_2)","decl":{"start":{"line":87,"column":2},"end":{"line":87,"column":3}},"loc":{"start":{"line":87,"column":60},"end":{"line":103,"column":3}},"line":87},"3":{"name":"(anonymous_3)","decl":{"start":{"line":105,"column":2},"end":{"line":105,"column":3}},"loc":{"start":{"line":105,"column":60},"end":{"line":134,"column":3}},"line":105},"4":{"name":"(anonymous_4)","decl":{"start":{"line":136,"column":2},"end":{"line":136,"column":3}},"loc":{"start":{"line":136,"column":58},"end":{"line":165,"column":3}},"line":136},"5":{"name":"(anonymous_5)","decl":{"start":{"line":167,"column":2},"end":{"line":167,"column":3}},"loc":{"start":{"line":167,"column":54},"end":{"line":218,"column":3}},"line":167},"6":{"name":"(anonymous_6)","decl":{"start":{"line":203,"column":55},"end":{"line":203,"column":56}},"loc":{"start":{"line":203,"column":62},"end":{"line":203,"column":70}},"line":203},"7":{"name":"(anonymous_7)","decl":{"start":{"line":205,"column":25},"end":{"line":205,"column":26}},"loc":{"start":{"line":205,"column":33},"end":{"line":205,"column":60}},"line":205},"8":{"name":"(anonymous_8)","decl":{"start":{"line":220,"column":2},"end":{"line":220,"column":3}},"loc":{"start":{"line":220,"column":54},"end":{"line":284,"column":3}},"line":220},"9":{"name":"(anonymous_9)","decl":{"start":{"line":254,"column":8},"end":{"line":254,"column":9}},"loc":{"start":{"line":254,"column":15},"end":{"line":254,"column":32}},"line":254},"10":{"name":"(anonymous_10)","decl":{"start":{"line":256,"column":34},"end":{"line":256,"column":35}},"loc":{"start":{"line":256,"column":41},"end":{"line":256,"column":45}},"line":256},"11":{"name":"(anonymous_11)","decl":{"start":{"line":257,"column":54},"end":{"line":257,"column":55}},"loc":{"start":{"line":257,"column":61},"end":{"line":257,"column":69}},"line":257},"12":{"name":"(anonymous_12)","decl":{"start":{"line":258,"column":24},"end":{"line":258,"column":25}},"loc":{"start":{"line":258,"column":32},"end":{"line":258,"column":55}},"line":258},"13":{"name":"(anonymous_13)","decl":{"start":{"line":286,"column":2},"end":{"line":286,"column":3}},"loc":{"start":{"line":286,"column":54},"end":{"line":296,"column":3}},"line":286}},"branchMap":{"0":{"loc":{"start":{"line":36,"column":6},"end":{"line":42,"column":7}},"type":"if","locations":[{"start":{"line":36,"column":6},"end":{"line":42,"column":7}},{"start":{},"end":{}}],"line":36},"1":{"loc":{"start":{"line":80,"column":6},"end":{"line":80,"column":72}},"type":"if","locations":[{"start":{"line":80,"column":6},"end":{"line":80,"column":72}},{"start":{},"end":{}}],"line":80},"2":{"loc":{"start":{"line":202,"column":6},"end":{"line":208,"column":7}},"type":"if","locations":[{"start":{"line":202,"column":6},"end":{"line":208,"column":7}},{"start":{},"end":{}}],"line":202},"3":{"loc":{"start":{"line":202,"column":10},"end":{"line":202,"column":36}},"type":"binary-expr","locations":[{"start":{"line":202,"column":10},"end":{"line":202,"column":16}},{"start":{"line":202,"column":20},"end":{"line":202,"column":26}},{"start":{"line":202,"column":30},"end":{"line":202,"column":36}}],"line":202},"4":{"loc":{"start":{"line":204,"column":8},"end":{"line":207,"column":9}},"type":"if","locations":[{"start":{"line":204,"column":8},"end":{"line":207,"column":9}},{"start":{},"end":{}}],"line":204},"5":{"loc":{"start":{"line":254,"column":15},"end":{"line":254,"column":32}},"type":"binary-expr","locations":[{"start":{"line":254,"column":15},"end":{"line":254,"column":24}},{"start":{"line":254,"column":28},"end":{"line":254,"column":32}}],"line":254},"6":{"loc":{"start":{"line":260,"column":6},"end":{"line":264,"column":11}},"type":"if","locations":[{"start":{"line":260,"column":6},"end":{"line":264,"column":11}},{"start":{},"end":{}}],"line":260},"7":{"loc":{"start":{"line":266,"column":6},"end":{"line":273,"column":7}},"type":"if","locations":[{"start":{"line":266,"column":6},"end":{"line":273,"column":7}},{"start":{},"end":{}}],"line":266}},"s":{"0":1,"1":1,"2":0,"3":0,"4":0,"5":0,"6":0,"7":0,"8":0,"9":0,"10":0,"11":0,"12":0,"13":0,"14":0,"15":0,"16":0,"17":0,"18":0,"19":0,"20":0,"21":0,"22":0,"23":0,"24":0,"25":0,"26":0,"27":0,"28":0,"29":0,"30":0,"31":0,"32":0,"33":0,"34":0,"35":0,"36":0,"37":0,"38":0,"39":0,"40":0,"41":0,"42":0,"43":0,"44":0,"45":0,"46":0,"47":0,"48":0,"49":0,"50":0,"51":0,"52":0,"53":0,"54":0,"55":0,"56":0,"57":0,"58":0,"59":0,"60":0,"61":0,"62":0,"63":0,"64":0,"65":0,"66":0,"67":0,"68":0,"69":0,"70":0,"71":0,"72":0,"73":0,"74":0,"75":0,"76":0,"77":0,"78":0,"79":1},"f":{"0":0,"1":0,"2":0,"3":0,"4":0,"5":0,"6":0,"7":0,"8":0,"9":0,"10":0,"11":0,"12":0,"13":0},"b":{"0":[0,0],"1":[0,0],"2":[0,0],"3":[0,0,0],"4":[0,0],"5":[0,0],"6":[0,0],"7":[0,0]},"_coverageSchema":"1a1c01bbd47fc00a2c39e90264f33305004495a9","hash":"0cb0b537a1a6214ac5ad80b081efd1887ea27340"}
,"D:\\DATA\\Haktiv\\phase3\\h8-fp-up-ecommerce\\app\\controllers\\SubCategoryController.js": {"path":"D:\\DATA\\Haktiv\\phase3\\h8-fp-up-ecommerce\\app\\controllers\\SubCategoryController.js","statementMap":{"0":{"start":{"line":1,"column":45},"end":{"line":1,"column":65}},"1":{"start":{"line":2,"column":15},"end":{"line":2,"column":35}},"2":{"start":{"line":6,"column":4},"end":{"line":17,"column":5}},"3":{"start":{"line":7,"column":28},"end":{"line":12,"column":8}},"4":{"start":{"line":13,"column":6},"end":{"line":13,"column":47}},"5":{"start":{"line":16,"column":6},"end":{"line":16,"column":18}},"6":{"start":{"line":21,"column":4},"end":{"line":33,"column":5}},"7":{"start":{"line":22,"column":21},"end":{"line":22,"column":35}},"8":{"start":{"line":23,"column":26},"end":{"line":28,"column":8}},"9":{"start":{"line":29,"column":6},"end":{"line":29,"column":45}},"10":{"start":{"line":32,"column":6},"end":{"line":32,"column":18}},"11":{"start":{"line":72,"column":0},"end":{"line":72,"column":39}}},"fnMap":{"0":{"name":"(anonymous_0)","decl":{"start":{"line":5,"column":2},"end":{"line":5,"column":3}},"loc":{"start":{"line":5,"column":59},"end":{"line":18,"column":3}},"line":5},"1":{"name":"(anonymous_1)","decl":{"start":{"line":20,"column":2},"end":{"line":20,"column":3}},"loc":{"start":{"line":20,"column":57},"end":{"line":34,"column":3}},"line":20}},"branchMap":{},"s":{"0":1,"1":1,"2":0,"3":0,"4":0,"5":0,"6":0,"7":0,"8":0,"9":0,"10":0,"11":1},"f":{"0":0,"1":0},"b":{},"_coverageSchema":"1a1c01bbd47fc00a2c39e90264f33305004495a9","hash":"d815a864c5bdea4ac1e7293fb7415a5513d6635f"}
,"D:\\DATA\\Haktiv\\phase3\\h8-fp-up-ecommerce\\app\\controllers\\UserController.js": {"path":"D:\\DATA\\Haktiv\\phase3\\h8-fp-up-ecommerce\\app\\controllers\\UserController.js","statementMap":{"0":{"start":{"line":1,"column":31},"end":{"line":1,"column":52}},"1":{"start":{"line":2,"column":55},"end":{"line":2,"column":75}},"2":{"start":{"line":3,"column":15},"end":{"line":3,"column":35}},"3":{"start":{"line":7,"column":4},"end":{"line":14,"column":5}},"4":{"start":{"line":8,"column":20},"end":{"line":10,"column":8}},"5":{"start":{"line":11,"column":6},"end":{"line":11,"column":39}},"6":{"start":{"line":13,"column":6},"end":{"line":13,"column":18}},"7":{"start":{"line":18,"column":4},"end":{"line":30,"column":5}},"8":{"start":{"line":19,"column":21},"end":{"line":19,"column":35}},"9":{"start":{"line":20,"column":20},"end":{"line":25,"column":8}},"10":{"start":{"line":26,"column":6},"end":{"line":26,"column":68}},"11":{"start":{"line":26,"column":18},"end":{"line":26,"column":68}},"12":{"start":{"line":27,"column":6},"end":{"line":27,"column":39}},"13":{"start":{"line":29,"column":6},"end":{"line":29,"column":18}},"14":{"start":{"line":34,"column":4},"end":{"line":41,"column":5}},"15":{"start":{"line":35,"column":56},"end":{"line":35,"column":68}},"16":{"start":{"line":36,"column":6},"end":{"line":36,"column":81}},"17":{"start":{"line":37,"column":6},"end":{"line":37,"column":85}},"18":{"start":{"line":39,"column":6},"end":{"line":39,"column":25}},"19":{"start":{"line":40,"column":6},"end":{"line":40,"column":18}},"20":{"start":{"line":45,"column":4},"end":{"line":104,"column":5}},"21":{"start":{"line":46,"column":34},"end":{"line":46,"column":46}},"22":{"start":{"line":47,"column":6},"end":{"line":81,"column":7}},"23":{"start":{"line":48,"column":8},"end":{"line":60,"column":9}},"24":{"start":{"line":61,"column":13},"end":{"line":81,"column":7}},"25":{"start":{"line":62,"column":8},"end":{"line":70,"column":9}},"26":{"start":{"line":71,"column":13},"end":{"line":81,"column":7}},"27":{"start":{"line":72,"column":8},"end":{"line":80,"column":9}},"28":{"start":{"line":83,"column":17},"end":{"line":89,"column":8}},"29":{"start":{"line":90,"column":6},"end":{"line":90,"column":79}},"30":{"start":{"line":90,"column":17},"end":{"line":90,"column":79}},"31":{"start":{"line":92,"column":28},"end":{"line":92,"column":62}},"32":{"start":{"line":93,"column":6},"end":{"line":93,"column":88}},"33":{"start":{"line":93,"column":26},"end":{"line":93,"column":88}},"34":{"start":{"line":95,"column":6},"end":{"line":95,"column":27}},"35":{"start":{"line":96,"column":20},"end":{"line":96,"column":61}},"36":{"start":{"line":97,"column":6},"end":{"line":100,"column":9}},"37":{"start":{"line":103,"column":6},"end":{"line":103,"column":18}},"38":{"start":{"line":108,"column":4},"end":{"line":119,"column":5}},"39":{"start":{"line":109,"column":21},"end":{"line":109,"column":33}},"40":{"start":{"line":110,"column":19},"end":{"line":110,"column":64}},"41":{"start":{"line":111,"column":6},"end":{"line":111,"column":67}},"42":{"start":{"line":111,"column":17},"end":{"line":111,"column":67}},"43":{"start":{"line":112,"column":17},"end":{"line":112,"column":22}},"44":{"start":{"line":113,"column":6},"end":{"line":113,"column":45}},"45":{"start":{"line":113,"column":33},"end":{"line":113,"column":45}},"46":{"start":{"line":114,"column":67},"end":{"line":114,"column":79}},"47":{"start":{"line":115,"column":6},"end":{"line":115,"column":108}},"48":{"start":{"line":116,"column":6},"end":{"line":116,"column":85}},"49":{"start":{"line":118,"column":6},"end":{"line":118,"column":18}},"50":{"start":{"line":123,"column":4},"end":{"line":132,"column":5}},"51":{"start":{"line":124,"column":29},"end":{"line":124,"column":41}},"52":{"start":{"line":125,"column":21},"end":{"line":128,"column":8}},"53":{"start":{"line":129,"column":6},"end":{"line":129,"column":40}},"54":{"start":{"line":131,"column":6},"end":{"line":131,"column":18}},"55":{"start":{"line":136,"column":0},"end":{"line":136,"column":32}}},"fnMap":{"0":{"name":"(anonymous_0)","decl":{"start":{"line":6,"column":2},"end":{"line":6,"column":3}},"loc":{"start":{"line":6,"column":46},"end":{"line":15,"column":3}},"line":6},"1":{"name":"(anonymous_1)","decl":{"start":{"line":17,"column":2},"end":{"line":17,"column":3}},"loc":{"start":{"line":17,"column":45},"end":{"line":31,"column":3}},"line":17},"2":{"name":"(anonymous_2)","decl":{"start":{"line":33,"column":2},"end":{"line":33,"column":3}},"loc":{"start":{"line":33,"column":49},"end":{"line":42,"column":3}},"line":33},"3":{"name":"(anonymous_3)","decl":{"start":{"line":44,"column":2},"end":{"line":44,"column":3}},"loc":{"start":{"line":44,"column":46},"end":{"line":105,"column":3}},"line":44},"4":{"name":"(anonymous_4)","decl":{"start":{"line":107,"column":2},"end":{"line":107,"column":3}},"loc":{"start":{"line":107,"column":51},"end":{"line":120,"column":3}},"line":107},"5":{"name":"(anonymous_5)","decl":{"start":{"line":122,"column":2},"end":{"line":122,"column":3}},"loc":{"start":{"line":122,"column":50},"end":{"line":133,"column":3}},"line":122}},"branchMap":{"0":{"loc":{"start":{"line":26,"column":6},"end":{"line":26,"column":68}},"type":"if","locations":[{"start":{"line":26,"column":6},"end":{"line":26,"column":68}},{"start":{},"end":{}}],"line":26},"1":{"loc":{"start":{"line":47,"column":6},"end":{"line":81,"column":7}},"type":"if","locations":[{"start":{"line":47,"column":6},"end":{"line":81,"column":7}},{"start":{"line":61,"column":13},"end":{"line":81,"column":7}}],"line":47},"2":{"loc":{"start":{"line":47,"column":10},"end":{"line":47,"column":29}},"type":"binary-expr","locations":[{"start":{"line":47,"column":10},"end":{"line":47,"column":16}},{"start":{"line":47,"column":20},"end":{"line":47,"column":29}}],"line":47},"3":{"loc":{"start":{"line":61,"column":13},"end":{"line":81,"column":7}},"type":"if","locations":[{"start":{"line":61,"column":13},"end":{"line":81,"column":7}},{"start":{"line":71,"column":13},"end":{"line":81,"column":7}}],"line":61},"4":{"loc":{"start":{"line":61,"column":17},"end":{"line":61,"column":35}},"type":"binary-expr","locations":[{"start":{"line":61,"column":17},"end":{"line":61,"column":23}},{"start":{"line":61,"column":27},"end":{"line":61,"column":35}}],"line":61},"5":{"loc":{"start":{"line":71,"column":13},"end":{"line":81,"column":7}},"type":"if","locations":[{"start":{"line":71,"column":13},"end":{"line":81,"column":7}},{"start":{},"end":{}}],"line":71},"6":{"loc":{"start":{"line":71,"column":17},"end":{"line":71,"column":35}},"type":"binary-expr","locations":[{"start":{"line":71,"column":17},"end":{"line":71,"column":22}},{"start":{"line":71,"column":26},"end":{"line":71,"column":35}}],"line":71},"7":{"loc":{"start":{"line":90,"column":6},"end":{"line":90,"column":79}},"type":"if","locations":[{"start":{"line":90,"column":6},"end":{"line":90,"column":79}},{"start":{},"end":{}}],"line":90},"8":{"loc":{"start":{"line":93,"column":6},"end":{"line":93,"column":88}},"type":"if","locations":[{"start":{"line":93,"column":6},"end":{"line":93,"column":88}},{"start":{},"end":{}}],"line":93},"9":{"loc":{"start":{"line":111,"column":6},"end":{"line":111,"column":67}},"type":"if","locations":[{"start":{"line":111,"column":6},"end":{"line":111,"column":67}},{"start":{},"end":{}}],"line":111},"10":{"loc":{"start":{"line":113,"column":6},"end":{"line":113,"column":45}},"type":"if","locations":[{"start":{"line":113,"column":6},"end":{"line":113,"column":45}},{"start":{},"end":{}}],"line":113}},"s":{"0":1,"1":1,"2":1,"3":0,"4":0,"5":0,"6":0,"7":0,"8":0,"9":0,"10":0,"11":0,"12":0,"13":0,"14":0,"15":0,"16":0,"17":0,"18":0,"19":0,"20":0,"21":0,"22":0,"23":0,"24":0,"25":0,"26":0,"27":0,"28":0,"29":0,"30":0,"31":0,"32":0,"33":0,"34":0,"35":0,"36":0,"37":0,"38":0,"39":0,"40":0,"41":0,"42":0,"43":0,"44":0,"45":0,"46":0,"47":0,"48":0,"49":0,"50":0,"51":0,"52":0,"53":0,"54":0,"55":1},"f":{"0":0,"1":0,"2":0,"3":0,"4":0,"5":0},"b":{"0":[0,0],"1":[0,0],"2":[0,0],"3":[0,0],"4":[0,0],"5":[0,0],"6":[0,0],"7":[0,0],"8":[0,0],"9":[0,0],"10":[0,0]},"_coverageSchema":"1a1c01bbd47fc00a2c39e90264f33305004495a9","hash":"3b5d2eb4bb50bc46d76136585e23245f70287658"}
,"D:\\DATA\\Haktiv\\phase3\\h8-fp-up-ecommerce\\app\\controllers\\auctionController.js": {"path":"D:\\DATA\\Haktiv\\phase3\\h8-fp-up-ecommerce\\app\\controllers\\auctionController.js","statementMap":{"0":{"start":{"line":1,"column":26},"end":{"line":1,"column":46}},"1":{"start":{"line":5,"column":4},"end":{"line":14,"column":5}},"2":{"start":{"line":6,"column":29},"end":{"line":6,"column":37}},"3":{"start":{"line":7,"column":55},"end":{"line":7,"column":63}},"4":{"start":{"line":8,"column":6},"end":{"line":8,"column":76}},"5":{"start":{"line":9,"column":6},"end":{"line":11,"column":8}},"6":{"start":{"line":13,"column":6},"end":{"line":13,"column":15}},"7":{"start":{"line":37,"column":4},"end":{"line":46,"column":5}},"8":{"start":{"line":38,"column":21},"end":{"line":38,"column":31}},"9":{"start":{"line":39,"column":16},"end":{"line":39,"column":26}},"10":{"start":{"line":40,"column":6},"end":{"line":40,"column":85}},"11":{"start":{"line":41,"column":6},"end":{"line":43,"column":8}},"12":{"start":{"line":45,"column":6},"end":{"line":45,"column":15}},"13":{"start":{"line":50,"column":4},"end":{"line":59,"column":5}},"14":{"start":{"line":51,"column":21},"end":{"line":51,"column":31}},"15":{"start":{"line":52,"column":46},"end":{"line":52,"column":54}},"16":{"start":{"line":53,"column":6},"end":{"line":53,"column":98}},"17":{"start":{"line":54,"column":6},"end":{"line":56,"column":8}},"18":{"start":{"line":58,"column":6},"end":{"line":58,"column":15}},"19":{"start":{"line":63,"column":4},"end":{"line":78,"column":5}},"20":{"start":{"line":64,"column":19},"end":{"line":74,"column":8}},"21":{"start":{"line":75,"column":6},"end":{"line":75,"column":33}},"22":{"start":{"line":77,"column":6},"end":{"line":77,"column":15}},"23":{"start":{"line":82,"column":4},"end":{"line":97,"column":5}},"24":{"start":{"line":83,"column":19},"end":{"line":93,"column":8}},"25":{"start":{"line":94,"column":6},"end":{"line":94,"column":33}},"26":{"start":{"line":96,"column":6},"end":{"line":96,"column":15}},"27":{"start":{"line":101,"column":4},"end":{"line":116,"column":5}},"28":{"start":{"line":102,"column":19},"end":{"line":112,"column":8}},"29":{"start":{"line":113,"column":6},"end":{"line":113,"column":33}},"30":{"start":{"line":115,"column":6},"end":{"line":115,"column":15}},"31":{"start":{"line":177,"column":0},"end":{"line":177,"column":34}}},"fnMap":{"0":{"name":"(anonymous_0)","decl":{"start":{"line":4,"column":2},"end":{"line":4,"column":3}},"loc":{"start":{"line":4,"column":45},"end":{"line":15,"column":3}},"line":4},"1":{"name":"(anonymous_1)","decl":{"start":{"line":36,"column":2},"end":{"line":36,"column":3}},"loc":{"start":{"line":36,"column":46},"end":{"line":47,"column":3}},"line":36},"2":{"name":"(anonymous_2)","decl":{"start":{"line":49,"column":2},"end":{"line":49,"column":3}},"loc":{"start":{"line":49,"column":46},"end":{"line":60,"column":3}},"line":49},"3":{"name":"(anonymous_3)","decl":{"start":{"line":62,"column":2},"end":{"line":62,"column":3}},"loc":{"start":{"line":62,"column":50},"end":{"line":79,"column":3}},"line":62},"4":{"name":"(anonymous_4)","decl":{"start":{"line":81,"column":2},"end":{"line":81,"column":3}},"loc":{"start":{"line":81,"column":48},"end":{"line":98,"column":3}},"line":81},"5":{"name":"(anonymous_5)","decl":{"start":{"line":100,"column":2},"end":{"line":100,"column":3}},"loc":{"start":{"line":100,"column":48},"end":{"line":117,"column":3}},"line":100}},"branchMap":{},"s":{"0":1,"1":0,"2":0,"3":0,"4":0,"5":0,"6":0,"7":0,"8":0,"9":0,"10":0,"11":0,"12":0,"13":0,"14":0,"15":0,"16":0,"17":0,"18":0,"19":0,"20":0,"21":0,"22":0,"23":0,"24":0,"25":0,"26":0,"27":0,"28":0,"29":0,"30":0,"31":1},"f":{"0":0,"1":0,"2":0,"3":0,"4":0,"5":0},"b":{},"_coverageSchema":"1a1c01bbd47fc00a2c39e90264f33305004495a9","hash":"7c7d2b4a786c6315e10ae71900033766967b311e"}
,"D:\\DATA\\Haktiv\\phase3\\h8-fp-up-ecommerce\\app\\helpers\\index.js": {"path":"D:\\DATA\\Haktiv\\phase3\\h8-fp-up-ecommerce\\app\\helpers\\index.js","statementMap":{"0":{"start":{"line":1,"column":15},"end":{"line":1,"column":32}},"1":{"start":{"line":2,"column":12},"end":{"line":2,"column":35}},"2":{"start":{"line":3,"column":15},"end":{"line":5,"column":1}},"3":{"start":{"line":4,"column":2},"end":{"line":4,"column":53}},"4":{"start":{"line":7,"column":18},"end":{"line":9,"column":1}},"5":{"start":{"line":8,"column":2},"end":{"line":8,"column":47}},"6":{"start":{"line":11,"column":16},"end":{"line":13,"column":1}},"7":{"start":{"line":12,"column":2},"end":{"line":12,"column":50}},"8":{"start":{"line":15,"column":18},"end":{"line":17,"column":1}},"9":{"start":{"line":16,"column":2},"end":{"line":16,"column":53}},"10":{"start":{"line":19,"column":16},"end":{"line":36,"column":1}},"11":{"start":{"line":20,"column":15},"end":{"line":29,"column":4}},"12":{"start":{"line":31,"column":2},"end":{"line":33,"column":5}},"13":{"start":{"line":35,"column":2},"end":{"line":35,"column":14}},"14":{"start":{"line":38,"column":0},"end":{"line":38,"column":68}}},"fnMap":{"0":{"name":"(anonymous_0)","decl":{"start":{"line":3,"column":15},"end":{"line":3,"column":16}},"loc":{"start":{"line":3,"column":23},"end":{"line":5,"column":1}},"line":3},"1":{"name":"(anonymous_1)","decl":{"start":{"line":7,"column":18},"end":{"line":7,"column":19}},"loc":{"start":{"line":7,"column":41},"end":{"line":9,"column":1}},"line":7},"2":{"name":"(anonymous_2)","decl":{"start":{"line":11,"column":16},"end":{"line":11,"column":17}},"loc":{"start":{"line":11,"column":32},"end":{"line":13,"column":1}},"line":11},"3":{"name":"(anonymous_3)","decl":{"start":{"line":15,"column":18},"end":{"line":15,"column":19}},"loc":{"start":{"line":15,"column":35},"end":{"line":17,"column":1}},"line":15},"4":{"name":"(anonymous_4)","decl":{"start":{"line":19,"column":16},"end":{"line":19,"column":17}},"loc":{"start":{"line":19,"column":42},"end":{"line":36,"column":1}},"line":19}},"branchMap":{},"s":{"0":1,"1":1,"2":1,"3":0,"4":1,"5":0,"6":1,"7":3,"8":1,"9":0,"10":1,"11":0,"12":0,"13":0,"14":1},"f":{"0":0,"1":0,"2":3,"3":0,"4":0},"b":{},"_coverageSchema":"1a1c01bbd47fc00a2c39e90264f33305004495a9","hash":"9f2ef38ded81911a8f4c06ecf4fb00f1b2d7ca20"}
,"D:\\DATA\\Haktiv\\phase3\\h8-fp-up-ecommerce\\app\\middlewares\\authentication.js": {"path":"D:\\DATA\\Haktiv\\phase3\\h8-fp-up-ecommerce\\app\\middlewares\\authentication.js","statementMap":{"0":{"start":{"line":1,"column":22},"end":{"line":1,"column":43}},"1":{"start":{"line":2,"column":17},"end":{"line":2,"column":37}},"2":{"start":{"line":4,"column":0},"end":{"line":15,"column":2}},"3":{"start":{"line":5,"column":2},"end":{"line":14,"column":3}},"4":{"start":{"line":6,"column":29},"end":{"line":6,"column":44}},"5":{"start":{"line":7,"column":4},"end":{"line":7,"column":71}},"6":{"start":{"line":7,"column":23},"end":{"line":7,"column":71}},"7":{"start":{"line":8,"column":20},"end":{"line":8,"column":43}},"8":{"start":{"line":9,"column":17},"end":{"line":9,"column":49}},"9":{"start":{"line":10,"column":4},"end":{"line":10,"column":52}},"10":{"start":{"line":11,"column":4},"end":{"line":11,"column":11}},"11":{"start":{"line":13,"column":4},"end":{"line":13,"column":17}}},"fnMap":{"0":{"name":"(anonymous_0)","decl":{"start":{"line":4,"column":17},"end":{"line":4,"column":18}},"loc":{"start":{"line":4,"column":52},"end":{"line":15,"column":1}},"line":4}},"branchMap":{"0":{"loc":{"start":{"line":7,"column":4},"end":{"line":7,"column":71}},"type":"if","locations":[{"start":{"line":7,"column":4},"end":{"line":7,"column":71}},{"start":{},"end":{}}],"line":7}},"s":{"0":1,"1":1,"2":1,"3":0,"4":0,"5":0,"6":0,"7":0,"8":0,"9":0,"10":0,"11":0},"f":{"0":0},"b":{"0":[0,0]},"_coverageSchema":"1a1c01bbd47fc00a2c39e90264f33305004495a9","hash":"e623190fc73e5582a6147853ba69d5c46388fb27"}
,"D:\\DATA\\Haktiv\\phase3\\h8-fp-up-ecommerce\\app\\middlewares\\authorizationAuction.js": {"path":"D:\\DATA\\Haktiv\\phase3\\h8-fp-up-ecommerce\\app\\middlewares\\authorizationAuction.js","statementMap":{"0":{"start":{"line":1,"column":20},"end":{"line":1,"column":40}},"1":{"start":{"line":3,"column":0},"end":{"line":14,"column":2}},"2":{"start":{"line":4,"column":2},"end":{"line":13,"column":3}},"3":{"start":{"line":5,"column":21},"end":{"line":5,"column":33}},"4":{"start":{"line":6,"column":30},"end":{"line":6,"column":44}},"5":{"start":{"line":7,"column":20},"end":{"line":7,"column":53}},"6":{"start":{"line":8,"column":4},"end":{"line":8,"column":67}},"7":{"start":{"line":8,"column":18},"end":{"line":8,"column":67}},"8":{"start":{"line":9,"column":4},"end":{"line":9,"column":109}},"9":{"start":{"line":9,"column":31},"end":{"line":9,"column":109}},"10":{"start":{"line":10,"column":4},"end":{"line":10,"column":11}},"11":{"start":{"line":12,"column":4},"end":{"line":12,"column":17}}},"fnMap":{"0":{"name":"(anonymous_0)","decl":{"start":{"line":3,"column":17},"end":{"line":3,"column":18}},"loc":{"start":{"line":3,"column":52},"end":{"line":14,"column":1}},"line":3}},"branchMap":{"0":{"loc":{"start":{"line":8,"column":4},"end":{"line":8,"column":67}},"type":"if","locations":[{"start":{"line":8,"column":4},"end":{"line":8,"column":67}},{"start":{},"end":{}}],"line":8},"1":{"loc":{"start":{"line":9,"column":4},"end":{"line":9,"column":109}},"type":"if","locations":[{"start":{"line":9,"column":4},"end":{"line":9,"column":109}},{"start":{},"end":{}}],"line":9}},"s":{"0":1,"1":1,"2":0,"3":0,"4":0,"5":0,"6":0,"7":0,"8":0,"9":0,"10":0,"11":0},"f":{"0":0},"b":{"0":[0,0],"1":[0,0]},"_coverageSchema":"1a1c01bbd47fc00a2c39e90264f33305004495a9","hash":"662e78b17c07e33732f85357aabddd6521b5f877"}
,"D:\\DATA\\Haktiv\\phase3\\h8-fp-up-ecommerce\\app\\middlewares\\authorizationCart.js": {"path":"D:\\DATA\\Haktiv\\phase3\\h8-fp-up-ecommerce\\app\\middlewares\\authorizationCart.js","statementMap":{"0":{"start":{"line":1,"column":17},"end":{"line":1,"column":37}},"1":{"start":{"line":3,"column":0},"end":{"line":14,"column":2}},"2":{"start":{"line":4,"column":2},"end":{"line":13,"column":3}},"3":{"start":{"line":5,"column":19},"end":{"line":5,"column":31}},"4":{"start":{"line":6,"column":27},"end":{"line":6,"column":41}},"5":{"start":{"line":7,"column":17},"end":{"line":7,"column":44}},"6":{"start":{"line":8,"column":4},"end":{"line":8,"column":64}},"7":{"start":{"line":8,"column":15},"end":{"line":8,"column":64}},"8":{"start":{"line":9,"column":4},"end":{"line":9,"column":108}},"9":{"start":{"line":9,"column":30},"end":{"line":9,"column":108}},"10":{"start":{"line":10,"column":4},"end":{"line":10,"column":11}},"11":{"start":{"line":12,"column":4},"end":{"line":12,"column":17}}},"fnMap":{"0":{"name":"(anonymous_0)","decl":{"start":{"line":3,"column":17},"end":{"line":3,"column":18}},"loc":{"start":{"line":3,"column":52},"end":{"line":14,"column":1}},"line":3}},"branchMap":{"0":{"loc":{"start":{"line":8,"column":4},"end":{"line":8,"column":64}},"type":"if","locations":[{"start":{"line":8,"column":4},"end":{"line":8,"column":64}},{"start":{},"end":{}}],"line":8},"1":{"loc":{"start":{"line":9,"column":4},"end":{"line":9,"column":108}},"type":"if","locations":[{"start":{"line":9,"column":4},"end":{"line":9,"column":108}},{"start":{},"end":{}}],"line":9}},"s":{"0":1,"1":1,"2":0,"3":0,"4":0,"5":0,"6":0,"7":0,"8":0,"9":0,"10":0,"11":0},"f":{"0":0},"b":{"0":[0,0],"1":[0,0]},"_coverageSchema":"1a1c01bbd47fc00a2c39e90264f33305004495a9","hash":"039f41a47afbfd5c5383d356bbac44bd7a4003b9"}
,"D:\\DATA\\Haktiv\\phase3\\h8-fp-up-ecommerce\\app\\middlewares\\authorizationProduct.js": {"path":"D:\\DATA\\Haktiv\\phase3\\h8-fp-up-ecommerce\\app\\middlewares\\authorizationProduct.js","statementMap":{"0":{"start":{"line":1,"column":26},"end":{"line":1,"column":46}},"1":{"start":{"line":3,"column":0},"end":{"line":14,"column":2}},"2":{"start":{"line":4,"column":2},"end":{"line":13,"column":3}},"3":{"start":{"line":5,"column":19},"end":{"line":5,"column":31}},"4":{"start":{"line":6,"column":30},"end":{"line":6,"column":44}},"5":{"start":{"line":7,"column":20},"end":{"line":7,"column":53}},"6":{"start":{"line":8,"column":4},"end":{"line":8,"column":70}},"7":{"start":{"line":8,"column":18},"end":{"line":8,"column":70}},"8":{"start":{"line":9,"column":4},"end":{"line":9,"column":113}},"9":{"start":{"line":9,"column":35},"end":{"line":9,"column":113}},"10":{"start":{"line":10,"column":4},"end":{"line":10,"column":11}},"11":{"start":{"line":12,"column":4},"end":{"line":12,"column":17}}},"fnMap":{"0":{"name":"(anonymous_0)","decl":{"start":{"line":3,"column":17},"end":{"line":3,"column":18}},"loc":{"start":{"line":3,"column":52},"end":{"line":14,"column":1}},"line":3}},"branchMap":{"0":{"loc":{"start":{"line":8,"column":4},"end":{"line":8,"column":70}},"type":"if","locations":[{"start":{"line":8,"column":4},"end":{"line":8,"column":70}},{"start":{},"end":{}}],"line":8},"1":{"loc":{"start":{"line":9,"column":4},"end":{"line":9,"column":113}},"type":"if","locations":[{"start":{"line":9,"column":4},"end":{"line":9,"column":113}},{"start":{},"end":{}}],"line":9}},"s":{"0":1,"1":1,"2":0,"3":0,"4":0,"5":0,"6":0,"7":0,"8":0,"9":0,"10":0,"11":0},"f":{"0":0},"b":{"0":[0,0],"1":[0,0]},"_coverageSchema":"1a1c01bbd47fc00a2c39e90264f33305004495a9","hash":"e192c0606af730c3a64551b8d4ba143c82f0172b"}
,"D:\\DATA\\Haktiv\\phase3\\h8-fp-up-ecommerce\\app\\middlewares\\errorHandler.js": {"path":"D:\\DATA\\Haktiv\\phase3\\h8-fp-up-ecommerce\\app\\middlewares\\errorHandler.js","statementMap":{"0":{"start":{"line":1,"column":0},"end":{"line":15,"column":1}},"1":{"start":{"line":2,"column":2},"end":{"line":14,"column":3}},"2":{"start":{"line":3,"column":4},"end":{"line":3,"column":56}},"3":{"start":{"line":4,"column":9},"end":{"line":14,"column":3}},"4":{"start":{"line":5,"column":4},"end":{"line":5,"column":58}},"5":{"start":{"line":6,"column":9},"end":{"line":14,"column":3}},"6":{"start":{"line":7,"column":4},"end":{"line":7,"column":60}},"7":{"start":{"line":8,"column":9},"end":{"line":14,"column":3}},"8":{"start":{"line":9,"column":4},"end":{"line":9,"column":58}},"9":{"start":{"line":10,"column":9},"end":{"line":14,"column":3}},"10":{"start":{"line":11,"column":4},"end":{"line":11,"column":58}},"11":{"start":{"line":13,"column":4},"end":{"line":13,"column":48}}},"fnMap":{"0":{"name":"(anonymous_0)","decl":{"start":{"line":1,"column":17},"end":{"line":1,"column":18}},"loc":{"start":{"line":1,"column":59},"end":{"line":15,"column":1}},"line":1}},"branchMap":{"0":{"loc":{"start":{"line":2,"column":2},"end":{"line":14,"column":3}},"type":"if","locations":[{"start":{"line":2,"column":2},"end":{"line":14,"column":3}},{"start":{"line":4,"column":9},"end":{"line":14,"column":3}}],"line":2},"1":{"loc":{"start":{"line":2,"column":6},"end":{"line":2,"column":142}},"type":"binary-expr","locations":[{"start":{"line":2,"column":6},"end":{"line":2,"column":26}},{"start":{"line":2,"column":31},"end":{"line":2,"column":43}},{"start":{"line":2,"column":48},"end":{"line":2,"column":89}},{"start":{"line":2,"column":93},"end":{"line":2,"column":140}}],"line":2},"2":{"loc":{"start":{"line":4,"column":9},"end":{"line":14,"column":3}},"type":"if","locations":[{"start":{"line":4,"column":9},"end":{"line":14,"column":3}},{"start":{"line":6,"column":9},"end":{"line":14,"column":3}}],"line":4},"3":{"loc":{"start":{"line":6,"column":9},"end":{"line":14,"column":3}},"type":"if","locations":[{"start":{"line":6,"column":9},"end":{"line":14,"column":3}},{"start":{"line":8,"column":9},"end":{"line":14,"column":3}}],"line":6},"4":{"loc":{"start":{"line":8,"column":9},"end":{"line":14,"column":3}},"type":"if","locations":[{"start":{"line":8,"column":9},"end":{"line":14,"column":3}},{"start":{"line":10,"column":9},"end":{"line":14,"column":3}}],"line":8},"5":{"loc":{"start":{"line":10,"column":9},"end":{"line":14,"column":3}},"type":"if","locations":[{"start":{"line":10,"column":9},"end":{"line":14,"column":3}},{"start":{"line":12,"column":9},"end":{"line":14,"column":3}}],"line":10}},"s":{"0":1,"1":0,"2":0,"3":0,"4":0,"5":0,"6":0,"7":0,"8":0,"9":0,"10":0,"11":0},"f":{"0":0},"b":{"0":[0,0],"1":[0,0,0,0],"2":[0,0],"3":[0,0],"4":[0,0],"5":[0,0]},"_coverageSchema":"1a1c01bbd47fc00a2c39e90264f33305004495a9","hash":"479ebf920dfd91f5ad68f93cdd36896375bde0fa"}
,"D:\\DATA\\Haktiv\\phase3\\h8-fp-up-ecommerce\\app\\models\\address.js": {"path":"D:\\DATA\\Haktiv\\phase3\\h8-fp-up-ecommerce\\app\\models\\address.js","statementMap":{"0":{"start":{"line":4,"column":4},"end":{"line":4,"column":24}},"1":{"start":{"line":5,"column":0},"end":{"line":105,"column":2}},"2":{"start":{"line":14,"column":6},"end":{"line":14,"column":37}},"3":{"start":{"line":17,"column":2},"end":{"line":103,"column":5}},"4":{"start":{"line":104,"column":2},"end":{"line":104,"column":17}}},"fnMap":{"0":{"name":"(anonymous_0)","decl":{"start":{"line":5,"column":17},"end":{"line":5,"column":18}},"loc":{"start":{"line":5,"column":43},"end":{"line":105,"column":1}},"line":5},"1":{"name":"(anonymous_1)","decl":{"start":{"line":12,"column":4},"end":{"line":12,"column":5}},"loc":{"start":{"line":12,"column":29},"end":{"line":15,"column":5}},"line":12}},"branchMap":{},"s":{"0":1,"1":1,"2":1,"3":1,"4":1},"f":{"0":1,"1":1},"b":{},"_coverageSchema":"1a1c01bbd47fc00a2c39e90264f33305004495a9","hash":"9b296183f00748cca48b73ca0a6696386b6a1aeb"}
,"D:\\DATA\\Haktiv\\phase3\\h8-fp-up-ecommerce\\app\\models\\auction.js": {"path":"D:\\DATA\\Haktiv\\phase3\\h8-fp-up-ecommerce\\app\\models\\auction.js","statementMap":{"0":{"start":{"line":4,"column":4},"end":{"line":4,"column":24}},"1":{"start":{"line":5,"column":0},"end":{"line":33,"column":2}},"2":{"start":{"line":14,"column":6},"end":{"line":14,"column":37}},"3":{"start":{"line":17,"column":2},"end":{"line":31,"column":5}},"4":{"start":{"line":32,"column":2},"end":{"line":32,"column":17}}},"fnMap":{"0":{"name":"(anonymous_0)","decl":{"start":{"line":5,"column":17},"end":{"line":5,"column":18}},"loc":{"start":{"line":5,"column":43},"end":{"line":33,"column":1}},"line":5},"1":{"name":"(anonymous_1)","decl":{"start":{"line":12,"column":4},"end":{"line":12,"column":5}},"loc":{"start":{"line":12,"column":29},"end":{"line":15,"column":5}},"line":12}},"branchMap":{},"s":{"0":1,"1":1,"2":1,"3":1,"4":1},"f":{"0":1,"1":1},"b":{},"_coverageSchema":"1a1c01bbd47fc00a2c39e90264f33305004495a9","hash":"59fd736c6546d36371d94e066958be447cbd59ba"}
,"D:\\DATA\\Haktiv\\phase3\\h8-fp-up-ecommerce\\app\\models\\cart.js": {"path":"D:\\DATA\\Haktiv\\phase3\\h8-fp-up-ecommerce\\app\\models\\cart.js","statementMap":{"0":{"start":{"line":4,"column":4},"end":{"line":4,"column":24}},"1":{"start":{"line":5,"column":0},"end":{"line":60,"column":2}},"2":{"start":{"line":14,"column":6},"end":{"line":14,"column":34}},"3":{"start":{"line":15,"column":6},"end":{"line":15,"column":37}},"4":{"start":{"line":18,"column":2},"end":{"line":58,"column":5}},"5":{"start":{"line":59,"column":2},"end":{"line":59,"column":14}}},"fnMap":{"0":{"name":"(anonymous_0)","decl":{"start":{"line":5,"column":17},"end":{"line":5,"column":18}},"loc":{"start":{"line":5,"column":43},"end":{"line":60,"column":1}},"line":5},"1":{"name":"(anonymous_1)","decl":{"start":{"line":12,"column":4},"end":{"line":12,"column":5}},"loc":{"start":{"line":12,"column":29},"end":{"line":16,"column":5}},"line":12}},"branchMap":{},"s":{"0":1,"1":1,"2":1,"3":1,"4":1,"5":1},"f":{"0":1,"1":1},"b":{},"_coverageSchema":"1a1c01bbd47fc00a2c39e90264f33305004495a9","hash":"c46f4dfbe5269f5fafc3156c38116ea8b52ec67b"}
,"D:\\DATA\\Haktiv\\phase3\\h8-fp-up-ecommerce\\app\\models\\category.js": {"path":"D:\\DATA\\Haktiv\\phase3\\h8-fp-up-ecommerce\\app\\models\\category.js","statementMap":{"0":{"start":{"line":4,"column":4},"end":{"line":4,"column":24}},"1":{"start":{"line":5,"column":0},"end":{"line":31,"column":2}},"2":{"start":{"line":14,"column":6},"end":{"line":14,"column":43}},"3":{"start":{"line":17,"column":2},"end":{"line":29,"column":5}},"4":{"start":{"line":30,"column":2},"end":{"line":30,"column":18}}},"fnMap":{"0":{"name":"(anonymous_0)","decl":{"start":{"line":5,"column":17},"end":{"line":5,"column":18}},"loc":{"start":{"line":5,"column":43},"end":{"line":31,"column":1}},"line":5},"1":{"name":"(anonymous_1)","decl":{"start":{"line":12,"column":4},"end":{"line":12,"column":5}},"loc":{"start":{"line":12,"column":29},"end":{"line":15,"column":5}},"line":12}},"branchMap":{},"s":{"0":1,"1":1,"2":1,"3":1,"4":1},"f":{"0":1,"1":1},"b":{},"_coverageSchema":"1a1c01bbd47fc00a2c39e90264f33305004495a9","hash":"c236eb65d7ee2a4d80e5bfa46de73360229552a7"}
,"D:\\DATA\\Haktiv\\phase3\\h8-fp-up-ecommerce\\app\\models\\image.js": {"path":"D:\\DATA\\Haktiv\\phase3\\h8-fp-up-ecommerce\\app\\models\\image.js","statementMap":{"0":{"start":{"line":4,"column":4},"end":{"line":4,"column":24}},"1":{"start":{"line":5,"column":0},"end":{"line":39,"column":2}},"2":{"start":{"line":14,"column":6},"end":{"line":14,"column":67}},"3":{"start":{"line":17,"column":2},"end":{"line":37,"column":5}},"4":{"start":{"line":38,"column":2},"end":{"line":38,"column":15}}},"fnMap":{"0":{"name":"(anonymous_0)","decl":{"start":{"line":5,"column":17},"end":{"line":5,"column":18}},"loc":{"start":{"line":5,"column":43},"end":{"line":39,"column":1}},"line":5},"1":{"name":"(anonymous_1)","decl":{"start":{"line":12,"column":4},"end":{"line":12,"column":5}},"loc":{"start":{"line":12,"column":29},"end":{"line":15,"column":5}},"line":12}},"branchMap":{},"s":{"0":1,"1":1,"2":1,"3":1,"4":1},"f":{"0":1,"1":1},"b":{},"_coverageSchema":"1a1c01bbd47fc00a2c39e90264f33305004495a9","hash":"dec05cb9bd7dcdd902f3fed2ac9f87b1bbf4afc7"}
,"D:\\DATA\\Haktiv\\phase3\\h8-fp-up-ecommerce\\app\\models\\index.js": {"path":"D:\\DATA\\Haktiv\\phase3\\h8-fp-up-ecommerce\\app\\models\\index.js","statementMap":{"0":{"start":{"line":3,"column":11},"end":{"line":3,"column":24}},"1":{"start":{"line":4,"column":13},"end":{"line":4,"column":28}},"2":{"start":{"line":5,"column":18},"end":{"line":5,"column":38}},"3":{"start":{"line":6,"column":17},"end":{"line":6,"column":42}},"4":{"start":{"line":7,"column":12},"end":{"line":7,"column":49}},"5":{"start":{"line":8,"column":15},"end":{"line":8,"column":65}},"6":{"start":{"line":9,"column":11},"end":{"line":9,"column":13}},"7":{"start":{"line":12,"column":0},"end":{"line":16,"column":1}},"8":{"start":{"line":13,"column":2},"end":{"line":13,"column":74}},"9":{"start":{"line":15,"column":2},"end":{"line":15,"column":87}},"10":{"start":{"line":18,"column":0},"end":{"line":26,"column":5}},"11":{"start":{"line":21,"column":4},"end":{"line":21,"column":90}},"12":{"start":{"line":24,"column":18},"end":{"line":24,"column":85}},"13":{"start":{"line":25,"column":4},"end":{"line":25,"column":27}},"14":{"start":{"line":28,"column":0},"end":{"line":32,"column":3}},"15":{"start":{"line":29,"column":2},"end":{"line":31,"column":3}},"16":{"start":{"line":30,"column":4},"end":{"line":30,"column":32}},"17":{"start":{"line":34,"column":0},"end":{"line":34,"column":25}},"18":{"start":{"line":35,"column":0},"end":{"line":35,"column":25}},"19":{"start":{"line":37,"column":0},"end":{"line":37,"column":20}}},"fnMap":{"0":{"name":"(anonymous_0)","decl":{"start":{"line":20,"column":10},"end":{"line":20,"column":11}},"loc":{"start":{"line":20,"column":18},"end":{"line":22,"column":3}},"line":20},"1":{"name":"(anonymous_1)","decl":{"start":{"line":23,"column":11},"end":{"line":23,"column":12}},"loc":{"start":{"line":23,"column":19},"end":{"line":26,"column":3}},"line":23},"2":{"name":"(anonymous_2)","decl":{"start":{"line":28,"column":24},"end":{"line":28,"column":25}},"loc":{"start":{"line":28,"column":37},"end":{"line":32,"column":1}},"line":28}},"branchMap":{"0":{"loc":{"start":{"line":7,"column":12},"end":{"line":7,"column":49}},"type":"binary-expr","locations":[{"start":{"line":7,"column":12},"end":{"line":7,"column":32}},{"start":{"line":7,"column":36},"end":{"line":7,"column":49}}],"line":7},"1":{"loc":{"start":{"line":12,"column":0},"end":{"line":16,"column":1}},"type":"if","locations":[{"start":{"line":12,"column":0},"end":{"line":16,"column":1}},{"start":{"line":14,"column":7},"end":{"line":16,"column":1}}],"line":12},"2":{"loc":{"start":{"line":21,"column":11},"end":{"line":21,"column":89}},"type":"binary-expr","locations":[{"start":{"line":21,"column":12},"end":{"line":21,"column":35}},{"start":{"line":21,"column":41},"end":{"line":21,"column":58}},{"start":{"line":21,"column":64},"end":{"line":21,"column":88}}],"line":21},"3":{"loc":{"start":{"line":29,"column":2},"end":{"line":31,"column":3}},"type":"if","locations":[{"start":{"line":29,"column":2},"end":{"line":31,"column":3}},{"start":{},"end":{}}],"line":29}},"s":{"0":1,"1":1,"2":1,"3":1,"4":1,"5":1,"6":1,"7":1,"8":0,"9":1,"10":1,"11":11,"12":10,"13":10,"14":1,"15":10,"16":10,"17":1,"18":1,"19":1},"f":{"0":11,"1":10,"2":10},"b":{"0":[1,0],"1":[0,1],"2":[11,11,10],"3":[10,0]},"_coverageSchema":"1a1c01bbd47fc00a2c39e90264f33305004495a9","hash":"c59c1a03990b69624d2c8a80a8c4bfc8c9acee3a"}
,"D:\\DATA\\Haktiv\\phase3\\h8-fp-up-ecommerce\\app\\models\\order.js": {"path":"D:\\DATA\\Haktiv\\phase3\\h8-fp-up-ecommerce\\app\\models\\order.js","statementMap":{"0":{"start":{"line":4,"column":4},"end":{"line":4,"column":24}},"1":{"start":{"line":5,"column":0},"end":{"line":31,"column":2}},"2":{"start":{"line":14,"column":6},"end":{"line":14,"column":35}},"3":{"start":{"line":15,"column":6},"end":{"line":15,"column":38}},"4":{"start":{"line":18,"column":2},"end":{"line":29,"column":5}},"5":{"start":{"line":30,"column":2},"end":{"line":30,"column":15}}},"fnMap":{"0":{"name":"(anonymous_0)","decl":{"start":{"line":5,"column":17},"end":{"line":5,"column":18}},"loc":{"start":{"line":5,"column":43},"end":{"line":31,"column":1}},"line":5},"1":{"name":"(anonymous_1)","decl":{"start":{"line":12,"column":4},"end":{"line":12,"column":5}},"loc":{"start":{"line":12,"column":29},"end":{"line":16,"column":5}},"line":12}},"branchMap":{},"s":{"0":1,"1":1,"2":1,"3":1,"4":1,"5":1},"f":{"0":1,"1":1},"b":{},"_coverageSchema":"1a1c01bbd47fc00a2c39e90264f33305004495a9","hash":"9bfd4f62dadbd2b8bdc94a5812c7b4743c97fc96"}
,"D:\\DATA\\Haktiv\\phase3\\h8-fp-up-ecommerce\\app\\models\\orderitem.js": {"path":"D:\\DATA\\Haktiv\\phase3\\h8-fp-up-ecommerce\\app\\models\\orderitem.js","statementMap":{"0":{"start":{"line":4,"column":4},"end":{"line":4,"column":24}},"1":{"start":{"line":5,"column":0},"end":{"line":36,"column":2}},"2":{"start":{"line":14,"column":6},"end":{"line":14,"column":40}},"3":{"start":{"line":17,"column":2},"end":{"line":34,"column":5}},"4":{"start":{"line":35,"column":2},"end":{"line":35,"column":19}}},"fnMap":{"0":{"name":"(anonymous_0)","decl":{"start":{"line":5,"column":17},"end":{"line":5,"column":18}},"loc":{"start":{"line":5,"column":43},"end":{"line":36,"column":1}},"line":5},"1":{"name":"(anonymous_1)","decl":{"start":{"line":12,"column":4},"end":{"line":12,"column":5}},"loc":{"start":{"line":12,"column":29},"end":{"line":15,"column":5}},"line":12}},"branchMap":{},"s":{"0":1,"1":1,"2":1,"3":1,"4":1},"f":{"0":1,"1":1},"b":{},"_coverageSchema":"1a1c01bbd47fc00a2c39e90264f33305004495a9","hash":"a6420d2ac5e146d0ce8052f421c85e218b7ca66a"}
,"D:\\DATA\\Haktiv\\phase3\\h8-fp-up-ecommerce\\app\\models\\product.js": {"path":"D:\\DATA\\Haktiv\\phase3\\h8-fp-up-ecommerce\\app\\models\\product.js","statementMap":{"0":{"start":{"line":2,"column":18},"end":{"line":2,"column":38}},"1":{"start":{"line":3,"column":25},"end":{"line":3,"column":53}},"2":{"start":{"line":5,"column":0},"end":{"line":123,"column":2}},"3":{"start":{"line":14,"column":6},"end":{"line":14,"column":65}},"4":{"start":{"line":15,"column":6},"end":{"line":15,"column":44}},"5":{"start":{"line":16,"column":6},"end":{"line":16,"column":65}},"6":{"start":{"line":17,"column":6},"end":{"line":17,"column":35}},"7":{"start":{"line":20,"column":2},"end":{"line":121,"column":5}},"8":{"start":{"line":122,"column":2},"end":{"line":122,"column":17}}},"fnMap":{"0":{"name":"(anonymous_0)","decl":{"start":{"line":5,"column":17},"end":{"line":5,"column":18}},"loc":{"start":{"line":5,"column":43},"end":{"line":123,"column":1}},"line":5},"1":{"name":"(anonymous_1)","decl":{"start":{"line":12,"column":4},"end":{"line":12,"column":5}},"loc":{"start":{"line":12,"column":29},"end":{"line":18,"column":5}},"line":12}},"branchMap":{},"s":{"0":1,"1":1,"2":1,"3":1,"4":1,"5":1,"6":1,"7":1,"8":1},"f":{"0":1,"1":1},"b":{},"_coverageSchema":"1a1c01bbd47fc00a2c39e90264f33305004495a9","hash":"5343ef46bd07f024087cf31291ee537682dadab8"}
,"D:\\DATA\\Haktiv\\phase3\\h8-fp-up-ecommerce\\app\\models\\subcategory.js": {"path":"D:\\DATA\\Haktiv\\phase3\\h8-fp-up-ecommerce\\app\\models\\subcategory.js","statementMap":{"0":{"start":{"line":4,"column":4},"end":{"line":4,"column":24}},"1":{"start":{"line":5,"column":0},"end":{"line":40,"column":2}},"2":{"start":{"line":14,"column":6},"end":{"line":14,"column":42}},"3":{"start":{"line":15,"column":6},"end":{"line":15,"column":45}},"4":{"start":{"line":18,"column":2},"end":{"line":38,"column":5}},"5":{"start":{"line":39,"column":2},"end":{"line":39,"column":21}}},"fnMap":{"0":{"name":"(anonymous_0)","decl":{"start":{"line":5,"column":17},"end":{"line":5,"column":18}},"loc":{"start":{"line":5,"column":43},"end":{"line":40,"column":1}},"line":5},"1":{"name":"(anonymous_1)","decl":{"start":{"line":12,"column":4},"end":{"line":12,"column":5}},"loc":{"start":{"line":12,"column":29},"end":{"line":16,"column":5}},"line":12}},"branchMap":{},"s":{"0":1,"1":1,"2":1,"3":1,"4":1,"5":1},"f":{"0":1,"1":1},"b":{},"_coverageSchema":"1a1c01bbd47fc00a2c39e90264f33305004495a9","hash":"99b03bc4cc5033ade3c8bdfa49657ffb704fdebd"}
,"D:\\DATA\\Haktiv\\phase3\\h8-fp-up-ecommerce\\app\\models\\user.js": {"path":"D:\\DATA\\Haktiv\\phase3\\h8-fp-up-ecommerce\\app\\models\\user.js","statementMap":{"0":{"start":{"line":2,"column":18},"end":{"line":2,"column":38}},"1":{"start":{"line":3,"column":19},"end":{"line":3,"column":40}},"2":{"start":{"line":5,"column":0},"end":{"line":92,"column":2}},"3":{"start":{"line":14,"column":6},"end":{"line":14,"column":63}},"4":{"start":{"line":15,"column":6},"end":{"line":15,"column":35}},"5":{"start":{"line":16,"column":6},"end":{"line":16,"column":33}},"6":{"start":{"line":17,"column":6},"end":{"line":17,"column":32}},"7":{"start":{"line":20,"column":2},"end":{"line":87,"column":5}},"8":{"start":{"line":81,"column":8},"end":{"line":81,"column":48}},"9":{"start":{"line":82,"column":8},"end":{"line":84,"column":9}},"10":{"start":{"line":83,"column":10},"end":{"line":83,"column":128}},"11":{"start":{"line":88,"column":2},"end":{"line":90,"column":4}},"12":{"start":{"line":89,"column":4},"end":{"line":89,"column":42}},"13":{"start":{"line":91,"column":2},"end":{"line":91,"column":14}}},"fnMap":{"0":{"name":"(anonymous_0)","decl":{"start":{"line":5,"column":17},"end":{"line":5,"column":18}},"loc":{"start":{"line":5,"column":43},"end":{"line":92,"column":1}},"line":5},"1":{"name":"(anonymous_1)","decl":{"start":{"line":12,"column":4},"end":{"line":12,"column":5}},"loc":{"start":{"line":12,"column":29},"end":{"line":18,"column":5}},"line":12},"2":{"name":"(anonymous_2)","decl":{"start":{"line":80,"column":20},"end":{"line":80,"column":21}},"loc":{"start":{"line":80,"column":31},"end":{"line":85,"column":7}},"line":80},"3":{"name":"(anonymous_3)","decl":{"start":{"line":88,"column":20},"end":{"line":88,"column":21}},"loc":{"start":{"line":88,"column":38},"end":{"line":90,"column":3}},"line":88}},"branchMap":{"0":{"loc":{"start":{"line":82,"column":8},"end":{"line":84,"column":9}},"type":"if","locations":[{"start":{"line":82,"column":8},"end":{"line":84,"column":9}},{"start":{},"end":{}}],"line":82}},"s":{"0":1,"1":1,"2":1,"3":1,"4":1,"5":1,"6":1,"7":1,"8":0,"9":0,"10":0,"11":1,"12":0,"13":1},"f":{"0":1,"1":1,"2":0,"3":0},"b":{"0":[0,0]},"_coverageSchema":"1a1c01bbd47fc00a2c39e90264f33305004495a9","hash":"04d529a9b6d5427d472ece035463c86390753de0"}
,"D:\\DATA\\Haktiv\\phase3\\h8-fp-up-ecommerce\\app\\routes\\address.js": {"path":"D:\\DATA\\Haktiv\\phase3\\h8-fp-up-ecommerce\\app\\routes\\address.js","statementMap":{"0":{"start":{"line":1,"column":15},"end":{"line":1,"column":42}},"1":{"start":{"line":2,"column":14},"end":{"line":2,"column":30}},"2":{"start":{"line":3,"column":19},"end":{"line":3,"column":91}},"3":{"start":{"line":5,"column":0},"end":{"line":13,"column":3}},"4":{"start":{"line":6,"column":2},"end":{"line":12,"column":3}},"5":{"start":{"line":7,"column":17},"end":{"line":7,"column":101}},"6":{"start":{"line":8,"column":4},"end":{"line":8,"column":41}},"7":{"start":{"line":10,"column":4},"end":{"line":10,"column":23}},"8":{"start":{"line":11,"column":4},"end":{"line":11,"column":15}},"9":{"start":{"line":15,"column":0},"end":{"line":23,"column":3}},"10":{"start":{"line":16,"column":2},"end":{"line":22,"column":3}},"11":{"start":{"line":17,"column":17},"end":{"line":17,"column":130}},"12":{"start":{"line":18,"column":4},"end":{"line":18,"column":41}},"13":{"start":{"line":20,"column":4},"end":{"line":20,"column":23}},"14":{"start":{"line":21,"column":4},"end":{"line":21,"column":15}},"15":{"start":{"line":25,"column":0},"end":{"line":36,"column":3}},"16":{"start":{"line":26,"column":2},"end":{"line":35,"column":3}},"17":{"start":{"line":27,"column":53},"end":{"line":27,"column":65}},"18":{"start":{"line":29,"column":17},"end":{"line":29,"column":231}},"19":{"start":{"line":30,"column":4},"end":{"line":30,"column":22}},"20":{"start":{"line":32,"column":4},"end":{"line":32,"column":41}},"21":{"start":{"line":34,"column":4},"end":{"line":34,"column":15}},"22":{"start":{"line":40,"column":0},"end":{"line":40,"column":24}}},"fnMap":{"0":{"name":"(anonymous_0)","decl":{"start":{"line":5,"column":25},"end":{"line":5,"column":26}},"loc":{"start":{"line":5,"column":60},"end":{"line":13,"column":1}},"line":5},"1":{"name":"(anonymous_1)","decl":{"start":{"line":15,"column":34},"end":{"line":15,"column":35}},"loc":{"start":{"line":15,"column":69},"end":{"line":23,"column":1}},"line":15},"2":{"name":"(anonymous_2)","decl":{"start":{"line":25,"column":29},"end":{"line":25,"column":30}},"loc":{"start":{"line":25,"column":64},"end":{"line":36,"column":1}},"line":25}},"branchMap":{},"s":{"0":1,"1":1,"2":1,"3":1,"4":0,"5":0,"6":0,"7":0,"8":0,"9":1,"10":0,"11":0,"12":0,"13":0,"14":0,"15":1,"16":0,"17":0,"18":0,"19":0,"20":0,"21":0,"22":1},"f":{"0":0,"1":0,"2":0},"b":{},"_coverageSchema":"1a1c01bbd47fc00a2c39e90264f33305004495a9","hash":"b66f5ef1b7c0e10ebe06eda6f9e7cd425d152809"}
,"D:\\DATA\\Haktiv\\phase3\\h8-fp-up-ecommerce\\app\\routes\\auction.js": {"path":"D:\\DATA\\Haktiv\\phase3\\h8-fp-up-ecommerce\\app\\routes\\auction.js","statementMap":{"0":{"start":{"line":1,"column":15},"end":{"line":1,"column":42}},"1":{"start":{"line":2,"column":26},"end":{"line":2,"column":69}},"2":{"start":{"line":3,"column":29},"end":{"line":3,"column":75}},"3":{"start":{"line":4,"column":27},"end":{"line":4,"column":67}},"4":{"start":{"line":6,"column":0},"end":{"line":6,"column":52}},"5":{"start":{"line":7,"column":0},"end":{"line":7,"column":61}},"6":{"start":{"line":8,"column":0},"end":{"line":8,"column":60}},"7":{"start":{"line":9,"column":0},"end":{"line":9,"column":70}},"8":{"start":{"line":10,"column":0},"end":{"line":10,"column":97}},"9":{"start":{"line":11,"column":0},"end":{"line":11,"column":95}},"10":{"start":{"line":13,"column":0},"end":{"line":13,"column":24}}},"fnMap":{},"branchMap":{},"s":{"0":1,"1":1,"2":1,"3":1,"4":1,"5":1,"6":1,"7":1,"8":1,"9":1,"10":1},"f":{},"b":{},"_coverageSchema":"1a1c01bbd47fc00a2c39e90264f33305004495a9","hash":"a6f52a538c4f4c7b2979f33187adc085b48cbebd"}
,"D:\\DATA\\Haktiv\\phase3\\h8-fp-up-ecommerce\\app\\routes\\cart.js": {"path":"D:\\DATA\\Haktiv\\phase3\\h8-fp-up-ecommerce\\app\\routes\\cart.js","statementMap":{"0":{"start":{"line":1,"column":15},"end":{"line":1,"column":42}},"1":{"start":{"line":2,"column":27},"end":{"line":2,"column":67}},"2":{"start":{"line":3,"column":26},"end":{"line":3,"column":69}},"3":{"start":{"line":4,"column":23},"end":{"line":4,"column":63}},"4":{"start":{"line":6,"column":0},"end":{"line":6,"column":60}},"5":{"start":{"line":7,"column":0},"end":{"line":7,"column":61}},"6":{"start":{"line":8,"column":0},"end":{"line":8,"column":88}},"7":{"start":{"line":9,"column":0},"end":{"line":9,"column":88}},"8":{"start":{"line":10,"column":0},"end":{"line":10,"column":88}},"9":{"start":{"line":12,"column":0},"end":{"line":12,"column":24}}},"fnMap":{},"branchMap":{},"s":{"0":1,"1":1,"2":1,"3":1,"4":1,"5":1,"6":1,"7":1,"8":1,"9":1},"f":{},"b":{},"_coverageSchema":"1a1c01bbd47fc00a2c39e90264f33305004495a9","hash":"dc560ed43a18004b752ff0cce733463146dda860"}
,"D:\\DATA\\Haktiv\\phase3\\h8-fp-up-ecommerce\\app\\routes\\category.js": {"path":"D:\\DATA\\Haktiv\\phase3\\h8-fp-up-ecommerce\\app\\routes\\category.js","statementMap":{"0":{"start":{"line":1,"column":15},"end":{"line":1,"column":42}},"1":{"start":{"line":2,"column":27},"end":{"line":2,"column":71}},"2":{"start":{"line":4,"column":0},"end":{"line":4,"column":52}},"3":{"start":{"line":6,"column":0},"end":{"line":6,"column":24}}},"fnMap":{},"branchMap":{},"s":{"0":1,"1":1,"2":1,"3":1},"f":{},"b":{},"_coverageSchema":"1a1c01bbd47fc00a2c39e90264f33305004495a9","hash":"d27d6095c32290c9c9b98c41b7cbedfaa4af8a66"}
,"D:\\DATA\\Haktiv\\phase3\\h8-fp-up-ecommerce\\app\\routes\\index.js": {"path":"D:\\DATA\\Haktiv\\phase3\\h8-fp-up-ecommerce\\app\\routes\\index.js","statementMap":{"0":{"start":{"line":1,"column":15},"end":{"line":1,"column":42}},"1":{"start":{"line":2,"column":19},"end":{"line":2,"column":36}},"2":{"start":{"line":3,"column":23},"end":{"line":3,"column":44}},"3":{"start":{"line":4,"column":26},"end":{"line":4,"column":50}},"4":{"start":{"line":5,"column":22},"end":{"line":5,"column":42}},"5":{"start":{"line":6,"column":22},"end":{"line":6,"column":42}},"6":{"start":{"line":7,"column":19},"end":{"line":7,"column":36}},"7":{"start":{"line":8,"column":22},"end":{"line":8,"column":42}},"8":{"start":{"line":9,"column":27},"end":{"line":9,"column":71}},"9":{"start":{"line":11,"column":0},"end":{"line":11,"column":26}},"10":{"start":{"line":12,"column":0},"end":{"line":12,"column":23}},"11":{"start":{"line":13,"column":0},"end":{"line":13,"column":62}},"12":{"start":{"line":14,"column":0},"end":{"line":14,"column":42}},"13":{"start":{"line":15,"column":0},"end":{"line":15,"column":49}},"14":{"start":{"line":16,"column":0},"end":{"line":16,"column":39}},"15":{"start":{"line":17,"column":0},"end":{"line":17,"column":32}},"16":{"start":{"line":18,"column":0},"end":{"line":18,"column":39}},"17":{"start":{"line":20,"column":0},"end":{"line":20,"column":24}}},"fnMap":{},"branchMap":{},"s":{"0":1,"1":1,"2":1,"3":1,"4":1,"5":1,"6":1,"7":1,"8":1,"9":1,"10":1,"11":1,"12":1,"13":1,"14":1,"15":1,"16":1,"17":1},"f":{},"b":{},"_coverageSchema":"1a1c01bbd47fc00a2c39e90264f33305004495a9","hash":"d0c9f5144fed9cfca29ae31032037fe7459b017a"}
,"D:\\DATA\\Haktiv\\phase3\\h8-fp-up-ecommerce\\app\\routes\\product.js": {"path":"D:\\DATA\\Haktiv\\phase3\\h8-fp-up-ecommerce\\app\\routes\\product.js","statementMap":{"0":{"start":{"line":1,"column":15},"end":{"line":1,"column":42}},"1":{"start":{"line":2,"column":26},"end":{"line":2,"column":69}},"2":{"start":{"line":3,"column":23},"end":{"line":3,"column":63}},"3":{"start":{"line":4,"column":27},"end":{"line":4,"column":67}},"4":{"start":{"line":5,"column":29},"end":{"line":5,"column":75}},"5":{"start":{"line":7,"column":0},"end":{"line":7,"column":49}},"6":{"start":{"line":8,"column":0},"end":{"line":8,"column":61}},"7":{"start":{"line":9,"column":0},"end":{"line":9,"column":77}},"8":{"start":{"line":10,"column":0},"end":{"line":10,"column":62}},"9":{"start":{"line":11,"column":0},"end":{"line":11,"column":51}},"10":{"start":{"line":12,"column":0},"end":{"line":12,"column":70}},"11":{"start":{"line":13,"column":0},"end":{"line":13,"column":94}},"12":{"start":{"line":14,"column":0},"end":{"line":14,"column":97}},"13":{"start":{"line":16,"column":0},"end":{"line":16,"column":24}}},"fnMap":{},"branchMap":{},"s":{"0":1,"1":1,"2":1,"3":1,"4":1,"5":1,"6":1,"7":1,"8":1,"9":1,"10":1,"11":1,"12":1,"13":1},"f":{},"b":{},"_coverageSchema":"1a1c01bbd47fc00a2c39e90264f33305004495a9","hash":"7e43e3bd8d518b79beb127bb6b25712831dcaf62"}
,"D:\\DATA\\Haktiv\\phase3\\h8-fp-up-ecommerce\\app\\routes\\subcategory.js": {"path":"D:\\DATA\\Haktiv\\phase3\\h8-fp-up-ecommerce\\app\\routes\\subcategory.js","statementMap":{"0":{"start":{"line":1,"column":15},"end":{"line":1,"column":42}},"1":{"start":{"line":2,"column":30},"end":{"line":2,"column":77}},"2":{"start":{"line":4,"column":0},"end":{"line":4,"column":58}},"3":{"start":{"line":5,"column":0},"end":{"line":5,"column":59}},"4":{"start":{"line":8,"column":0},"end":{"line":8,"column":24}}},"fnMap":{},"branchMap":{},"s":{"0":1,"1":1,"2":1,"3":1,"4":1},"f":{},"b":{},"_coverageSchema":"1a1c01bbd47fc00a2c39e90264f33305004495a9","hash":"f8c737cff629a40af89e5484131674e34fc2b45a"}
,"D:\\DATA\\Haktiv\\phase3\\h8-fp-up-ecommerce\\app\\routes\\user.js": {"path":"D:\\DATA\\Haktiv\\phase3\\h8-fp-up-ecommerce\\app\\routes\\user.js","statementMap":{"0":{"start":{"line":1,"column":15},"end":{"line":1,"column":42}},"1":{"start":{"line":2,"column":27},"end":{"line":2,"column":71}},"2":{"start":{"line":3,"column":23},"end":{"line":3,"column":63}},"3":{"start":{"line":4,"column":27},"end":{"line":4,"column":67}},"4":{"start":{"line":6,"column":0},"end":{"line":6,"column":50}},"5":{"start":{"line":7,"column":0},"end":{"line":7,"column":44}},"6":{"start":{"line":8,"column":0},"end":{"line":8,"column":43}},"7":{"start":{"line":9,"column":0},"end":{"line":9,"column":46}},"8":{"start":{"line":10,"column":0},"end":{"line":10,"column":77}},"9":{"start":{"line":11,"column":0},"end":{"line":11,"column":70}},"10":{"start":{"line":12,"column":0},"end":{"line":12,"column":68}},"11":{"start":{"line":14,"column":0},"end":{"line":14,"column":24}}},"fnMap":{},"branchMap":{},"s":{"0":1,"1":1,"2":1,"3":1,"4":1,"5":1,"6":1,"7":1,"8":1,"9":1,"10":1,"11":1},"f":{},"b":{},"_coverageSchema":"1a1c01bbd47fc00a2c39e90264f33305004495a9","hash":"b603a932dfc462e01fa5a857ed85445ba86feeea"}
}
