TN:
SF:app.js
FNF:0
FNH:0
DA:1,3
DA:3,3
DA:4,3
DA:5,3
DA:6,3
DA:8,3
DA:9,3
DA:11,3
DA:12,3
DA:13,3
DA:14,3
DA:15,3
DA:20,3
LF:13
LH:13
BRDA:1,0,0,3
BRDA:1,0,1,0
BRDA:5,1,0,3
BRDA:5,1,1,3
BRF:4
BRH:3
end_of_record
TN:
SF:controllers\CartController.js
FN:5,(anonymous_0)
FN:36,(anonymous_1)
FN:58,(anonymous_2)
FN:69,(anonymous_3)
FN:79,(anonymous_4)
FNF:5
FNH:0
FNDA:0,(anonymous_0)
FNDA:0,(anonymous_1)
FNDA:0,(anonymous_2)
FNDA:0,(anonymous_3)
FNDA:0,(anonymous_4)
DA:1,3
DA:2,3
DA:6,0
DA:7,0
DA:8,0
DA:29,0
DA:31,0
DA:32,0
DA:37,0
DA:38,0
DA:39,0
DA:40,0
DA:41,0
DA:43,0
DA:44,0
DA:45,0
DA:47,0
DA:49,0
DA:53,0
DA:54,0
DA:59,0
DA:60,0
DA:61,0
DA:62,0
DA:65,0
DA:70,0
DA:71,0
DA:72,0
DA:73,0
DA:75,0
DA:80,0
DA:81,0
DA:82,0
DA:83,0
DA:85,0
DA:90,3
LF:36
LH:3
BRDA:41,0,0,0
BRDA:41,0,1,0
BRDA:44,1,0,0
BRDA:44,1,1,0
BRF:4
BRH:0
end_of_record
TN:
SF:controllers\CategoryController.js
FN:4,(anonymous_0)
FNF:1
FNH:1
FNDA:1,(anonymous_0)
DA:1,3
DA:5,1
DA:6,1
DA:7,1
DA:9,0
DA:14,3
LF:6
LH:5
BRF:0
BRH:0
end_of_record
TN:
SF:controllers\ProductController.js
FN:13,(anonymous_0)
FN:50,(anonymous_1)
FN:87,(anonymous_2)
FN:105,(anonymous_3)
FN:136,(anonymous_4)
FN:167,(anonymous_5)
FN:203,(anonymous_6)
FN:205,(anonymous_7)
FN:220,(anonymous_8)
FN:254,(anonymous_9)
FN:256,(anonymous_10)
FN:257,(anonymous_11)
FN:258,(anonymous_12)
FN:286,(anonymous_13)
FNF:14
FNH:7
FNDA:2,(anonymous_0)
FNDA:2,(anonymous_1)
FNDA:1,(anonymous_2)
FNDA:1,(anonymous_3)
FNDA:1,(anonymous_4)
FNDA:2,(anonymous_5)
FNDA:0,(anonymous_6)
FNDA:0,(anonymous_7)
FNDA:0,(anonymous_8)
FNDA:0,(anonymous_9)
FNDA:0,(anonymous_10)
FNDA:0,(anonymous_11)
FNDA:0,(anonymous_12)
FNDA:1,(anonymous_13)
DA:9,3
DA:10,3
DA:14,2
DA:15,2
DA:16,2
DA:36,2
DA:37,1
DA:43,2
DA:44,2
DA:46,0
DA:51,2
DA:52,2
DA:53,2
DA:80,2
DA:81,1
DA:83,1
DA:88,1
DA:89,1
DA:90,1
DA:91,1
DA:98,1
DA:100,0
DA:101,0
DA:106,1
DA:107,1
DA:129,1
DA:130,1
DA:132,0
DA:137,1
DA:138,1
DA:139,1
DA:160,1
DA:161,1
DA:163,0
DA:168,2
DA:169,2
DA:170,2
DA:184,2
DA:186,2
DA:202,1
DA:203,0
DA:204,0
DA:205,0
DA:206,0
DA:209,1
DA:210,1
DA:214,1
DA:215,1
DA:216,1
DA:221,0
DA:222,0
DA:223,0
DA:237,0
DA:238,0
DA:253,0
DA:254,0
DA:256,0
DA:257,0
DA:258,0
DA:260,0
DA:261,0
DA:266,0
DA:267,0
DA:275,0
DA:276,0
DA:280,0
DA:281,0
DA:282,0
DA:287,1
DA:288,1
DA:289,1
DA:290,1
DA:294,0
DA:299,3
LF:74
LH:45
BRDA:36,0,0,1
BRDA:36,0,1,1
BRDA:80,1,0,1
BRDA:80,1,1,1
BRDA:202,2,0,0
BRDA:202,2,1,1
BRDA:202,3,0,1
BRDA:202,3,1,1
BRDA:202,3,2,1
BRDA:204,4,0,0
BRDA:204,4,1,0
BRDA:254,5,0,0
BRDA:254,5,1,0
BRDA:260,6,0,0
BRDA:260,6,1,0
BRDA:266,7,0,0
BRDA:266,7,1,0
BRF:17
BRH:8
end_of_record
TN:
SF:controllers\SubCategoryController.js
FN:5,(anonymous_0)
FN:20,(anonymous_1)
FN:36,(anonymous_2)
FN:46,(anonymous_3)
FN:59,(anonymous_4)
FNF:5
FNH:3
FNDA:1,(anonymous_0)
FNDA:1,(anonymous_1)
FNDA:1,(anonymous_2)
FNDA:0,(anonymous_3)
FNDA:0,(anonymous_4)
DA:1,3
DA:2,3
DA:6,1
DA:7,1
DA:13,1
DA:15,0
DA:16,0
DA:21,1
DA:22,1
DA:23,1
DA:29,1
DA:31,0
DA:32,0
DA:37,1
DA:38,1
DA:39,1
DA:40,1
DA:42,0
DA:47,0
DA:48,0
DA:49,0
DA:50,0
DA:51,0
DA:52,0
DA:53,0
DA:55,0
DA:60,0
DA:61,0
DA:62,0
DA:63,0
DA:64,0
DA:65,0
DA:67,0
DA:72,3
LF:34
LH:14
BRDA:51,0,0,0
BRDA:51,0,1,0
BRDA:63,1,0,0
BRDA:63,1,1,0
BRF:4
BRH:0
end_of_record
TN:
SF:controllers\UserController.js
FN:6,(anonymous_0)
FN:17,(anonymous_1)
FN:34,(anonymous_2)
FN:45,(anonymous_3)
FN:108,(anonymous_4)
FNF:5
FNH:0
FNDA:0,(anonymous_0)
FNDA:0,(anonymous_1)
FNDA:0,(anonymous_2)
FNDA:0,(anonymous_3)
FNDA:0,(anonymous_4)
DA:1,3
DA:2,3
DA:3,3
DA:7,0
DA:8,0
DA:11,0
DA:13,0
DA:18,0
DA:19,0
DA:20,0
DA:26,0
DA:27,0
DA:29,0
DA:30,0
DA:35,0
DA:36,0
DA:37,0
DA:38,0
DA:40,0
DA:41,0
DA:46,0
DA:47,0
DA:48,0
DA:49,0
DA:62,0
DA:63,0
DA:72,0
DA:73,0
DA:84,0
DA:91,0
DA:93,0
DA:94,0
DA:96,0
DA:97,0
DA:98,0
DA:103,0
DA:104,0
DA:109,0
DA:110,0
DA:111,0
DA:112,0
DA:113,0
DA:114,0
DA:115,0
DA:116,0
DA:117,0
DA:119,0
DA:124,3
LF:48
LH:4
BRDA:26,0,0,0
BRDA:26,0,1,0
BRDA:48,1,0,0
BRDA:48,1,1,0
BRDA:48,2,0,0
BRDA:48,2,1,0
BRDA:62,3,0,0
BRDA:62,3,1,0
BRDA:62,4,0,0
BRDA:62,4,1,0
BRDA:72,5,0,0
BRDA:72,5,1,0
BRDA:72,6,0,0
BRDA:72,6,1,0
BRDA:91,7,0,0
BRDA:91,7,1,0
BRDA:94,8,0,0
BRDA:94,8,1,0
BRDA:112,9,0,0
BRDA:112,9,1,0
BRDA:114,10,0,0
BRDA:114,10,1,0
BRF:22
BRH:0
end_of_record
TN:
SF:helpers\index.js
FN:3,(anonymous_0)
FN:7,(anonymous_1)
FN:11,(anonymous_2)
FN:15,(anonymous_3)
FN:19,(anonymous_4)
FNF:5
FNH:1
FNDA:0,(anonymous_0)
FNDA:0,(anonymous_1)
FNDA:0,(anonymous_2)
FNDA:5,(anonymous_3)
FNDA:0,(anonymous_4)
DA:1,3
DA:2,3
DA:3,3
DA:4,0
DA:7,3
DA:8,0
DA:11,3
DA:12,0
DA:15,3
DA:16,5
DA:19,3
DA:20,0
DA:31,0
DA:35,0
DA:38,3
LF:15
LH:9
BRF:0
BRH:0
end_of_record
TN:
SF:middlewares\authentication.js
FN:4,(anonymous_0)
FNF:1
FNH:1
FNDA:8,(anonymous_0)
DA:1,3
DA:2,3
DA:4,3
DA:5,8
DA:6,8
DA:7,8
DA:8,5
DA:9,5
DA:10,5
DA:11,5
DA:13,3
LF:11
LH:11
BRDA:7,0,0,3
BRDA:7,0,1,5
BRF:2
BRH:2
end_of_record
TN:
SF:middlewares\authorizationCart.js
FN:3,(anonymous_0)
FNF:1
FNH:0
FNDA:0,(anonymous_0)
DA:1,3
DA:3,3
DA:4,0
DA:5,0
DA:6,0
DA:7,0
DA:8,0
DA:9,0
DA:10,0
DA:12,0
LF:10
LH:2
BRDA:8,0,0,0
BRDA:8,0,1,0
BRDA:9,1,0,0
BRDA:9,1,1,0
BRF:4
BRH:0
end_of_record
TN:
SF:middlewares\authorizationProduct.js
FN:3,(anonymous_0)
FNF:1
FNH:1
FNDA:2,(anonymous_0)
DA:1,3
DA:3,3
DA:4,2
DA:5,2
DA:6,2
DA:7,2
DA:8,2
DA:9,1
DA:10,1
DA:12,1
LF:10
LH:10
BRDA:8,0,0,1
BRDA:8,0,1,1
BRDA:9,1,0,0
BRDA:9,1,1,1
BRF:4
BRH:3
end_of_record
TN:
SF:middlewares\errorHandler.js
FN:1,(anonymous_0)
FNF:1
FNH:1
FNDA:6,(anonymous_0)
DA:1,3
DA:2,6
DA:3,1
DA:4,5
DA:5,3
DA:6,2
DA:7,0
DA:8,2
DA:9,0
DA:10,2
DA:11,1
DA:13,1
LF:12
LH:10
BRDA:2,0,0,1
BRDA:2,0,1,5
BRDA:2,1,0,6
BRDA:2,1,1,6
BRDA:2,1,2,1
BRDA:2,1,3,1
BRDA:4,2,0,3
BRDA:4,2,1,2
BRDA:6,3,0,0
BRDA:6,3,1,2
BRDA:8,4,0,0
BRDA:8,4,1,2
BRDA:10,5,0,1
BRDA:10,5,1,1
BRF:14
BRH:12
end_of_record
TN:
SF:models\address.js
FN:5,(anonymous_0)
FN:12,(anonymous_1)
FNF:2
FNH:2
FNDA:3,(anonymous_0)
FNDA:3,(anonymous_1)
DA:4,3
DA:5,3
DA:14,3
DA:17,3
DA:104,3
LF:5
LH:5
BRF:0
BRH:0
end_of_record
TN:
SF:models\cart.js
FN:5,(anonymous_0)
FN:12,(anonymous_1)
FNF:2
FNH:2
FNDA:3,(anonymous_0)
FNDA:3,(anonymous_1)
DA:4,3
DA:5,3
DA:14,3
DA:15,3
DA:18,3
DA:59,3
LF:6
LH:6
BRF:0
BRH:0
end_of_record
TN:
SF:models\category.js
FN:5,(anonymous_0)
FN:12,(anonymous_1)
FNF:2
FNH:2
FNDA:3,(anonymous_0)
FNDA:3,(anonymous_1)
DA:4,3
DA:5,3
DA:14,3
DA:17,3
DA:30,3
LF:5
LH:5
BRF:0
BRH:0
end_of_record
TN:
SF:models\image.js
FN:5,(anonymous_0)
FN:12,(anonymous_1)
FNF:2
FNH:2
FNDA:3,(anonymous_0)
FNDA:3,(anonymous_1)
DA:4,3
DA:5,3
DA:14,3
DA:17,3
DA:38,3
LF:5
LH:5
BRF:0
BRH:0
end_of_record
TN:
SF:models\index.js
FN:20,(anonymous_0)
FN:23,(anonymous_1)
FN:28,(anonymous_2)
FNF:3
FNH:3
FNDA:33,(anonymous_0)
FNDA:30,(anonymous_1)
FNDA:30,(anonymous_2)
DA:3,3
DA:4,3
DA:5,3
DA:6,3
DA:7,3
DA:8,3
DA:9,3
DA:12,3
DA:13,0
DA:15,3
DA:18,3
DA:21,33
DA:24,30
DA:25,30
DA:28,3
DA:29,30
DA:30,30
DA:34,3
DA:35,3
DA:37,3
LF:20
LH:19
BRDA:7,0,0,3
BRDA:7,0,1,0
BRDA:12,1,0,0
BRDA:12,1,1,3
BRDA:21,2,0,33
BRDA:21,2,1,33
BRDA:21,2,2,30
BRDA:29,3,0,30
BRDA:29,3,1,0
BRF:9
BRH:6
end_of_record
TN:
SF:models\order.js
FN:5,(anonymous_0)
FN:12,(anonymous_1)
FNF:2
FNH:2
FNDA:3,(anonymous_0)
FNDA:3,(anonymous_1)
DA:4,3
DA:5,3
DA:14,3
DA:15,3
DA:16,3
DA:19,3
DA:27,3
LF:7
LH:7
BRF:0
BRH:0
end_of_record
TN:
SF:models\orderdetail.js
FN:5,(anonymous_0)
FN:12,(anonymous_1)
FNF:2
FNH:2
FNDA:3,(anonymous_0)
FNDA:3,(anonymous_1)
DA:4,3
DA:5,3
DA:14,3
DA:17,3
DA:28,3
LF:5
LH:5
BRF:0
BRH:0
end_of_record
TN:
SF:models\orderitem.js
FN:5,(anonymous_0)
FN:12,(anonymous_1)
FNF:2
FNH:2
FNDA:3,(anonymous_0)
FNDA:3,(anonymous_1)
DA:4,3
DA:5,3
DA:14,3
DA:17,3
DA:23,3
LF:5
LH:5
BRF:0
BRH:0
end_of_record
TN:
SF:models\product.js
FN:5,(anonymous_0)
FN:12,(anonymous_1)
FNF:2
FNH:2
FNDA:3,(anonymous_0)
FNDA:3,(anonymous_1)
DA:2,3
DA:3,3
DA:5,3
DA:14,3
DA:15,3
DA:16,3
DA:17,3
DA:20,3
DA:122,3
LF:9
LH:9
BRF:0
BRH:0
end_of_record
TN:
SF:models\subcategory.js
FN:5,(anonymous_0)
FN:12,(anonymous_1)
FNF:2
FNH:2
FNDA:3,(anonymous_0)
FNDA:3,(anonymous_1)
DA:4,3
DA:5,3
DA:14,3
DA:15,3
DA:18,3
DA:39,3
LF:6
LH:6
BRF:0
BRH:0
end_of_record
TN:
SF:models\user.js
FN:5,(anonymous_0)
FN:12,(anonymous_1)
FN:80,(anonymous_2)
FN:88,(anonymous_3)
FNF:4
FNH:2
FNDA:3,(anonymous_0)
FNDA:3,(anonymous_1)
FNDA:0,(anonymous_2)
FNDA:0,(anonymous_3)
DA:2,3
DA:3,3
DA:5,3
DA:14,3
DA:15,3
DA:16,3
DA:17,3
DA:20,3
DA:81,0
DA:82,0
DA:83,0
DA:88,3
DA:89,0
DA:91,3
LF:14
LH:10
BRDA:82,0,0,0
BRDA:82,0,1,0
BRF:2
BRH:0
end_of_record
TN:
SF:routes\address.js
FN:4,(anonymous_0)
FN:14,(anonymous_1)
FN:24,(anonymous_2)
FNF:3
FNH:1
FNDA:1,(anonymous_0)
FNDA:0,(anonymous_1)
FNDA:0,(anonymous_2)
DA:1,3
DA:2,3
DA:4,3
DA:5,1
DA:6,1
DA:7,1
DA:9,0
DA:10,0
DA:14,3
DA:15,0
DA:16,0
DA:17,0
DA:19,0
DA:20,0
DA:24,3
DA:25,0
DA:26,0
DA:27,0
DA:28,0
DA:30,0
DA:31,0
DA:37,3
LF:22
LH:9
BRF:0
BRH:0
end_of_record
TN:
SF:routes\cart.js
FNF:0
FNH:0
DA:1,3
DA:2,3
DA:3,3
DA:4,3
DA:6,3
DA:7,3
DA:8,3
DA:9,3
DA:10,3
DA:12,3
LF:10
LH:10
BRF:0
BRH:0
end_of_record
TN:
SF:routes\category.js
FNF:0
FNH:0
DA:1,3
DA:2,3
DA:4,3
DA:6,3
LF:4
LH:4
BRF:0
BRH:0
end_of_record
TN:
SF:routes\index.js
FNF:0
FNH:0
DA:1,3
DA:2,3
DA:3,3
DA:4,3
DA:5,3
DA:6,3
DA:7,3
DA:9,3
DA:10,3
DA:11,3
DA:12,3
DA:13,3
DA:14,3
DA:16,3
LF:14
LH:14
BRF:0
BRH:0
end_of_record
TN:
SF:routes\product.js
FNF:0
FNH:0
DA:1,3
DA:2,3
DA:3,3
DA:4,3
DA:5,3
DA:7,3
DA:8,3
DA:9,3
DA:10,3
DA:11,3
DA:12,3
DA:13,3
DA:14,3
DA:16,3
LF:14
LH:14
BRF:0
BRH:0
end_of_record
TN:
SF:routes\subcategory.js
FNF:0
FNH:0
DA:1,3
DA:2,3
DA:4,3
DA:5,3
DA:6,3
DA:8,3
LF:6
LH:6
BRF:0
BRH:0
end_of_record
TN:
SF:routes\user.js
FNF:0
FNH:0
DA:1,3
DA:2,3
DA:3,3
DA:5,3
DA:6,3
DA:7,3
DA:8,3
DA:9,3
DA:11,3
LF:9
LH:9
BRF:0
BRH:0
end_of_record
