TN:
SF:app.js
FNF:0
FNH:0
DA:1,1
DA:3,1
DA:4,1
DA:5,1
DA:6,1
DA:8,1
DA:9,1
DA:11,1
DA:12,1
DA:13,1
DA:14,1
DA:15,1
DA:20,1
LF:13
LH:13
BRDA:1,0,0,1
BRDA:1,0,1,0
BRDA:5,1,0,1
BRDA:5,1,1,1
BRF:4
BRH:3
end_of_record
TN:
SF:controllers\CartController.js
FN:5,(anonymous_0)
FN:36,(anonymous_1)
FN:57,(anonymous_2)
FN:68,(anonymous_3)
FN:78,(anonymous_4)
FNF:5
FNH:0
FNDA:0,(anonymous_0)
FNDA:0,(anonymous_1)
FNDA:0,(anonymous_2)
FNDA:0,(anonymous_3)
FNDA:0,(anonymous_4)
DA:1,1
DA:2,1
DA:6,0
DA:7,0
DA:8,0
DA:29,0
DA:31,0
DA:32,0
DA:37,0
DA:38,0
DA:39,0
DA:40,0
DA:41,0
DA:43,0
DA:44,0
DA:45,0
DA:47,0
DA:49,0
DA:53,0
DA:58,0
DA:59,0
DA:60,0
DA:61,0
DA:64,0
DA:69,0
DA:70,0
DA:71,0
DA:72,0
DA:74,0
DA:79,0
DA:80,0
DA:81,0
DA:82,0
DA:84,0
DA:89,1
LF:35
LH:3
BRDA:41,0,0,0
BRDA:41,0,1,0
BRDA:44,1,0,0
BRDA:44,1,1,0
BRF:4
BRH:0
end_of_record
TN:
SF:controllers\CategoryController.js
FN:4,(anonymous_0)
FNF:1
FNH:0
FNDA:0,(anonymous_0)
DA:1,1
DA:5,0
DA:6,0
DA:7,0
DA:9,0
DA:14,1
LF:6
LH:2
BRF:0
BRH:0
end_of_record
TN:
SF:controllers\MidtransController.js
FN:13,(anonymous_0)
FN:46,(anonymous_1)
FN:57,(anonymous_2)
FN:68,(anonymous_3)
FN:116,(anonymous_4)
FN:139,(anonymous_5)
FN:152,(anonymous_6)
FN:170,(anonymous_7)
FNF:8
FNH:0
FNDA:0,(anonymous_0)
FNDA:0,(anonymous_1)
FNDA:0,(anonymous_2)
FNDA:0,(anonymous_3)
FNDA:0,(anonymous_4)
FNDA:0,(anonymous_5)
FNDA:0,(anonymous_6)
FNDA:0,(anonymous_7)
DA:1,1
DA:2,1
DA:3,1
DA:4,1
DA:6,1
DA:14,0
DA:15,0
DA:16,0
DA:17,0
DA:19,0
DA:25,0
DA:46,0
DA:47,0
DA:50,0
DA:57,0
DA:59,0
DA:67,0
DA:68,0
DA:69,0
DA:116,0
DA:118,0
DA:127,0
DA:129,0
DA:139,0
DA:141,0
DA:143,0
DA:144,0
DA:146,0
DA:147,0
DA:148,0
DA:153,0
DA:154,0
DA:155,0
DA:157,0
DA:158,0
DA:163,0
DA:164,0
DA:170,0
DA:171,0
DA:177,0
DA:178,0
DA:180,0
DA:182,0
DA:183,0
DA:184,0
DA:185,0
DA:190,0
DA:198,0
DA:200,0
DA:201,0
DA:203,0
DA:204,0
DA:205,0
DA:209,1
LF:54
LH:6
BRDA:184,0,0,0
BRDA:184,0,1,0
BRF:2
BRH:0
end_of_record
TN:
SF:controllers\ProductController.js
FN:13,(anonymous_0)
FN:46,(anonymous_1)
FN:79,(anonymous_2)
FN:97,(anonymous_3)
FN:124,(anonymous_4)
FN:151,(anonymous_5)
FN:190,(anonymous_6)
FN:233,(anonymous_7)
FNF:8
FNH:8
FNDA:3,(anonymous_0)
FNDA:2,(anonymous_1)
FNDA:1,(anonymous_2)
FNDA:3,(anonymous_3)
FNDA:1,(anonymous_4)
FNDA:2,(anonymous_5)
FNDA:1,(anonymous_6)
FNDA:1,(anonymous_7)
DA:9,1
DA:10,1
DA:14,3
DA:15,3
DA:16,3
DA:32,3
DA:33,1
DA:39,3
DA:40,2
DA:42,1
DA:47,2
DA:48,2
DA:49,2
DA:72,2
DA:73,1
DA:75,1
DA:80,1
DA:81,1
DA:82,1
DA:83,1
DA:90,1
DA:92,0
DA:93,0
DA:98,3
DA:99,3
DA:117,3
DA:118,2
DA:120,1
DA:125,1
DA:126,1
DA:127,1
DA:144,1
DA:145,1
DA:147,0
DA:152,2
DA:153,2
DA:167,2
DA:169,2
DA:183,1
DA:185,1
DA:186,1
DA:191,1
DA:192,1
DA:193,1
DA:207,1
DA:208,1
DA:222,1
DA:223,1
DA:227,0
DA:228,0
DA:229,0
DA:234,1
DA:235,1
DA:236,1
DA:237,1
DA:239,0
DA:244,1
LF:57
LH:50
BRDA:32,0,0,1
BRDA:32,0,1,2
BRDA:72,1,0,1
BRDA:72,1,1,1
BRF:4
BRH:4
end_of_record
TN:
SF:controllers\SubCategoryController.js
FN:5,(anonymous_0)
FN:20,(anonymous_1)
FNF:2
FNH:0
FNDA:0,(anonymous_0)
FNDA:0,(anonymous_1)
DA:1,1
DA:2,1
DA:6,0
DA:7,0
DA:13,0
DA:16,0
DA:21,0
DA:22,0
DA:23,0
DA:29,0
DA:32,0
DA:72,1
LF:12
LH:3
BRF:0
BRH:0
end_of_record
TN:
SF:controllers\UserController.js
FN:6,(anonymous_0)
FN:17,(anonymous_1)
FN:33,(anonymous_2)
FN:44,(anonymous_3)
FN:107,(anonymous_4)
FN:122,(anonymous_5)
FNF:6
FNH:0
FNDA:0,(anonymous_0)
FNDA:0,(anonymous_1)
FNDA:0,(anonymous_2)
FNDA:0,(anonymous_3)
FNDA:0,(anonymous_4)
FNDA:0,(anonymous_5)
DA:1,1
DA:2,1
DA:3,1
DA:7,0
DA:8,0
DA:11,0
DA:13,0
DA:18,0
DA:19,0
DA:20,0
DA:26,0
DA:27,0
DA:29,0
DA:34,0
DA:35,0
DA:36,0
DA:37,0
DA:39,0
DA:40,0
DA:45,0
DA:46,0
DA:47,0
DA:48,0
DA:61,0
DA:62,0
DA:71,0
DA:72,0
DA:83,0
DA:90,0
DA:92,0
DA:93,0
DA:95,0
DA:96,0
DA:97,0
DA:103,0
DA:108,0
DA:109,0
DA:110,0
DA:111,0
DA:112,0
DA:113,0
DA:114,0
DA:115,0
DA:116,0
DA:118,0
DA:123,0
DA:124,0
DA:125,0
DA:129,0
DA:131,0
DA:136,1
LF:51
LH:4
BRDA:26,0,0,0
BRDA:26,0,1,0
BRDA:47,1,0,0
BRDA:47,1,1,0
BRDA:47,2,0,0
BRDA:47,2,1,0
BRDA:61,3,0,0
BRDA:61,3,1,0
BRDA:61,4,0,0
BRDA:61,4,1,0
BRDA:71,5,0,0
BRDA:71,5,1,0
BRDA:71,6,0,0
BRDA:71,6,1,0
BRDA:90,7,0,0
BRDA:90,7,1,0
BRDA:93,8,0,0
BRDA:93,8,1,0
BRDA:111,9,0,0
BRDA:111,9,1,0
BRDA:113,10,0,0
BRDA:113,10,1,0
BRF:22
BRH:0
end_of_record
TN:
SF:controllers\auctionController.js
FN:4,(anonymous_0)
FN:17,(anonymous_1)
FN:54,(anonymous_2)
FN:67,(anonymous_3)
FN:80,(anonymous_4)
FN:93,(anonymous_5)
FN:112,(anonymous_6)
FN:131,(anonymous_7)
FNF:8
FNH:0
FNDA:0,(anonymous_0)
FNDA:0,(anonymous_1)
FNDA:0,(anonymous_2)
FNDA:0,(anonymous_3)
FNDA:0,(anonymous_4)
FNDA:0,(anonymous_5)
FNDA:0,(anonymous_6)
FNDA:0,(anonymous_7)
DA:1,1
DA:5,0
DA:6,0
DA:7,0
DA:8,0
DA:9,0
DA:13,0
DA:18,0
DA:19,0
DA:20,0
DA:28,0
DA:29,0
DA:31,0
DA:55,0
DA:56,0
DA:57,0
DA:58,0
DA:59,0
DA:63,0
DA:68,0
DA:69,0
DA:70,0
DA:71,0
DA:72,0
DA:76,0
DA:81,0
DA:82,0
DA:83,0
DA:84,0
DA:85,0
DA:89,0
DA:94,0
DA:95,0
DA:106,0
DA:108,0
DA:113,0
DA:114,0
DA:125,0
DA:127,0
DA:132,0
DA:133,0
DA:144,0
DA:146,0
DA:208,1
LF:44
LH:2
BRDA:28,0,0,0
BRDA:28,0,1,0
BRF:2
BRH:0
end_of_record
TN:
SF:helpers\index.js
FN:3,(anonymous_0)
FN:7,(anonymous_1)
FN:11,(anonymous_2)
FN:15,(anonymous_3)
FN:19,(anonymous_4)
FNF:5
FNH:2
FNDA:0,(anonymous_0)
FNDA:0,(anonymous_1)
FNDA:3,(anonymous_2)
FNDA:6,(anonymous_3)
FNDA:0,(anonymous_4)
DA:1,1
DA:2,1
DA:3,1
DA:4,0
DA:7,1
DA:8,0
DA:11,1
DA:12,3
DA:15,1
DA:16,6
DA:19,1
DA:20,0
DA:31,0
DA:35,0
DA:38,1
LF:15
LH:10
BRF:0
BRH:0
end_of_record
TN:
SF:middlewares\authentication.js
FN:4,(anonymous_0)
FNF:1
FNH:1
FNDA:10,(anonymous_0)
DA:1,1
DA:2,1
DA:4,1
DA:5,10
DA:6,10
DA:7,10
DA:8,6
DA:9,6
DA:10,6
DA:11,6
DA:13,4
LF:11
LH:11
BRDA:7,0,0,4
BRDA:7,0,1,6
BRF:2
BRH:2
end_of_record
TN:
SF:middlewares\authorizationAuction.js
FN:3,(anonymous_0)
FNF:1
FNH:0
FNDA:0,(anonymous_0)
DA:1,1
DA:3,1
DA:4,0
DA:5,0
DA:6,0
DA:7,0
DA:8,0
DA:9,0
DA:10,0
DA:12,0
LF:10
LH:2
BRDA:8,0,0,0
BRDA:8,0,1,0
BRDA:9,1,0,0
BRDA:9,1,1,0
BRF:4
BRH:0
end_of_record
TN:
SF:middlewares\authorizationCart.js
FN:3,(anonymous_0)
FNF:1
FNH:0
FNDA:0,(anonymous_0)
DA:1,1
DA:3,1
DA:4,0
DA:5,0
DA:6,0
DA:7,0
DA:8,0
DA:9,0
DA:10,0
DA:12,0
LF:10
LH:2
BRDA:8,0,0,0
BRDA:8,0,1,0
BRDA:9,1,0,0
BRDA:9,1,1,0
BRF:4
BRH:0
end_of_record
TN:
SF:middlewares\authorizationProduct.js
FN:3,(anonymous_0)
FNF:1
FNH:1
FNDA:3,(anonymous_0)
DA:1,1
DA:3,1
DA:4,3
DA:5,3
DA:6,3
DA:7,3
DA:8,3
DA:9,3
DA:10,2
DA:12,1
LF:10
LH:10
BRDA:8,0,0,0
BRDA:8,0,1,3
BRDA:9,1,0,1
BRDA:9,1,1,2
BRF:4
BRH:3
end_of_record
TN:
SF:middlewares\errorHandler.js
FN:1,(anonymous_0)
FNF:1
FNH:1
FNDA:9,(anonymous_0)
DA:1,1
DA:2,9
DA:3,1
DA:4,8
DA:5,4
DA:6,4
DA:7,0
DA:8,4
DA:9,1
DA:10,3
DA:11,1
DA:13,2
LF:12
LH:11
BRDA:2,0,0,1
BRDA:2,0,1,8
BRDA:2,1,0,9
BRDA:2,1,1,9
BRDA:2,1,2,1
BRDA:2,1,3,1
BRDA:4,2,0,4
BRDA:4,2,1,4
BRDA:6,3,0,0
BRDA:6,3,1,4
BRDA:8,4,0,1
BRDA:8,4,1,3
BRDA:10,5,0,1
BRDA:10,5,1,2
BRF:14
BRH:13
end_of_record
TN:
SF:models\address.js
FN:5,(anonymous_0)
FN:12,(anonymous_1)
FNF:2
FNH:2
FNDA:1,(anonymous_0)
FNDA:1,(anonymous_1)
DA:4,1
DA:5,1
DA:14,1
DA:17,1
DA:104,1
LF:5
LH:5
BRF:0
BRH:0
end_of_record
TN:
SF:models\auction.js
FN:5,(anonymous_0)
FN:12,(anonymous_1)
FNF:2
FNH:2
FNDA:1,(anonymous_0)
FNDA:1,(anonymous_1)
DA:4,1
DA:5,1
DA:14,1
DA:17,1
DA:32,1
LF:5
LH:5
BRF:0
BRH:0
end_of_record
TN:
SF:models\cart.js
FN:5,(anonymous_0)
FN:12,(anonymous_1)
FNF:2
FNH:2
FNDA:1,(anonymous_0)
FNDA:1,(anonymous_1)
DA:4,1
DA:5,1
DA:14,1
DA:15,1
DA:18,1
DA:59,1
LF:6
LH:6
BRF:0
BRH:0
end_of_record
TN:
SF:models\category.js
FN:5,(anonymous_0)
FN:12,(anonymous_1)
FNF:2
FNH:2
FNDA:1,(anonymous_0)
FNDA:1,(anonymous_1)
DA:4,1
DA:5,1
DA:14,1
DA:17,1
DA:30,1
LF:5
LH:5
BRF:0
BRH:0
end_of_record
TN:
SF:models\image.js
FN:5,(anonymous_0)
FN:12,(anonymous_1)
FNF:2
FNH:2
FNDA:1,(anonymous_0)
FNDA:1,(anonymous_1)
DA:4,1
DA:5,1
DA:14,1
DA:17,1
DA:38,1
LF:5
LH:5
BRF:0
BRH:0
end_of_record
TN:
SF:models\index.js
FN:20,(anonymous_0)
FN:23,(anonymous_1)
FN:28,(anonymous_2)
FNF:3
FNH:3
FNDA:11,(anonymous_0)
FNDA:10,(anonymous_1)
FNDA:10,(anonymous_2)
DA:3,1
DA:4,1
DA:5,1
DA:6,1
DA:7,1
DA:8,1
DA:9,1
DA:12,1
DA:13,0
DA:15,1
DA:18,1
DA:21,11
DA:24,10
DA:25,10
DA:28,1
DA:29,10
DA:30,10
DA:34,1
DA:35,1
DA:37,1
LF:20
LH:19
BRDA:7,0,0,1
BRDA:7,0,1,0
BRDA:12,1,0,0
BRDA:12,1,1,1
BRDA:21,2,0,11
BRDA:21,2,1,11
BRDA:21,2,2,10
BRDA:29,3,0,10
BRDA:29,3,1,0
BRF:9
BRH:6
end_of_record
TN:
SF:models\order.js
FN:5,(anonymous_0)
FN:12,(anonymous_1)
FNF:2
FNH:2
FNDA:1,(anonymous_0)
FNDA:1,(anonymous_1)
DA:4,1
DA:5,1
DA:14,1
DA:15,1
DA:18,1
DA:30,1
LF:6
LH:6
BRF:0
BRH:0
end_of_record
TN:
SF:models\orderitem.js
FN:5,(anonymous_0)
FN:12,(anonymous_1)
FNF:2
FNH:2
FNDA:1,(anonymous_0)
FNDA:1,(anonymous_1)
DA:4,1
DA:5,1
DA:14,1
DA:17,1
DA:35,1
LF:5
LH:5
BRF:0
BRH:0
end_of_record
TN:
SF:models\product.js
FN:5,(anonymous_0)
FN:12,(anonymous_1)
FNF:2
FNH:2
FNDA:1,(anonymous_0)
FNDA:1,(anonymous_1)
DA:2,1
DA:3,1
DA:5,1
DA:14,1
DA:15,1
DA:16,1
DA:17,1
DA:20,1
DA:122,1
LF:9
LH:9
BRF:0
BRH:0
end_of_record
TN:
SF:models\subcategory.js
FN:5,(anonymous_0)
FN:12,(anonymous_1)
FNF:2
FNH:2
FNDA:1,(anonymous_0)
FNDA:1,(anonymous_1)
DA:4,1
DA:5,1
DA:14,1
DA:15,1
DA:18,1
DA:39,1
LF:6
LH:6
BRF:0
BRH:0
end_of_record
TN:
SF:models\user.js
FN:5,(anonymous_0)
FN:12,(anonymous_1)
FN:80,(anonymous_2)
FN:88,(anonymous_3)
FNF:4
FNH:2
FNDA:1,(anonymous_0)
FNDA:1,(anonymous_1)
FNDA:0,(anonymous_2)
FNDA:0,(anonymous_3)
DA:2,1
DA:3,1
DA:5,1
DA:14,1
DA:15,1
DA:16,1
DA:17,1
DA:20,1
DA:81,0
DA:82,0
DA:83,0
DA:88,1
DA:89,0
DA:91,1
LF:14
LH:10
BRDA:82,0,0,0
BRDA:82,0,1,0
BRF:2
BRH:0
end_of_record
TN:
SF:routes\address.js
FN:5,(anonymous_0)
FN:15,(anonymous_1)
FN:25,(anonymous_2)
FNF:3
FNH:0
FNDA:0,(anonymous_0)
FNDA:0,(anonymous_1)
FNDA:0,(anonymous_2)
DA:1,1
DA:2,1
DA:3,1
DA:5,1
DA:6,0
DA:7,0
DA:8,0
DA:10,0
DA:11,0
DA:15,1
DA:16,0
DA:17,0
DA:18,0
DA:20,0
DA:21,0
DA:25,1
DA:26,0
DA:27,0
DA:29,0
DA:30,0
DA:32,0
DA:34,0
DA:40,1
LF:23
LH:7
BRF:0
BRH:0
end_of_record
TN:
SF:routes\auction.js
FNF:0
FNH:0
DA:1,1
DA:2,1
DA:3,1
DA:4,1
DA:6,1
DA:7,1
DA:8,1
DA:9,1
DA:10,1
DA:11,1
DA:12,1
DA:13,1
DA:15,1
LF:13
LH:13
BRF:0
BRH:0
end_of_record
TN:
SF:routes\cart.js
FNF:0
FNH:0
DA:1,1
DA:2,1
DA:3,1
DA:4,1
DA:6,1
DA:7,1
DA:8,1
DA:9,1
DA:10,1
DA:12,1
LF:10
LH:10
BRF:0
BRH:0
end_of_record
TN:
SF:routes\category.js
FNF:0
FNH:0
DA:1,1
DA:2,1
DA:4,1
DA:6,1
LF:4
LH:4
BRF:0
BRH:0
end_of_record
TN:
SF:routes\index.js
FNF:0
FNH:0
DA:1,1
DA:2,1
DA:3,1
DA:4,1
DA:5,1
DA:6,1
DA:7,1
DA:8,1
DA:9,1
DA:11,1
DA:12,1
DA:13,1
DA:14,1
DA:15,1
DA:16,1
DA:17,1
DA:18,1
DA:20,1
LF:18
LH:18
BRF:0
BRH:0
end_of_record
TN:
SF:routes\product.js
FNF:0
FNH:0
DA:1,1
DA:2,1
DA:3,1
DA:4,1
DA:5,1
DA:7,1
DA:8,1
DA:9,1
DA:10,1
DA:11,1
DA:12,1
DA:13,1
DA:14,1
DA:16,1
LF:14
LH:14
BRF:0
BRH:0
end_of_record
TN:
SF:routes\subcategory.js
FNF:0
FNH:0
DA:1,1
DA:2,1
DA:4,1
DA:5,1
DA:8,1
LF:5
LH:5
BRF:0
BRH:0
end_of_record
TN:
SF:routes\user.js
FNF:0
FNH:0
DA:1,1
DA:2,1
DA:3,1
DA:4,1
DA:6,1
DA:7,1
DA:8,1
DA:9,1
DA:10,1
DA:11,1
DA:12,1
DA:14,1
LF:12
LH:12
BRF:0
BRH:0
end_of_record
